[2025-11-30 16:00:07] [INFO    ] discord.client: logging in using static token
[2025-11-30 16:00:07] [DEBUG   ] discord.http: GET https://discord.com/api/v10/users/@me with None has returned 200
[2025-11-30 16:00:07] [DEBUG   ] discord.http: GET /users/@me has found its initial rate limit bucket hash (78bb8553d9352a5a2f89f9def401287a).
[2025-11-30 16:00:07] [DEBUG   ] discord.http: GET https://discord.com/api/v10/users/@me has received {'id': '1440635833840439366', 'username': 'test?', 'avatar': None, 'discriminator': '2603', 'public_flags': 0, 'flags': 0, 'bot': True, 'banner': None, 'accent_color': None, 'global_name': None, 'avatar_decoration_data': None, 'collectibles': None, 'display_name_styles': None, 'banner_color': None, 'clan': None, 'primary_guild': None, 'mfa_enabled': False, 'locale': 'en-US', 'premium_type': 0, 'email': None, 'verified': True, 'bio': ''}
[2025-11-30 16:00:08] [DEBUG   ] discord.http: GET https://discord.com/api/v10/oauth2/applications/@me with None has returned 200
[2025-11-30 16:00:08] [DEBUG   ] discord.http: GET /oauth2/applications/@me has found its initial rate limit bucket hash (d28a133af187e91d71d96a223467ce49).
[2025-11-30 16:00:08] [DEBUG   ] discord.http: GET https://discord.com/api/v10/oauth2/applications/@me has received {'id': '1440635833840439366', 'name': 'test?', 'icon': None, 'description': '', 'type': None, 'bot': {'id': '1440635833840439366', 'username': 'test?', 'avatar': None, 'discriminator': '2603', 'public_flags': 0, 'flags': 0, 'bot': True, 'banner': None, 'accent_color': None, 'global_name': None, 'avatar_decoration_data': None, 'collectibles': None, 'display_name_styles': None, 'banner_color': None, 'clan': None, 'primary_guild': None}, 'summary': '', 'is_monetized': False, 'is_verified': False, 'is_discoverable': False, 'bot_public': True, 'bot_require_code_grant': False, 'install_params': {'scopes': ['applications.commands'], 'permissions': '0'}, 'integration_types_config': {'0': {'oauth2_install_params': {'scopes': ['applications.commands'], 'permissions': '0'}}, '1': {'oauth2_install_params': {'scopes': ['applications.commands'], 'permissions': '0'}}}, 'verify_key': 'd250dafcf0847c0b33e6535b1e02b1ad75cb93446d6943c515ab0840e3e7a2d7', 'flags': 557056, 'hook': True, 'storefront_available': False, 'redirect_uris': [], 'interactions_endpoint_url': None, 'role_connections_verification_url': None, 'owner': {'id': '1288620605905834026', 'username': 'eyesbot', 'avatar': '6726c8c8cf5ca85d7974a47ae105b9fb', 'discriminator': '0', 'public_flags': 0, 'flags': 0, 'banner': None, 'accent_color': None, 'global_name': None, 'avatar_decoration_data': None, 'collectibles': None, 'display_name_styles': None, 'banner_color': None, 'clan': None, 'primary_guild': None}, 'approximate_guild_count': 1, 'approximate_user_install_count': 0, 'approximate_user_authorization_count': 0, 'interactions_event_types': [], 'interactions_version': 1, 'explicit_content_filter': 0, 'rpc_application_state': 0, 'store_application_state': 1, 'verification_state': 1, 'integration_public': True, 'integration_require_code_grant': False, 'discoverability_state': 1, 'discovery_eligibility_flags': 224, 'monetization_state': 1, 'verification_eligibility_flags': 91036, 'monetization_eligibility_flags': 181988, 'bot_approximate_guild_count': 1, 'team': None, 'internal_guild_restriction': 2, 'approved_consoles': [], 'pricing_localization_strategy': 'localized_price_sets'}
[2025-11-30 16:00:08] [DEBUG   ] discord.gateway: Created websocket connected to wss://gateway.discord.gg/
[2025-11-30 16:00:08] [DEBUG   ] discord.gateway: For Shard ID None: WebSocket Event: {'t': None, 's': None, 'op': 10, 'd': {'heartbeat_interval': 41250, '_trace': ['["gateway-prd-arm-us-east1-d-0h13",{"micros":0.0}]']}}
[2025-11-30 16:00:08] [DEBUG   ] discord.gateway: Shard ID None has sent the IDENTIFY payload.
[2025-11-30 16:00:08] [DEBUG   ] discord.gateway: For Shard ID None: WebSocket Event: {'t': None, 's': None, 'op': 11, 'd': None}
[2025-11-30 16:00:08] [DEBUG   ] discord.gateway: For Shard ID None: WebSocket Event: {'t': 'READY', 's': 1, 'op': 0, 'd': {'v': 10, 'user_settings': {}, 'user': {'verified': True, 'username': 'test?', 'primary_guild': None, 'mfa_enabled': False, 'id': '1440635833840439366', 'global_name': None, 'flags': 0, 'email': None, 'discriminator': '2603', 'clan': None, 'bot': True, 'avatar': None}, 'session_type': 'normal', 'session_id': 'f5c08562c9be3ef602b279a0c94b843e', 'resume_gateway_url': 'wss://gateway-us-east1-d.discord.gg', 'relationships': [], 'private_channels': [], 'presences': [], 'guilds': [{'unavailable': True, 'id': '1440473314987610134'}], 'guild_join_requests': [], 'geo_ordered_rtc_regions': ['london', 'rotterdam', 'paris', 'frankfurt', 'milan'], 'game_relationships': [], 'auth': {}, 'application': {'id': '1440635833840439366', 'flags': 557056}, '_trace': ['["gateway-prd-arm-us-east1-d-0h13",{"micros":151616,"calls":["id_created",{"micros":688,"calls":[]},"session_lookup_time",{"micros":2862,"calls":[]},"session_lookup_finished",{"micros":10,"calls":[]},"discord-sessions-prd-2-195",{"micros":146825,"calls":["start_session",{"micros":128341,"calls":["discord-api-rpc-55ddb4c47b-4nmqb",{"micros":55403,"calls":["get_user",{"micros":7112},"get_guilds",{"micros":4930},"send_scheduled_deletion_message",{"micros":16},"guild_join_requests",{"micros":3},"authorized_ip_coro",{"micros":14},"pending_payments",{"micros":58696},"apex_experiments",{"micros":6439},"user_activities",{"micros":6},"played_application_ids",{"micros":4},"linked_users",{"micros":3}]}]},"starting_guild_connect",{"micros":41,"calls":[]},"presence_started",{"micros":215,"calls":[]},"guilds_started",{"micros":115,"calls":[]},"lobbies_started",{"micros":1,"calls":[]},"guilds_connect",{"micros":1,"calls":[]},"presence_connect",{"micros":18084,"calls":[]},"connect_finished",{"micros":18093,"calls":[]},"build_ready",{"micros":16,"calls":[]},"clean_ready",{"micros":1,"calls":[]},"optimize_ready",{"micros":0,"calls":[]},"split_ready",{"micros":0,"calls":[]}]}]}]']}}
[2025-11-30 16:00:08] [DEBUG   ] discord.client: Dispatching event socket_event_type
[2025-11-30 16:00:08] [INFO    ] discord.gateway: Shard ID None has connected to Gateway (Session ID: f5c08562c9be3ef602b279a0c94b843e).
[2025-11-30 16:00:08] [DEBUG   ] discord.client: Dispatching event connect
[2025-11-30 16:00:08] [DEBUG   ] discord.gateway: For Shard ID None: WebSocket Event: {'t': 'GUILD_CREATE', 's': 2, 'op': 0, 'd': {'soundboard_sounds': [], 'members': [{'user': {'username': 'test?', 'public_flags': 0, 'primary_guild': None, 'id': '1440635833840439366', 'global_name': None, 'display_name_styles': None, 'display_name': None, 'discriminator': '2603', 'collectibles': None, 'bot': True, 'avatar_decoration_data': None, 'avatar': None}, 'roles': ['1440637184242749464'], 'premium_since': None, 'pending': False, 'nick': None, 'mute': False, 'joined_at': '2025-11-19T09:37:50.583000+00:00', 'flags': 0, 'deaf': False, 'communication_disabled_until': None, 'banner': None, 'avatar': None}], 'afk_channel_id': None, 'owner_id': '1288620605905834026', 'safety_alerts_channel_id': None, 'unavailable': False, 'vanity_url_code': None, 'voice_states': [], 'profile': None, 'latest_onboarding_question_id': None, 'moderator_reporting': None, 'system_channel_flags': 0, 'embedded_activities': [], 'explicit_content_filter': 0, 'max_members': 25000000, 'id': '1440473314987610134', 'presences': [], 'owner_configured_content_level': 0, 'name': "eyesbot's server", 'activity_instances': [], 'splash': None, 'hub_type': None, 'joined_at': '2025-11-19T09:37:50.583000+00:00', 'public_updates_channel_id': None, 'application_id': None, 'rules_channel_id': None, 'home_header': None, 'verification_level': 0, 'threads': [], 'icon': None, 'channels': [{'version': 1763506001149, 'type': 4, 'position': 0, 'permission_overwrites': [], 'name': 'Text channels', 'id': '1440473315608363058', 'flags': 0}, {'version': 1763506001153, 'type': 4, 'position': 0, 'permission_overwrites': [], 'name': 'Voice channels', 'id': '1440473315608363059', 'flags': 0}, {'version': 1763506001160, 'type': 0, 'topic': None, 'rate_limit_per_user': 0, 'position': 0, 'permission_overwrites': [], 'parent_id': '1440473315608363058', 'name': 'general', 'last_message_id': '1444719236277862561', 'id': '1440473315608363060', 'icon_emoji': {'name': 'ðŸ‘‹', 'id': None}, 'flags': 0}, {'version': 1763506001168, 'user_limit': 0, 'type': 2, 'rtc_region': None, 'rate_limit_per_user': 0, 'position': 0, 'permission_overwrites': [], 'parent_id': '1440473315608363059', 'name': 'General', 'last_message_id': None, 'id': '1440473315608363061', 'icon_emoji': {'name': 'ðŸŽ™', 'id': None}, 'flags': 0, 'bitrate': 64000}], 'inventory_settings': None, 'emojis': [], 'large': False, 'afk_timeout': 300, 'description': None, 'premium_features': None, 'nsfw_level': 0, 'discovery_splash': None, 'roles': [{'version': 1763506001136, 'unicode_emoji': None, 'tags': {}, 'position': 0, 'permissions': '2248473465835073', 'name': '@everyone', 'mentionable': False, 'managed': False, 'id': '1440473314987610134', 'icon': None, 'hoist': False, 'flags': 0, 'colors': {'tertiary_color': None, 'secondary_color': None, 'primary_color': 0}, 'color': 0}, {'version': 1763545070554, 'unicode_emoji': None, 'tags': {'bot_id': '1440635833840439366'}, 'position': 1, 'permissions': '395137379392', 'name': 'test?', 'mentionable': False, 'managed': True, 'id': '1440637184242749464', 'icon': None, 'hoist': False, 'flags': 0, 'colors': {'tertiary_color': None, 'secondary_color': None, 'primary_color': 0}, 'color': 0}], 'default_message_notifications': 0, 'region': 'deprecated', 'guild_scheduled_events': [], 'nsfw': False, 'mfa_level': 0, 'application_command_counts': {}, 'system_channel_id': '1440473315608363060', 'banner': None, 'max_stage_video_channel_users': 50, 'stickers': [], 'lazy': True, 'max_video_channel_users': 25, 'incidents_data': None, 'premium_progress_bar_enabled': False, 'version': 1763506001172, 'preferred_locale': 'en-US', 'premium_subscription_count': 0, 'features': [], 'stage_instances': [], 'premium_tier': 0, 'member_count': 2}}
[2025-11-30 16:00:08] [DEBUG   ] discord.client: Dispatching event socket_event_type
[2025-11-30 16:00:08] [DEBUG   ] discord.gateway: For Shard ID None: WebSocket Event: {'t': 'GUILD_MEMBERS_CHUNK', 's': 3, 'op': 0, 'd': {'nonce': 'd2619ffe39a476059b8f6d829f80f687', 'members': [{'user': {'username': 'eyesbot', 'public_flags': 0, 'primary_guild': None, 'id': '1288620605905834026', 'global_name': None, 'display_name_styles': None, 'display_name': None, 'discriminator': '0', 'collectibles': None, 'bot': False, 'avatar_decoration_data': None, 'avatar': '6726c8c8cf5ca85d7974a47ae105b9fb'}, 'roles': [], 'premium_since': None, 'pending': False, 'nick': None, 'mute': False, 'joined_at': '2025-11-18T22:46:41.081000+00:00', 'flags': 0, 'deaf': False, 'communication_disabled_until': None, 'banner': None, 'avatar': None}, {'user': {'username': 'test?', 'public_flags': 0, 'primary_guild': None, 'id': '1440635833840439366', 'global_name': None, 'display_name_styles': None, 'display_name': None, 'discriminator': '2603', 'collectibles': None, 'bot': True, 'avatar_decoration_data': None, 'avatar': None}, 'roles': ['1440637184242749464'], 'premium_since': None, 'pending': False, 'nick': None, 'mute': False, 'joined_at': '2025-11-19T09:37:50.583000+00:00', 'flags': 0, 'deaf': False, 'communication_disabled_until': None, 'banner': None, 'avatar': None}], 'guild_id': '1440473314987610134', 'chunk_index': 0, 'chunk_count': 1}}
[2025-11-30 16:00:08] [DEBUG   ] discord.client: Dispatching event socket_event_type
[2025-11-30 16:00:08] [DEBUG   ] discord.state: Processed a chunk for 2 members in guild ID 1440473314987610134.
[2025-11-30 16:00:10] [DEBUG   ] discord.client: Dispatching event guild_available
[2025-11-30 16:00:10] [DEBUG   ] discord.client: Dispatching event ready
[2025-11-30 16:00:25] [DEBUG   ] discord.gateway: For Shard ID None: WebSocket Event: {'t': 'MESSAGE_CREATE', 's': 4, 'op': 0, 'd': {'type': 0, 'tts': False, 'timestamp': '2025-11-30T16:00:26.243000+00:00', 'pinned': False, 'nonce': '1444719730693767168', 'mentions': [], 'mention_roles': [], 'mention_everyone': False, 'member': {'roles': [], 'premium_since': None, 'pending': False, 'nick': None, 'mute': False, 'joined_at': '2025-11-18T22:46:41.081000+00:00', 'flags': 0, 'deaf': False, 'communication_disabled_until': None, 'banner': None, 'avatar': None}, 'id': '1444719734263251055', 'flags': 0, 'embeds': [], 'edited_timestamp': None, 'content': '!stockticker addTicker AAPL NVDA', 'components': [], 'channel_type': 0, 'channel_id': '1440473315608363060', 'author': {'username': 'eyesbot', 'public_flags': 0, 'primary_guild': None, 'id': '1288620605905834026', 'global_name': None, 'display_name_styles': None, 'discriminator': '0', 'collectibles': None, 'clan': None, 'avatar_decoration_data': None, 'avatar': '6726c8c8cf5ca85d7974a47ae105b9fb'}, 'attachments': [], 'guild_id': '1440473314987610134'}}
[2025-11-30 16:00:25] [DEBUG   ] discord.client: Dispatching event socket_event_type
[2025-11-30 16:00:25] [DEBUG   ] discord.client: Dispatching event message
[2025-11-30 16:00:25] [DEBUG   ] discord.client: Dispatching event command
[2025-11-30 16:00:25] [DEBUG   ] discord.gateway: For Shard ID None: WebSocket Event: {'t': 'MESSAGE_CREATE', 's': 5, 'op': 0, 'd': {'type': 0, 'tts': False, 'timestamp': '2025-11-30T16:00:26.512000+00:00', 'pinned': False, 'nonce': '839276826895820652', 'mentions': [], 'mention_roles': [], 'mention_everyone': False, 'member': {'roles': ['1440637184242749464'], 'premium_since': None, 'pending': False, 'nick': None, 'mute': False, 'joined_at': '2025-11-19T09:37:50.583000+00:00', 'flags': 0, 'deaf': False, 'communication_disabled_until': None, 'banner': None, 'avatar': None}, 'id': '1444719735391391844', 'flags': 0, 'embeds': [], 'edited_timestamp': None, 'content': 'Adding tickers: AAPL, NVDA', 'components': [], 'channel_type': 0, 'channel_id': '1440473315608363060', 'author': {'username': 'test?', 'public_flags': 0, 'primary_guild': None, 'id': '1440635833840439366', 'global_name': None, 'display_name_styles': None, 'discriminator': '2603', 'collectibles': None, 'clan': None, 'bot': True, 'avatar_decoration_data': None, 'avatar': None}, 'attachments': [], 'guild_id': '1440473314987610134'}}
[2025-11-30 16:00:25] [DEBUG   ] discord.client: Dispatching event socket_event_type
[2025-11-30 16:00:25] [DEBUG   ] discord.client: Dispatching event message
[2025-11-30 16:00:25] [DEBUG   ] discord.http: POST https://discord.com/api/v10/channels/1440473315608363060/messages with {"content":"Adding tickers: AAPL, NVDA","components":[],"nonce":"839276826895820652","enforce_nonce":true,"tts":false} has returned 200
[2025-11-30 16:00:25] [DEBUG   ] discord.http: POST /channels/{channel_id}/messages has found its initial rate limit bucket hash (3df15bae86f6647dd4dfcbd5c6949480).
[2025-11-30 16:00:25] [DEBUG   ] discord.http: POST https://discord.com/api/v10/channels/1440473315608363060/messages has received {'type': 0, 'content': 'Adding tickers: AAPL, NVDA', 'mentions': [], 'mention_roles': [], 'attachments': [], 'embeds': [], 'timestamp': '2025-11-30T16:00:26.512000+00:00', 'edited_timestamp': None, 'flags': 0, 'components': [], 'id': '1444719735391391844', 'channel_id': '1440473315608363060', 'author': {'id': '1440635833840439366', 'username': 'test?', 'avatar': None, 'discriminator': '2603', 'public_flags': 0, 'flags': 0, 'bot': True, 'banner': None, 'accent_color': None, 'global_name': None, 'avatar_decoration_data': None, 'collectibles': None, 'display_name_styles': None, 'banner_color': None, 'clan': None, 'primary_guild': None}, 'pinned': False, 'mention_everyone': False, 'tts': False, 'nonce': '839276826895820652'}
[2025-11-30 16:00:25] [DEBUG   ] discord.client: Dispatching event command_completion
[2025-11-30 16:00:30] [DEBUG   ] discord.gateway: For Shard ID None: WebSocket Event: {'t': 'MESSAGE_CREATE', 's': 6, 'op': 0, 'd': {'type': 0, 'tts': False, 'timestamp': '2025-11-30T16:00:31.135000+00:00', 'pinned': False, 'nonce': '1444719750885146624', 'mentions': [], 'mention_roles': [], 'mention_everyone': False, 'member': {'roles': [], 'premium_since': None, 'pending': False, 'nick': None, 'mute': False, 'joined_at': '2025-11-18T22:46:41.081000+00:00', 'flags': 0, 'deaf': False, 'communication_disabled_until': None, 'banner': None, 'avatar': None}, 'id': '1444719754781786274', 'flags': 0, 'embeds': [], 'edited_timestamp': None, 'content': '!stockticker removeTicker AAPL', 'components': [], 'channel_type': 0, 'channel_id': '1440473315608363060', 'author': {'username': 'eyesbot', 'public_flags': 0, 'primary_guild': None, 'id': '1288620605905834026', 'global_name': None, 'display_name_styles': None, 'discriminator': '0', 'collectibles': None, 'clan': None, 'avatar_decoration_data': None, 'avatar': '6726c8c8cf5ca85d7974a47ae105b9fb'}, 'attachments': [], 'guild_id': '1440473314987610134'}}
[2025-11-30 16:00:30] [DEBUG   ] discord.client: Dispatching event socket_event_type
[2025-11-30 16:00:30] [DEBUG   ] discord.client: Dispatching event message
[2025-11-30 16:00:30] [DEBUG   ] discord.client: Dispatching event command
[2025-11-30 16:00:30] [DEBUG   ] discord.gateway: For Shard ID None: WebSocket Event: {'t': 'MESSAGE_CREATE', 's': 7, 'op': 0, 'd': {'type': 0, 'tts': False, 'timestamp': '2025-11-30T16:00:31.382000+00:00', 'pinned': False, 'nonce': '18244645561375640820', 'mentions': [], 'mention_roles': [], 'mention_everyone': False, 'member': {'roles': ['1440637184242749464'], 'premium_since': None, 'pending': False, 'nick': None, 'mute': False, 'joined_at': '2025-11-19T09:37:50.583000+00:00', 'flags': 0, 'deaf': False, 'communication_disabled_until': None, 'banner': None, 'avatar': None}, 'id': '1444719755817648210', 'flags': 0, 'embeds': [], 'edited_timestamp': None, 'content': 'Removing Tickers: AAPL', 'components': [], 'channel_type': 0, 'channel_id': '1440473315608363060', 'author': {'username': 'test?', 'public_flags': 0, 'primary_guild': None, 'id': '1440635833840439366', 'global_name': None, 'display_name_styles': None, 'discriminator': '2603', 'collectibles': None, 'clan': None, 'bot': True, 'avatar_decoration_data': None, 'avatar': None}, 'attachments': [], 'guild_id': '1440473314987610134'}}
[2025-11-30 16:00:30] [DEBUG   ] discord.client: Dispatching event socket_event_type
[2025-11-30 16:00:30] [DEBUG   ] discord.client: Dispatching event message
[2025-11-30 16:00:31] [DEBUG   ] discord.http: POST https://discord.com/api/v10/channels/1440473315608363060/messages with {"content":"Removing Tickers: AAPL","components":[],"nonce":"18244645561375640820","enforce_nonce":true,"tts":false} has returned 200
[2025-11-30 16:00:31] [DEBUG   ] discord.http: POST https://discord.com/api/v10/channels/1440473315608363060/messages has received {'type': 0, 'content': 'Removing Tickers: AAPL', 'mentions': [], 'mention_roles': [], 'attachments': [], 'embeds': [], 'timestamp': '2025-11-30T16:00:31.382000+00:00', 'edited_timestamp': None, 'flags': 0, 'components': [], 'id': '1444719755817648210', 'channel_id': '1440473315608363060', 'author': {'id': '1440635833840439366', 'username': 'test?', 'avatar': None, 'discriminator': '2603', 'public_flags': 0, 'flags': 0, 'bot': True, 'banner': None, 'accent_color': None, 'global_name': None, 'avatar_decoration_data': None, 'collectibles': None, 'display_name_styles': None, 'banner_color': None, 'clan': None, 'primary_guild': None}, 'pinned': False, 'mention_everyone': False, 'tts': False, 'nonce': '18244645561375640820'}
[2025-11-30 16:00:31] [DEBUG   ] discord.client: Dispatching event command_completion
[2025-11-30 16:00:36] [DEBUG   ] discord.gateway: For Shard ID None: WebSocket Event: {'t': 'TYPING_START', 's': 8, 'op': 0, 'd': {'user_id': '1288620605905834026', 'timestamp': 1764518436, 'member': {'user': {'username': 'eyesbot', 'public_flags': 0, 'primary_guild': None, 'id': '1288620605905834026', 'global_name': None, 'display_name_styles': None, 'display_name': None, 'discriminator': '0', 'collectibles': None, 'bot': False, 'avatar_decoration_data': None, 'avatar': '6726c8c8cf5ca85d7974a47ae105b9fb'}, 'roles': [], 'premium_since': None, 'pending': False, 'nick': None, 'mute': False, 'joined_at': '2025-11-18T22:46:41.081000+00:00', 'flags': 0, 'deaf': False, 'communication_disabled_until': None, 'banner': None, 'avatar': None}, 'channel_id': '1440473315608363060', 'guild_id': '1440473314987610134'}}
[2025-11-30 16:00:36] [DEBUG   ] discord.client: Dispatching event socket_event_type
[2025-11-30 16:00:36] [DEBUG   ] discord.client: Dispatching event typing
[2025-11-30 16:00:36] [DEBUG   ] discord.client: Dispatching event raw_typing
[2025-11-30 16:00:43] [DEBUG   ] discord.gateway: For Shard ID None: WebSocket Event: {'t': 'MESSAGE_CREATE', 's': 9, 'op': 0, 'd': {'type': 0, 'tts': False, 'timestamp': '2025-11-30T16:00:44.171000+00:00', 'pinned': False, 'nonce': '1444719806417731584', 'mentions': [], 'mention_roles': [], 'mention_everyone': False, 'member': {'roles': [], 'premium_since': None, 'pending': False, 'nick': None, 'mute': False, 'joined_at': '2025-11-18T22:46:41.081000+00:00', 'flags': 0, 'deaf': False, 'communication_disabled_until': None, 'banner': None, 'avatar': None}, 'id': '1444719809458733107', 'flags': 0, 'embeds': [], 'edited_timestamp': None, 'content': '!stockticker getTicker', 'components': [], 'channel_type': 0, 'channel_id': '1440473315608363060', 'author': {'username': 'eyesbot', 'public_flags': 0, 'primary_guild': None, 'id': '1288620605905834026', 'global_name': None, 'display_name_styles': None, 'discriminator': '0', 'collectibles': None, 'clan': None, 'avatar_decoration_data': None, 'avatar': '6726c8c8cf5ca85d7974a47ae105b9fb'}, 'attachments': [], 'guild_id': '1440473314987610134'}}
[2025-11-30 16:00:43] [DEBUG   ] discord.client: Dispatching event socket_event_type
[2025-11-30 16:00:43] [DEBUG   ] discord.client: Dispatching event message
[2025-11-30 16:00:43] [DEBUG   ] discord.client: Dispatching event command
[2025-11-30 16:00:43] [DEBUG   ] discord.gateway: For Shard ID None: WebSocket Event: {'t': 'MESSAGE_CREATE', 's': 10, 'op': 0, 'd': {'type': 0, 'tts': False, 'timestamp': '2025-11-30T16:00:44.487000+00:00', 'pinned': False, 'nonce': '886275707165106517', 'mentions': [], 'mention_roles': [], 'mention_everyone': False, 'member': {'roles': ['1440637184242749464'], 'premium_since': None, 'pending': False, 'nick': None, 'mute': False, 'joined_at': '2025-11-19T09:37:50.583000+00:00', 'flags': 0, 'deaf': False, 'communication_disabled_until': None, 'banner': None, 'avatar': None}, 'id': '1444719810784137357', 'flags': 0, 'embeds': [], 'edited_timestamp': None, 'content': "{'NVDA'}", 'components': [], 'channel_type': 0, 'channel_id': '1440473315608363060', 'author': {'username': 'test?', 'public_flags': 0, 'primary_guild': None, 'id': '1440635833840439366', 'global_name': None, 'display_name_styles': None, 'discriminator': '2603', 'collectibles': None, 'clan': None, 'bot': True, 'avatar_decoration_data': None, 'avatar': None}, 'attachments': [], 'guild_id': '1440473314987610134'}}
[2025-11-30 16:00:43] [DEBUG   ] discord.client: Dispatching event socket_event_type
[2025-11-30 16:00:43] [DEBUG   ] discord.client: Dispatching event message
[2025-11-30 16:00:43] [DEBUG   ] discord.http: POST https://discord.com/api/v10/channels/1440473315608363060/messages with {"content":"{'NVDA'}","components":[],"nonce":"886275707165106517","enforce_nonce":true,"tts":false} has returned 200
[2025-11-30 16:00:43] [DEBUG   ] discord.http: POST https://discord.com/api/v10/channels/1440473315608363060/messages has received {'type': 0, 'content': "{'NVDA'}", 'mentions': [], 'mention_roles': [], 'attachments': [], 'embeds': [], 'timestamp': '2025-11-30T16:00:44.487000+00:00', 'edited_timestamp': None, 'flags': 0, 'components': [], 'id': '1444719810784137357', 'channel_id': '1440473315608363060', 'author': {'id': '1440635833840439366', 'username': 'test?', 'avatar': None, 'discriminator': '2603', 'public_flags': 0, 'flags': 0, 'bot': True, 'banner': None, 'accent_color': None, 'global_name': None, 'avatar_decoration_data': None, 'collectibles': None, 'display_name_styles': None, 'banner_color': None, 'clan': None, 'primary_guild': None}, 'pinned': False, 'mention_everyone': False, 'tts': False, 'nonce': '886275707165106517'}
[2025-11-30 16:00:43] [DEBUG   ] discord.client: Dispatching event command_completion
[2025-11-30 16:00:49] [DEBUG   ] discord.gateway: Keeping shard ID None websocket alive with sequence 10.
[2025-11-30 16:00:49] [DEBUG   ] discord.gateway: For Shard ID None: WebSocket Event: {'t': None, 's': None, 'op': 11, 'd': None}
[2025-11-30 16:01:30] [DEBUG   ] discord.gateway: Keeping shard ID None websocket alive with sequence 10.
[2025-11-30 16:01:31] [DEBUG   ] discord.gateway: For Shard ID None: WebSocket Event: {'t': None, 's': None, 'op': 11, 'd': None}
[2025-11-30 16:02:12] [DEBUG   ] discord.gateway: Keeping shard ID None websocket alive with sequence 10.
[2025-11-30 16:02:12] [DEBUG   ] discord.gateway: For Shard ID None: WebSocket Event: {'t': None, 's': None, 'op': 11, 'd': None}
[2025-11-30 16:02:53] [DEBUG   ] discord.gateway: Keeping shard ID None websocket alive with sequence 10.
[2025-11-30 16:02:53] [DEBUG   ] discord.gateway: For Shard ID None: WebSocket Event: {'t': None, 's': None, 'op': 11, 'd': None}
[2025-11-30 16:03:34] [DEBUG   ] discord.gateway: Keeping shard ID None websocket alive with sequence 10.
[2025-11-30 16:03:34] [DEBUG   ] discord.gateway: For Shard ID None: WebSocket Event: {'t': None, 's': None, 'op': 11, 'd': None}
[2025-11-30 16:04:15] [DEBUG   ] discord.gateway: Keeping shard ID None websocket alive with sequence 10.
[2025-11-30 16:04:16] [DEBUG   ] discord.gateway: For Shard ID None: WebSocket Event: {'t': None, 's': None, 'op': 11, 'd': None}
[2025-11-30 16:04:57] [DEBUG   ] discord.gateway: Keeping shard ID None websocket alive with sequence 10.
[2025-11-30 16:04:57] [DEBUG   ] discord.gateway: For Shard ID None: WebSocket Event: {'t': None, 's': None, 'op': 11, 'd': None}
[2025-11-30 16:05:38] [DEBUG   ] discord.gateway: Keeping shard ID None websocket alive with sequence 10.
[2025-11-30 16:05:38] [DEBUG   ] discord.gateway: For Shard ID None: WebSocket Event: {'t': None, 's': None, 'op': 11, 'd': None}
[2025-11-30 16:06:19] [DEBUG   ] discord.gateway: Keeping shard ID None websocket alive with sequence 10.
[2025-11-30 16:06:19] [DEBUG   ] discord.gateway: For Shard ID None: WebSocket Event: {'t': None, 's': None, 'op': 11, 'd': None}
[2025-11-30 16:07:00] [DEBUG   ] discord.gateway: Keeping shard ID None websocket alive with sequence 10.
[2025-11-30 16:07:01] [DEBUG   ] discord.gateway: For Shard ID None: WebSocket Event: {'t': None, 's': None, 'op': 11, 'd': None}
[2025-11-30 16:07:42] [DEBUG   ] discord.gateway: Keeping shard ID None websocket alive with sequence 10.
[2025-11-30 16:07:42] [DEBUG   ] discord.gateway: For Shard ID None: WebSocket Event: {'t': None, 's': None, 'op': 11, 'd': None}
[2025-11-30 16:08:23] [DEBUG   ] discord.gateway: Keeping shard ID None websocket alive with sequence 10.
[2025-11-30 16:08:23] [DEBUG   ] discord.gateway: For Shard ID None: WebSocket Event: {'t': None, 's': None, 'op': 11, 'd': None}
[2025-11-30 16:09:04] [DEBUG   ] discord.gateway: Keeping shard ID None websocket alive with sequence 10.
[2025-11-30 16:09:04] [DEBUG   ] discord.gateway: For Shard ID None: WebSocket Event: {'t': None, 's': None, 'op': 11, 'd': None}
[2025-11-30 16:09:45] [DEBUG   ] discord.gateway: Keeping shard ID None websocket alive with sequence 10.
[2025-11-30 16:09:46] [DEBUG   ] discord.gateway: For Shard ID None: WebSocket Event: {'t': None, 's': None, 'op': 11, 'd': None}
[2025-11-30 16:10:27] [DEBUG   ] discord.gateway: Keeping shard ID None websocket alive with sequence 10.
[2025-11-30 16:10:27] [DEBUG   ] discord.gateway: For Shard ID None: WebSocket Event: {'t': None, 's': None, 'op': 11, 'd': None}
[2025-11-30 16:11:08] [DEBUG   ] discord.gateway: Keeping shard ID None websocket alive with sequence 10.
[2025-11-30 16:11:08] [DEBUG   ] discord.gateway: For Shard ID None: WebSocket Event: {'t': None, 's': None, 'op': 11, 'd': None}
[2025-11-30 16:11:49] [DEBUG   ] discord.gateway: Keeping shard ID None websocket alive with sequence 10.
[2025-11-30 16:11:49] [DEBUG   ] discord.gateway: For Shard ID None: WebSocket Event: {'t': None, 's': None, 'op': 11, 'd': None}
[2025-11-30 16:12:31] [DEBUG   ] discord.gateway: Keeping shard ID None websocket alive with sequence 10.
[2025-11-30 16:12:31] [DEBUG   ] discord.gateway: For Shard ID None: WebSocket Event: {'t': None, 's': None, 'op': 11, 'd': None}
[2025-11-30 16:13:12] [DEBUG   ] discord.gateway: Keeping shard ID None websocket alive with sequence 10.
[2025-11-30 16:13:12] [DEBUG   ] discord.gateway: For Shard ID None: WebSocket Event: {'t': None, 's': None, 'op': 11, 'd': None}
[2025-11-30 16:13:53] [DEBUG   ] discord.gateway: Keeping shard ID None websocket alive with sequence 10.
[2025-11-30 16:13:53] [DEBUG   ] discord.gateway: For Shard ID None: WebSocket Event: {'t': None, 's': None, 'op': 11, 'd': None}
[2025-11-30 16:14:34] [DEBUG   ] discord.gateway: Keeping shard ID None websocket alive with sequence 10.
[2025-11-30 16:14:34] [DEBUG   ] discord.gateway: For Shard ID None: WebSocket Event: {'t': None, 's': None, 'op': 11, 'd': None}
[2025-11-30 16:15:16] [DEBUG   ] discord.gateway: Keeping shard ID None websocket alive with sequence 10.
[2025-11-30 16:15:16] [DEBUG   ] discord.gateway: For Shard ID None: WebSocket Event: {'t': None, 's': None, 'op': 11, 'd': None}
[2025-11-30 16:15:57] [DEBUG   ] discord.gateway: Keeping shard ID None websocket alive with sequence 10.
[2025-11-30 16:15:57] [DEBUG   ] discord.gateway: For Shard ID None: WebSocket Event: {'t': None, 's': None, 'op': 11, 'd': None}
[2025-11-30 16:16:38] [DEBUG   ] discord.gateway: Keeping shard ID None websocket alive with sequence 10.
[2025-11-30 16:16:38] [DEBUG   ] discord.gateway: For Shard ID None: WebSocket Event: {'t': None, 's': None, 'op': 11, 'd': None}
[2025-11-30 16:17:19] [DEBUG   ] discord.gateway: Keeping shard ID None websocket alive with sequence 10.
[2025-11-30 16:17:19] [DEBUG   ] discord.gateway: For Shard ID None: WebSocket Event: {'t': None, 's': None, 'op': 11, 'd': None}
[2025-11-30 16:18:01] [DEBUG   ] discord.gateway: Keeping shard ID None websocket alive with sequence 10.
[2025-11-30 16:18:01] [DEBUG   ] discord.gateway: For Shard ID None: WebSocket Event: {'t': None, 's': None, 'op': 11, 'd': None}
[2025-11-30 16:18:42] [DEBUG   ] discord.gateway: Keeping shard ID None websocket alive with sequence 10.
[2025-11-30 16:18:42] [DEBUG   ] discord.gateway: For Shard ID None: WebSocket Event: {'t': None, 's': None, 'op': 11, 'd': None}
[2025-11-30 16:19:23] [DEBUG   ] discord.gateway: Keeping shard ID None websocket alive with sequence 10.
[2025-11-30 16:19:23] [DEBUG   ] discord.gateway: For Shard ID None: WebSocket Event: {'t': None, 's': None, 'op': 11, 'd': None}
[2025-11-30 16:20:04] [DEBUG   ] discord.gateway: Keeping shard ID None websocket alive with sequence 10.
[2025-11-30 16:20:05] [DEBUG   ] discord.gateway: For Shard ID None: WebSocket Event: {'t': None, 's': None, 'op': 11, 'd': None}
[2025-11-30 16:20:46] [DEBUG   ] discord.gateway: Keeping shard ID None websocket alive with sequence 10.
[2025-11-30 16:20:46] [DEBUG   ] discord.gateway: For Shard ID None: WebSocket Event: {'t': None, 's': None, 'op': 11, 'd': None}
[2025-11-30 16:21:27] [DEBUG   ] discord.gateway: Keeping shard ID None websocket alive with sequence 10.
[2025-11-30 16:21:27] [DEBUG   ] discord.gateway: For Shard ID None: WebSocket Event: {'t': None, 's': None, 'op': 11, 'd': None}
[2025-11-30 16:22:08] [DEBUG   ] discord.gateway: Keeping shard ID None websocket alive with sequence 10.
[2025-11-30 16:22:08] [DEBUG   ] discord.gateway: For Shard ID None: WebSocket Event: {'t': None, 's': None, 'op': 11, 'd': None}
[2025-11-30 16:22:16] [DEBUG   ] discord.gateway: For Shard ID None: WebSocket Event: {'t': None, 's': None, 'op': 7, 'd': None}
[2025-11-30 16:22:16] [DEBUG   ] discord.gateway: Received RECONNECT opcode.
[2025-11-30 16:22:16] [DEBUG   ] discord.client: Got a request to RESUME the websocket.
[2025-11-30 16:22:16] [DEBUG   ] discord.client: Dispatching event disconnect
[2025-11-30 16:22:16] [DEBUG   ] discord.gateway: Created websocket connected to wss://gateway-us-east1-d.discord.gg
[2025-11-30 16:22:16] [DEBUG   ] discord.gateway: For Shard ID None: WebSocket Event: {'t': None, 's': None, 'op': 10, 'd': {'heartbeat_interval': 41250, '_trace': ['["gateway-prd-arm-us-east1-d-tr12",{"micros":0.0}]']}}
[2025-11-30 16:22:16] [DEBUG   ] discord.gateway: Shard ID None has sent the RESUME payload.
[2025-11-30 16:22:16] [DEBUG   ] discord.gateway: For Shard ID None: WebSocket Event: {'t': None, 's': None, 'op': 11, 'd': None}
[2025-11-30 16:22:16] [DEBUG   ] discord.gateway: For Shard ID None: WebSocket Event: {'t': 'RESUMED', 's': 11, 'op': 0, 'd': {'_trace': ['["gateway-prd-arm-us-east1-d-tr12",{"micros":4454,"calls":["id_created",{"micros":0,"calls":[]},"session_lookup_time",{"micros":2976,"calls":[]},"session_lookup_finished",{"micros":16,"calls":[]},"discord-sessions-prd-2-195",{"micros":16}]}]']}}
[2025-11-30 16:22:16] [DEBUG   ] discord.client: Dispatching event socket_event_type
[2025-11-30 16:22:16] [INFO    ] discord.gateway: Shard ID None has successfully RESUMED session f5c08562c9be3ef602b279a0c94b843e.
[2025-11-30 16:22:16] [DEBUG   ] discord.client: Dispatching event resumed
[2025-11-30 16:22:57] [DEBUG   ] discord.gateway: Keeping shard ID None websocket alive with sequence 11.
[2025-11-30 16:22:57] [DEBUG   ] discord.gateway: For Shard ID None: WebSocket Event: {'t': None, 's': None, 'op': 11, 'd': None}
[2025-11-30 16:23:39] [DEBUG   ] discord.gateway: Keeping shard ID None websocket alive with sequence 11.
[2025-11-30 16:23:39] [DEBUG   ] discord.gateway: For Shard ID None: WebSocket Event: {'t': None, 's': None, 'op': 11, 'd': None}
[2025-11-30 16:24:20] [DEBUG   ] discord.gateway: Keeping shard ID None websocket alive with sequence 11.
[2025-11-30 16:24:20] [DEBUG   ] discord.gateway: For Shard ID None: WebSocket Event: {'t': None, 's': None, 'op': 11, 'd': None}
[2025-11-30 16:25:01] [DEBUG   ] discord.gateway: Keeping shard ID None websocket alive with sequence 11.
[2025-11-30 16:25:01] [DEBUG   ] discord.gateway: For Shard ID None: WebSocket Event: {'t': None, 's': None, 'op': 11, 'd': None}
[2025-11-30 16:25:42] [DEBUG   ] discord.gateway: Keeping shard ID None websocket alive with sequence 11.
[2025-11-30 16:25:42] [DEBUG   ] discord.gateway: For Shard ID None: WebSocket Event: {'t': None, 's': None, 'op': 11, 'd': None}
[2025-11-30 16:26:24] [DEBUG   ] discord.gateway: Keeping shard ID None websocket alive with sequence 11.
[2025-11-30 16:26:24] [DEBUG   ] discord.gateway: For Shard ID None: WebSocket Event: {'t': None, 's': None, 'op': 11, 'd': None}
[2025-11-30 16:27:05] [DEBUG   ] discord.gateway: Keeping shard ID None websocket alive with sequence 11.
[2025-11-30 16:27:05] [DEBUG   ] discord.gateway: For Shard ID None: WebSocket Event: {'t': None, 's': None, 'op': 11, 'd': None}
[2025-11-30 16:27:46] [DEBUG   ] discord.gateway: Keeping shard ID None websocket alive with sequence 11.
[2025-11-30 16:27:46] [DEBUG   ] discord.gateway: For Shard ID None: WebSocket Event: {'t': None, 's': None, 'op': 11, 'd': None}
[2025-11-30 16:28:27] [DEBUG   ] discord.gateway: Keeping shard ID None websocket alive with sequence 11.
[2025-11-30 16:28:28] [DEBUG   ] discord.gateway: For Shard ID None: WebSocket Event: {'t': None, 's': None, 'op': 11, 'd': None}
[2025-11-30 16:29:09] [DEBUG   ] discord.gateway: Keeping shard ID None websocket alive with sequence 11.
[2025-11-30 16:29:09] [DEBUG   ] discord.gateway: For Shard ID None: WebSocket Event: {'t': None, 's': None, 'op': 11, 'd': None}
[2025-11-30 16:29:50] [DEBUG   ] discord.gateway: Keeping shard ID None websocket alive with sequence 11.
[2025-11-30 16:29:50] [DEBUG   ] discord.gateway: For Shard ID None: WebSocket Event: {'t': None, 's': None, 'op': 11, 'd': None}
[2025-11-30 16:30:31] [DEBUG   ] discord.gateway: Keeping shard ID None websocket alive with sequence 11.
[2025-11-30 16:30:31] [DEBUG   ] discord.gateway: For Shard ID None: WebSocket Event: {'t': None, 's': None, 'op': 11, 'd': None}
[2025-11-30 16:31:12] [DEBUG   ] discord.gateway: Keeping shard ID None websocket alive with sequence 11.
[2025-11-30 16:31:13] [DEBUG   ] discord.gateway: For Shard ID None: WebSocket Event: {'t': None, 's': None, 'op': 11, 'd': None}
[2025-11-30 16:31:54] [DEBUG   ] discord.gateway: Keeping shard ID None websocket alive with sequence 11.
[2025-11-30 16:31:54] [DEBUG   ] discord.gateway: For Shard ID None: WebSocket Event: {'t': None, 's': None, 'op': 11, 'd': None}
[2025-11-30 16:32:35] [DEBUG   ] discord.gateway: Keeping shard ID None websocket alive with sequence 11.
[2025-11-30 16:32:35] [DEBUG   ] discord.gateway: For Shard ID None: WebSocket Event: {'t': None, 's': None, 'op': 11, 'd': None}
[2025-11-30 16:33:16] [DEBUG   ] discord.gateway: Keeping shard ID None websocket alive with sequence 11.
[2025-11-30 16:33:16] [DEBUG   ] discord.gateway: For Shard ID None: WebSocket Event: {'t': None, 's': None, 'op': 11, 'd': None}
[2025-11-30 16:33:57] [DEBUG   ] discord.gateway: Keeping shard ID None websocket alive with sequence 11.
[2025-11-30 16:33:58] [DEBUG   ] discord.gateway: For Shard ID None: WebSocket Event: {'t': None, 's': None, 'op': 11, 'd': None}
[2025-11-30 16:34:39] [DEBUG   ] discord.gateway: Keeping shard ID None websocket alive with sequence 11.
[2025-11-30 16:34:39] [DEBUG   ] discord.gateway: For Shard ID None: WebSocket Event: {'t': None, 's': None, 'op': 11, 'd': None}
[2025-11-30 16:35:20] [DEBUG   ] discord.gateway: Keeping shard ID None websocket alive with sequence 11.
[2025-11-30 16:35:20] [DEBUG   ] discord.gateway: For Shard ID None: WebSocket Event: {'t': None, 's': None, 'op': 11, 'd': None}
[2025-11-30 16:36:01] [DEBUG   ] discord.gateway: Keeping shard ID None websocket alive with sequence 11.
[2025-11-30 16:36:01] [DEBUG   ] discord.gateway: For Shard ID None: WebSocket Event: {'t': None, 's': None, 'op': 11, 'd': None}
[2025-11-30 16:36:42] [DEBUG   ] discord.gateway: Keeping shard ID None websocket alive with sequence 11.
[2025-11-30 16:36:43] [DEBUG   ] discord.gateway: For Shard ID None: WebSocket Event: {'t': None, 's': None, 'op': 11, 'd': None}
[2025-11-30 16:37:24] [DEBUG   ] discord.gateway: Keeping shard ID None websocket alive with sequence 11.
[2025-11-30 16:37:24] [DEBUG   ] discord.gateway: For Shard ID None: WebSocket Event: {'t': None, 's': None, 'op': 11, 'd': None}
[2025-11-30 16:38:05] [DEBUG   ] discord.gateway: Keeping shard ID None websocket alive with sequence 11.
[2025-11-30 16:38:05] [DEBUG   ] discord.gateway: For Shard ID None: WebSocket Event: {'t': None, 's': None, 'op': 11, 'd': None}
[2025-11-30 16:38:46] [DEBUG   ] discord.gateway: Keeping shard ID None websocket alive with sequence 11.
[2025-11-30 16:38:46] [DEBUG   ] discord.gateway: For Shard ID None: WebSocket Event: {'t': None, 's': None, 'op': 11, 'd': None}
[2025-11-30 16:39:28] [DEBUG   ] discord.gateway: Keeping shard ID None websocket alive with sequence 11.
[2025-11-30 16:39:28] [DEBUG   ] discord.gateway: For Shard ID None: WebSocket Event: {'t': None, 's': None, 'op': 11, 'd': None}
[2025-11-30 16:40:09] [DEBUG   ] discord.gateway: Keeping shard ID None websocket alive with sequence 11.
[2025-11-30 16:40:09] [DEBUG   ] discord.gateway: For Shard ID None: WebSocket Event: {'t': None, 's': None, 'op': 11, 'd': None}
[2025-11-30 16:40:50] [DEBUG   ] discord.gateway: Keeping shard ID None websocket alive with sequence 11.
[2025-11-30 16:40:50] [DEBUG   ] discord.gateway: For Shard ID None: WebSocket Event: {'t': None, 's': None, 'op': 11, 'd': None}
[2025-11-30 16:41:31] [DEBUG   ] discord.gateway: Keeping shard ID None websocket alive with sequence 11.
[2025-11-30 16:41:31] [DEBUG   ] discord.gateway: For Shard ID None: WebSocket Event: {'t': None, 's': None, 'op': 11, 'd': None}
[2025-11-30 16:42:13] [DEBUG   ] discord.gateway: Keeping shard ID None websocket alive with sequence 11.
[2025-11-30 16:42:13] [DEBUG   ] discord.gateway: For Shard ID None: WebSocket Event: {'t': None, 's': None, 'op': 11, 'd': None}
[2025-11-30 16:42:54] [DEBUG   ] discord.gateway: Keeping shard ID None websocket alive with sequence 11.
[2025-11-30 16:42:54] [DEBUG   ] discord.gateway: For Shard ID None: WebSocket Event: {'t': None, 's': None, 'op': 11, 'd': None}
[2025-11-30 16:43:35] [DEBUG   ] discord.gateway: Keeping shard ID None websocket alive with sequence 11.
[2025-11-30 16:43:35] [DEBUG   ] discord.gateway: For Shard ID None: WebSocket Event: {'t': None, 's': None, 'op': 11, 'd': None}
[2025-11-30 16:44:16] [DEBUG   ] discord.gateway: Keeping shard ID None websocket alive with sequence 11.
[2025-11-30 16:44:16] [DEBUG   ] discord.gateway: For Shard ID None: WebSocket Event: {'t': None, 's': None, 'op': 11, 'd': None}
[2025-11-30 16:44:58] [DEBUG   ] discord.gateway: Keeping shard ID None websocket alive with sequence 11.
[2025-11-30 16:44:58] [DEBUG   ] discord.gateway: For Shard ID None: WebSocket Event: {'t': None, 's': None, 'op': 11, 'd': None}
[2025-11-30 16:45:39] [DEBUG   ] discord.gateway: Keeping shard ID None websocket alive with sequence 11.
[2025-11-30 16:45:39] [DEBUG   ] discord.gateway: For Shard ID None: WebSocket Event: {'t': None, 's': None, 'op': 11, 'd': None}
[2025-11-30 16:46:20] [DEBUG   ] discord.gateway: Keeping shard ID None websocket alive with sequence 11.
[2025-11-30 16:46:20] [DEBUG   ] discord.gateway: For Shard ID None: WebSocket Event: {'t': None, 's': None, 'op': 11, 'd': None}
[2025-11-30 16:47:01] [DEBUG   ] discord.gateway: Keeping shard ID None websocket alive with sequence 11.
[2025-11-30 16:47:01] [DEBUG   ] discord.gateway: For Shard ID None: WebSocket Event: {'t': None, 's': None, 'op': 11, 'd': None}
[2025-11-30 16:47:43] [DEBUG   ] discord.gateway: Keeping shard ID None websocket alive with sequence 11.
[2025-11-30 16:47:43] [DEBUG   ] discord.gateway: For Shard ID None: WebSocket Event: {'t': None, 's': None, 'op': 11, 'd': None}
[2025-11-30 16:48:24] [DEBUG   ] discord.gateway: Keeping shard ID None websocket alive with sequence 11.
[2025-11-30 16:48:24] [DEBUG   ] discord.gateway: For Shard ID None: WebSocket Event: {'t': None, 's': None, 'op': 11, 'd': None}
[2025-11-30 16:49:05] [DEBUG   ] discord.gateway: Keeping shard ID None websocket alive with sequence 11.
[2025-11-30 16:49:05] [DEBUG   ] discord.gateway: For Shard ID None: WebSocket Event: {'t': None, 's': None, 'op': 11, 'd': None}
[2025-11-30 16:49:46] [DEBUG   ] discord.gateway: Keeping shard ID None websocket alive with sequence 11.
[2025-11-30 16:49:46] [DEBUG   ] discord.gateway: For Shard ID None: WebSocket Event: {'t': None, 's': None, 'op': 11, 'd': None}
[2025-11-30 16:50:28] [DEBUG   ] discord.gateway: Keeping shard ID None websocket alive with sequence 11.
[2025-11-30 16:50:28] [DEBUG   ] discord.gateway: For Shard ID None: WebSocket Event: {'t': None, 's': None, 'op': 11, 'd': None}
[2025-11-30 16:51:09] [DEBUG   ] discord.gateway: Keeping shard ID None websocket alive with sequence 11.
[2025-11-30 16:51:09] [DEBUG   ] discord.gateway: For Shard ID None: WebSocket Event: {'t': None, 's': None, 'op': 11, 'd': None}
[2025-11-30 16:51:50] [DEBUG   ] discord.gateway: Keeping shard ID None websocket alive with sequence 11.
[2025-11-30 16:51:50] [DEBUG   ] discord.gateway: For Shard ID None: WebSocket Event: {'t': None, 's': None, 'op': 11, 'd': None}
[2025-11-30 16:52:31] [DEBUG   ] discord.gateway: Keeping shard ID None websocket alive with sequence 11.
[2025-11-30 16:52:32] [DEBUG   ] discord.gateway: For Shard ID None: WebSocket Event: {'t': None, 's': None, 'op': 11, 'd': None}
[2025-11-30 16:53:13] [DEBUG   ] discord.gateway: Keeping shard ID None websocket alive with sequence 11.
[2025-11-30 16:53:13] [DEBUG   ] discord.gateway: For Shard ID None: WebSocket Event: {'t': None, 's': None, 'op': 11, 'd': None}
[2025-11-30 16:53:54] [DEBUG   ] discord.gateway: Keeping shard ID None websocket alive with sequence 11.
[2025-11-30 16:53:54] [DEBUG   ] discord.gateway: For Shard ID None: WebSocket Event: {'t': None, 's': None, 'op': 11, 'd': None}
[2025-11-30 16:54:35] [DEBUG   ] discord.gateway: Keeping shard ID None websocket alive with sequence 11.
[2025-11-30 16:54:35] [DEBUG   ] discord.gateway: For Shard ID None: WebSocket Event: {'t': None, 's': None, 'op': 11, 'd': None}
[2025-11-30 16:55:16] [DEBUG   ] discord.gateway: Keeping shard ID None websocket alive with sequence 11.
[2025-11-30 16:55:17] [DEBUG   ] discord.gateway: For Shard ID None: WebSocket Event: {'t': None, 's': None, 'op': 11, 'd': None}
[2025-11-30 16:55:58] [DEBUG   ] discord.gateway: Keeping shard ID None websocket alive with sequence 11.
[2025-11-30 16:55:58] [DEBUG   ] discord.gateway: For Shard ID None: WebSocket Event: {'t': None, 's': None, 'op': 11, 'd': None}
[2025-11-30 16:56:39] [DEBUG   ] discord.gateway: Keeping shard ID None websocket alive with sequence 11.
[2025-11-30 16:56:39] [DEBUG   ] discord.gateway: For Shard ID None: WebSocket Event: {'t': None, 's': None, 'op': 11, 'd': None}
[2025-11-30 16:57:20] [DEBUG   ] discord.gateway: Keeping shard ID None websocket alive with sequence 11.
[2025-11-30 16:57:29] [DEBUG   ] discord.gateway: For Shard ID None: WebSocket Event: {'t': None, 's': None, 'op': 1, 'd': None}
[2025-11-30 16:57:42] [DEBUG   ] discord.gateway: Received WSMessage(type=<WSMsgType.CLOSED: 257>, data=None, extra=None)
[2025-11-30 16:57:42] [DEBUG   ] discord.gateway: Websocket closed with 1006, attempting a reconnect.
[2025-11-30 16:57:42] [DEBUG   ] discord.client: Got a request to RESUME the websocket.
[2025-11-30 16:57:42] [DEBUG   ] discord.client: Dispatching event disconnect
[2025-11-30 16:57:54] [DEBUG   ] discord.client: Dispatching event disconnect
[2025-11-30 16:57:54] [ERROR   ] discord.client: Attempting a reconnect in 1.31s
Traceback (most recent call last):
  File "C:\Python313\Lib\site-packages\aiohttp\connector.py", line 1532, in _create_direct_connection
    hosts = await self._resolve_host(host, port, traces=traces)
            ^^^^^^^^^^^^^^^^^^^^^^^^^^^^^^^^^^^^^^^^^^^^^^^^^^^
  File "C:\Python313\Lib\site-packages\aiohttp\connector.py", line 1148, in _resolve_host
    return await asyncio.shield(resolved_host_task)
           ^^^^^^^^^^^^^^^^^^^^^^^^^^^^^^^^^^^^^^^^
  File "C:\Python313\Lib\site-packages\aiohttp\connector.py", line 1179, in _resolve_host_with_throttle
    addrs = await self._resolver.resolve(host, port, family=self._family)
            ^^^^^^^^^^^^^^^^^^^^^^^^^^^^^^^^^^^^^^^^^^^^^^^^^^^^^^^^^^^^^
  File "C:\Python313\Lib\site-packages\aiohttp\resolver.py", line 40, in resolve
    infos = await self._loop.getaddrinfo(
            ^^^^^^^^^^^^^^^^^^^^^^^^^^^^^
    ...<5 lines>...
    )
    ^
  File "C:\Python313\Lib\asyncio\base_events.py", line 934, in getaddrinfo
    return await self.run_in_executor(
           ^^^^^^^^^^^^^^^^^^^^^^^^^^^
        None, getaddr_func, host, port, family, type, proto, flags)
        ^^^^^^^^^^^^^^^^^^^^^^^^^^^^^^^^^^^^^^^^^^^^^^^^^^^^^^^^^^^
  File "C:\Python313\Lib\concurrent\futures\thread.py", line 59, in run
    result = self.fn(*self.args, **self.kwargs)
  File "C:\Python313\Lib\socket.py", line 975, in getaddrinfo
    for res in _socket.getaddrinfo(host, port, family, type, proto, flags):
               ~~~~~~~~~~~~~~~~~~~^^^^^^^^^^^^^^^^^^^^^^^^^^^^^^^^^^^^^^^^
socket.gaierror: [Errno 11001] getaddrinfo failed

The above exception was the direct cause of the following exception:

Traceback (most recent call last):
  File "C:\Python313\Lib\site-packages\discord\client.py", line 724, in connect
    self.ws = await asyncio.wait_for(coro, timeout=60.0)
              ^^^^^^^^^^^^^^^^^^^^^^^^^^^^^^^^^^^^^^^^^^
  File "C:\Python313\Lib\asyncio\tasks.py", line 507, in wait_for
    return await fut
           ^^^^^^^^^
  File "C:\Python313\Lib\site-packages\discord\gateway.py", line 383, in from_client
    socket = await client.http.ws_connect(str(url))
             ^^^^^^^^^^^^^^^^^^^^^^^^^^^^^^^^^^^^^^
  File "C:\Python313\Lib\site-packages\discord\http.py", line 566, in ws_connect
    return await self.__session.ws_connect(url, **kwargs)
           ^^^^^^^^^^^^^^^^^^^^^^^^^^^^^^^^^^^^^^^^^^^^^^
  File "C:\Python313\Lib\site-packages\aiohttp\client.py", line 1076, in _ws_connect
    resp = await self.request(
           ^^^^^^^^^^^^^^^^^^^
    ...<11 lines>...
    )
    ^
  File "C:\Python313\Lib\site-packages\aiohttp\client.py", line 779, in _request
    resp = await handler(req)
           ^^^^^^^^^^^^^^^^^^
  File "C:\Python313\Lib\site-packages\aiohttp\client.py", line 734, in _connect_and_send_request
    conn = await self._connector.connect(
           ^^^^^^^^^^^^^^^^^^^^^^^^^^^^^^
        req, traces=traces, timeout=real_timeout
        ^^^^^^^^^^^^^^^^^^^^^^^^^^^^^^^^^^^^^^^^
    )
    ^
  File "C:\Python313\Lib\site-packages\aiohttp\connector.py", line 642, in connect
    proto = await self._create_connection(req, traces, timeout)
            ^^^^^^^^^^^^^^^^^^^^^^^^^^^^^^^^^^^^^^^^^^^^^^^^^^^
  File "C:\Python313\Lib\site-packages\aiohttp\connector.py", line 1209, in _create_connection
    _, proto = await self._create_direct_connection(req, traces, timeout)
               ^^^^^^^^^^^^^^^^^^^^^^^^^^^^^^^^^^^^^^^^^^^^^^^^^^^^^^^^^^
  File "C:\Python313\Lib\site-packages\aiohttp\connector.py", line 1538, in _create_direct_connection
    raise ClientConnectorDNSError(req.connection_key, exc) from exc
aiohttp.client_exceptions.ClientConnectorDNSError: Cannot connect to host gateway-us-east1-d.discord.gg:443 ssl:default [getaddrinfo failed]
[2025-11-30 16:58:07] [DEBUG   ] discord.client: Dispatching event disconnect
[2025-11-30 16:58:07] [ERROR   ] discord.client: Attempting a reconnect in 0.71s
Traceback (most recent call last):
  File "C:\Python313\Lib\site-packages\aiohttp\connector.py", line 1532, in _create_direct_connection
    hosts = await self._resolve_host(host, port, traces=traces)
            ^^^^^^^^^^^^^^^^^^^^^^^^^^^^^^^^^^^^^^^^^^^^^^^^^^^
  File "C:\Python313\Lib\site-packages\aiohttp\connector.py", line 1148, in _resolve_host
    return await asyncio.shield(resolved_host_task)
           ^^^^^^^^^^^^^^^^^^^^^^^^^^^^^^^^^^^^^^^^
  File "C:\Python313\Lib\site-packages\aiohttp\connector.py", line 1179, in _resolve_host_with_throttle
    addrs = await self._resolver.resolve(host, port, family=self._family)
            ^^^^^^^^^^^^^^^^^^^^^^^^^^^^^^^^^^^^^^^^^^^^^^^^^^^^^^^^^^^^^
  File "C:\Python313\Lib\site-packages\aiohttp\resolver.py", line 40, in resolve
    infos = await self._loop.getaddrinfo(
            ^^^^^^^^^^^^^^^^^^^^^^^^^^^^^
    ...<5 lines>...
    )
    ^
  File "C:\Python313\Lib\asyncio\base_events.py", line 934, in getaddrinfo
    return await self.run_in_executor(
           ^^^^^^^^^^^^^^^^^^^^^^^^^^^
        None, getaddr_func, host, port, family, type, proto, flags)
        ^^^^^^^^^^^^^^^^^^^^^^^^^^^^^^^^^^^^^^^^^^^^^^^^^^^^^^^^^^^
  File "C:\Python313\Lib\concurrent\futures\thread.py", line 59, in run
    result = self.fn(*self.args, **self.kwargs)
  File "C:\Python313\Lib\socket.py", line 975, in getaddrinfo
    for res in _socket.getaddrinfo(host, port, family, type, proto, flags):
               ~~~~~~~~~~~~~~~~~~~^^^^^^^^^^^^^^^^^^^^^^^^^^^^^^^^^^^^^^^^
socket.gaierror: [Errno 11001] getaddrinfo failed

The above exception was the direct cause of the following exception:

Traceback (most recent call last):
  File "C:\Python313\Lib\site-packages\discord\client.py", line 724, in connect
    self.ws = await asyncio.wait_for(coro, timeout=60.0)
              ^^^^^^^^^^^^^^^^^^^^^^^^^^^^^^^^^^^^^^^^^^
  File "C:\Python313\Lib\asyncio\tasks.py", line 507, in wait_for
    return await fut
           ^^^^^^^^^
  File "C:\Python313\Lib\site-packages\discord\gateway.py", line 383, in from_client
    socket = await client.http.ws_connect(str(url))
             ^^^^^^^^^^^^^^^^^^^^^^^^^^^^^^^^^^^^^^
  File "C:\Python313\Lib\site-packages\discord\http.py", line 566, in ws_connect
    return await self.__session.ws_connect(url, **kwargs)
           ^^^^^^^^^^^^^^^^^^^^^^^^^^^^^^^^^^^^^^^^^^^^^^
  File "C:\Python313\Lib\site-packages\aiohttp\client.py", line 1076, in _ws_connect
    resp = await self.request(
           ^^^^^^^^^^^^^^^^^^^
    ...<11 lines>...
    )
    ^
  File "C:\Python313\Lib\site-packages\aiohttp\client.py", line 779, in _request
    resp = await handler(req)
           ^^^^^^^^^^^^^^^^^^
  File "C:\Python313\Lib\site-packages\aiohttp\client.py", line 734, in _connect_and_send_request
    conn = await self._connector.connect(
           ^^^^^^^^^^^^^^^^^^^^^^^^^^^^^^
        req, traces=traces, timeout=real_timeout
        ^^^^^^^^^^^^^^^^^^^^^^^^^^^^^^^^^^^^^^^^
    )
    ^
  File "C:\Python313\Lib\site-packages\aiohttp\connector.py", line 642, in connect
    proto = await self._create_connection(req, traces, timeout)
            ^^^^^^^^^^^^^^^^^^^^^^^^^^^^^^^^^^^^^^^^^^^^^^^^^^^
  File "C:\Python313\Lib\site-packages\aiohttp\connector.py", line 1209, in _create_connection
    _, proto = await self._create_direct_connection(req, traces, timeout)
               ^^^^^^^^^^^^^^^^^^^^^^^^^^^^^^^^^^^^^^^^^^^^^^^^^^^^^^^^^^
  File "C:\Python313\Lib\site-packages\aiohttp\connector.py", line 1538, in _create_direct_connection
    raise ClientConnectorDNSError(req.connection_key, exc) from exc
aiohttp.client_exceptions.ClientConnectorDNSError: Cannot connect to host gateway-us-east1-d.discord.gg:443 ssl:default [getaddrinfo failed]
[2025-11-30 16:58:08] [DEBUG   ] discord.client: Dispatching event disconnect
[2025-11-30 16:58:08] [ERROR   ] discord.client: Attempting a reconnect in 4.14s
Traceback (most recent call last):
  File "C:\Python313\Lib\site-packages\aiohttp\connector.py", line 1532, in _create_direct_connection
    hosts = await self._resolve_host(host, port, traces=traces)
            ^^^^^^^^^^^^^^^^^^^^^^^^^^^^^^^^^^^^^^^^^^^^^^^^^^^
  File "C:\Python313\Lib\site-packages\aiohttp\connector.py", line 1148, in _resolve_host
    return await asyncio.shield(resolved_host_task)
           ^^^^^^^^^^^^^^^^^^^^^^^^^^^^^^^^^^^^^^^^
  File "C:\Python313\Lib\site-packages\aiohttp\connector.py", line 1179, in _resolve_host_with_throttle
    addrs = await self._resolver.resolve(host, port, family=self._family)
            ^^^^^^^^^^^^^^^^^^^^^^^^^^^^^^^^^^^^^^^^^^^^^^^^^^^^^^^^^^^^^
  File "C:\Python313\Lib\site-packages\aiohttp\resolver.py", line 40, in resolve
    infos = await self._loop.getaddrinfo(
            ^^^^^^^^^^^^^^^^^^^^^^^^^^^^^
    ...<5 lines>...
    )
    ^
  File "C:\Python313\Lib\asyncio\base_events.py", line 934, in getaddrinfo
    return await self.run_in_executor(
           ^^^^^^^^^^^^^^^^^^^^^^^^^^^
        None, getaddr_func, host, port, family, type, proto, flags)
        ^^^^^^^^^^^^^^^^^^^^^^^^^^^^^^^^^^^^^^^^^^^^^^^^^^^^^^^^^^^
  File "C:\Python313\Lib\concurrent\futures\thread.py", line 59, in run
    result = self.fn(*self.args, **self.kwargs)
  File "C:\Python313\Lib\socket.py", line 975, in getaddrinfo
    for res in _socket.getaddrinfo(host, port, family, type, proto, flags):
               ~~~~~~~~~~~~~~~~~~~^^^^^^^^^^^^^^^^^^^^^^^^^^^^^^^^^^^^^^^^
socket.gaierror: [Errno 11001] getaddrinfo failed

The above exception was the direct cause of the following exception:

Traceback (most recent call last):
  File "C:\Python313\Lib\site-packages\discord\client.py", line 724, in connect
    self.ws = await asyncio.wait_for(coro, timeout=60.0)
              ^^^^^^^^^^^^^^^^^^^^^^^^^^^^^^^^^^^^^^^^^^
  File "C:\Python313\Lib\asyncio\tasks.py", line 507, in wait_for
    return await fut
           ^^^^^^^^^
  File "C:\Python313\Lib\site-packages\discord\gateway.py", line 383, in from_client
    socket = await client.http.ws_connect(str(url))
             ^^^^^^^^^^^^^^^^^^^^^^^^^^^^^^^^^^^^^^
  File "C:\Python313\Lib\site-packages\discord\http.py", line 566, in ws_connect
    return await self.__session.ws_connect(url, **kwargs)
           ^^^^^^^^^^^^^^^^^^^^^^^^^^^^^^^^^^^^^^^^^^^^^^
  File "C:\Python313\Lib\site-packages\aiohttp\client.py", line 1076, in _ws_connect
    resp = await self.request(
           ^^^^^^^^^^^^^^^^^^^
    ...<11 lines>...
    )
    ^
  File "C:\Python313\Lib\site-packages\aiohttp\client.py", line 779, in _request
    resp = await handler(req)
           ^^^^^^^^^^^^^^^^^^
  File "C:\Python313\Lib\site-packages\aiohttp\client.py", line 734, in _connect_and_send_request
    conn = await self._connector.connect(
           ^^^^^^^^^^^^^^^^^^^^^^^^^^^^^^
        req, traces=traces, timeout=real_timeout
        ^^^^^^^^^^^^^^^^^^^^^^^^^^^^^^^^^^^^^^^^
    )
    ^
  File "C:\Python313\Lib\site-packages\aiohttp\connector.py", line 642, in connect
    proto = await self._create_connection(req, traces, timeout)
            ^^^^^^^^^^^^^^^^^^^^^^^^^^^^^^^^^^^^^^^^^^^^^^^^^^^
  File "C:\Python313\Lib\site-packages\aiohttp\connector.py", line 1209, in _create_connection
    _, proto = await self._create_direct_connection(req, traces, timeout)
               ^^^^^^^^^^^^^^^^^^^^^^^^^^^^^^^^^^^^^^^^^^^^^^^^^^^^^^^^^^
  File "C:\Python313\Lib\site-packages\aiohttp\connector.py", line 1538, in _create_direct_connection
    raise ClientConnectorDNSError(req.connection_key, exc) from exc
aiohttp.client_exceptions.ClientConnectorDNSError: Cannot connect to host gateway-us-east1-d.discord.gg:443 ssl:default [getaddrinfo failed]
[2025-11-30 16:58:12] [DEBUG   ] discord.client: Dispatching event disconnect
[2025-11-30 16:58:12] [ERROR   ] discord.client: Attempting a reconnect in 4.45s
Traceback (most recent call last):
  File "C:\Python313\Lib\site-packages\aiohttp\connector.py", line 1532, in _create_direct_connection
    hosts = await self._resolve_host(host, port, traces=traces)
            ^^^^^^^^^^^^^^^^^^^^^^^^^^^^^^^^^^^^^^^^^^^^^^^^^^^
  File "C:\Python313\Lib\site-packages\aiohttp\connector.py", line 1148, in _resolve_host
    return await asyncio.shield(resolved_host_task)
           ^^^^^^^^^^^^^^^^^^^^^^^^^^^^^^^^^^^^^^^^
  File "C:\Python313\Lib\site-packages\aiohttp\connector.py", line 1179, in _resolve_host_with_throttle
    addrs = await self._resolver.resolve(host, port, family=self._family)
            ^^^^^^^^^^^^^^^^^^^^^^^^^^^^^^^^^^^^^^^^^^^^^^^^^^^^^^^^^^^^^
  File "C:\Python313\Lib\site-packages\aiohttp\resolver.py", line 40, in resolve
    infos = await self._loop.getaddrinfo(
            ^^^^^^^^^^^^^^^^^^^^^^^^^^^^^
    ...<5 lines>...
    )
    ^
  File "C:\Python313\Lib\asyncio\base_events.py", line 934, in getaddrinfo
    return await self.run_in_executor(
           ^^^^^^^^^^^^^^^^^^^^^^^^^^^
        None, getaddr_func, host, port, family, type, proto, flags)
        ^^^^^^^^^^^^^^^^^^^^^^^^^^^^^^^^^^^^^^^^^^^^^^^^^^^^^^^^^^^
  File "C:\Python313\Lib\concurrent\futures\thread.py", line 59, in run
    result = self.fn(*self.args, **self.kwargs)
  File "C:\Python313\Lib\socket.py", line 975, in getaddrinfo
    for res in _socket.getaddrinfo(host, port, family, type, proto, flags):
               ~~~~~~~~~~~~~~~~~~~^^^^^^^^^^^^^^^^^^^^^^^^^^^^^^^^^^^^^^^^
socket.gaierror: [Errno 11001] getaddrinfo failed

The above exception was the direct cause of the following exception:

Traceback (most recent call last):
  File "C:\Python313\Lib\site-packages\discord\client.py", line 724, in connect
    self.ws = await asyncio.wait_for(coro, timeout=60.0)
              ^^^^^^^^^^^^^^^^^^^^^^^^^^^^^^^^^^^^^^^^^^
  File "C:\Python313\Lib\asyncio\tasks.py", line 507, in wait_for
    return await fut
           ^^^^^^^^^
  File "C:\Python313\Lib\site-packages\discord\gateway.py", line 383, in from_client
    socket = await client.http.ws_connect(str(url))
             ^^^^^^^^^^^^^^^^^^^^^^^^^^^^^^^^^^^^^^
  File "C:\Python313\Lib\site-packages\discord\http.py", line 566, in ws_connect
    return await self.__session.ws_connect(url, **kwargs)
           ^^^^^^^^^^^^^^^^^^^^^^^^^^^^^^^^^^^^^^^^^^^^^^
  File "C:\Python313\Lib\site-packages\aiohttp\client.py", line 1076, in _ws_connect
    resp = await self.request(
           ^^^^^^^^^^^^^^^^^^^
    ...<11 lines>...
    )
    ^
  File "C:\Python313\Lib\site-packages\aiohttp\client.py", line 779, in _request
    resp = await handler(req)
           ^^^^^^^^^^^^^^^^^^
  File "C:\Python313\Lib\site-packages\aiohttp\client.py", line 734, in _connect_and_send_request
    conn = await self._connector.connect(
           ^^^^^^^^^^^^^^^^^^^^^^^^^^^^^^
        req, traces=traces, timeout=real_timeout
        ^^^^^^^^^^^^^^^^^^^^^^^^^^^^^^^^^^^^^^^^
    )
    ^
  File "C:\Python313\Lib\site-packages\aiohttp\connector.py", line 642, in connect
    proto = await self._create_connection(req, traces, timeout)
            ^^^^^^^^^^^^^^^^^^^^^^^^^^^^^^^^^^^^^^^^^^^^^^^^^^^
  File "C:\Python313\Lib\site-packages\aiohttp\connector.py", line 1209, in _create_connection
    _, proto = await self._create_direct_connection(req, traces, timeout)
               ^^^^^^^^^^^^^^^^^^^^^^^^^^^^^^^^^^^^^^^^^^^^^^^^^^^^^^^^^^
  File "C:\Python313\Lib\site-packages\aiohttp\connector.py", line 1538, in _create_direct_connection
    raise ClientConnectorDNSError(req.connection_key, exc) from exc
aiohttp.client_exceptions.ClientConnectorDNSError: Cannot connect to host gateway-us-east1-d.discord.gg:443 ssl:default [getaddrinfo failed]
[2025-11-30 16:58:17] [DEBUG   ] discord.client: Dispatching event disconnect
[2025-11-30 16:58:17] [ERROR   ] discord.client: Attempting a reconnect in 8.44s
Traceback (most recent call last):
  File "C:\Python313\Lib\site-packages\aiohttp\connector.py", line 1532, in _create_direct_connection
    hosts = await self._resolve_host(host, port, traces=traces)
            ^^^^^^^^^^^^^^^^^^^^^^^^^^^^^^^^^^^^^^^^^^^^^^^^^^^
  File "C:\Python313\Lib\site-packages\aiohttp\connector.py", line 1148, in _resolve_host
    return await asyncio.shield(resolved_host_task)
           ^^^^^^^^^^^^^^^^^^^^^^^^^^^^^^^^^^^^^^^^
  File "C:\Python313\Lib\site-packages\aiohttp\connector.py", line 1179, in _resolve_host_with_throttle
    addrs = await self._resolver.resolve(host, port, family=self._family)
            ^^^^^^^^^^^^^^^^^^^^^^^^^^^^^^^^^^^^^^^^^^^^^^^^^^^^^^^^^^^^^
  File "C:\Python313\Lib\site-packages\aiohttp\resolver.py", line 40, in resolve
    infos = await self._loop.getaddrinfo(
            ^^^^^^^^^^^^^^^^^^^^^^^^^^^^^
    ...<5 lines>...
    )
    ^
  File "C:\Python313\Lib\asyncio\base_events.py", line 934, in getaddrinfo
    return await self.run_in_executor(
           ^^^^^^^^^^^^^^^^^^^^^^^^^^^
        None, getaddr_func, host, port, family, type, proto, flags)
        ^^^^^^^^^^^^^^^^^^^^^^^^^^^^^^^^^^^^^^^^^^^^^^^^^^^^^^^^^^^
  File "C:\Python313\Lib\concurrent\futures\thread.py", line 59, in run
    result = self.fn(*self.args, **self.kwargs)
  File "C:\Python313\Lib\socket.py", line 975, in getaddrinfo
    for res in _socket.getaddrinfo(host, port, family, type, proto, flags):
               ~~~~~~~~~~~~~~~~~~~^^^^^^^^^^^^^^^^^^^^^^^^^^^^^^^^^^^^^^^^
socket.gaierror: [Errno 11001] getaddrinfo failed

The above exception was the direct cause of the following exception:

Traceback (most recent call last):
  File "C:\Python313\Lib\site-packages\discord\client.py", line 724, in connect
    self.ws = await asyncio.wait_for(coro, timeout=60.0)
              ^^^^^^^^^^^^^^^^^^^^^^^^^^^^^^^^^^^^^^^^^^
  File "C:\Python313\Lib\asyncio\tasks.py", line 507, in wait_for
    return await fut
           ^^^^^^^^^
  File "C:\Python313\Lib\site-packages\discord\gateway.py", line 383, in from_client
    socket = await client.http.ws_connect(str(url))
             ^^^^^^^^^^^^^^^^^^^^^^^^^^^^^^^^^^^^^^
  File "C:\Python313\Lib\site-packages\discord\http.py", line 566, in ws_connect
    return await self.__session.ws_connect(url, **kwargs)
           ^^^^^^^^^^^^^^^^^^^^^^^^^^^^^^^^^^^^^^^^^^^^^^
  File "C:\Python313\Lib\site-packages\aiohttp\client.py", line 1076, in _ws_connect
    resp = await self.request(
           ^^^^^^^^^^^^^^^^^^^
    ...<11 lines>...
    )
    ^
  File "C:\Python313\Lib\site-packages\aiohttp\client.py", line 779, in _request
    resp = await handler(req)
           ^^^^^^^^^^^^^^^^^^
  File "C:\Python313\Lib\site-packages\aiohttp\client.py", line 734, in _connect_and_send_request
    conn = await self._connector.connect(
           ^^^^^^^^^^^^^^^^^^^^^^^^^^^^^^
        req, traces=traces, timeout=real_timeout
        ^^^^^^^^^^^^^^^^^^^^^^^^^^^^^^^^^^^^^^^^
    )
    ^
  File "C:\Python313\Lib\site-packages\aiohttp\connector.py", line 642, in connect
    proto = await self._create_connection(req, traces, timeout)
            ^^^^^^^^^^^^^^^^^^^^^^^^^^^^^^^^^^^^^^^^^^^^^^^^^^^
  File "C:\Python313\Lib\site-packages\aiohttp\connector.py", line 1209, in _create_connection
    _, proto = await self._create_direct_connection(req, traces, timeout)
               ^^^^^^^^^^^^^^^^^^^^^^^^^^^^^^^^^^^^^^^^^^^^^^^^^^^^^^^^^^
  File "C:\Python313\Lib\site-packages\aiohttp\connector.py", line 1538, in _create_direct_connection
    raise ClientConnectorDNSError(req.connection_key, exc) from exc
aiohttp.client_exceptions.ClientConnectorDNSError: Cannot connect to host gateway-us-east1-d.discord.gg:443 ssl:default [getaddrinfo failed]
[2025-11-30 16:58:37] [DEBUG   ] discord.client: Dispatching event disconnect
[2025-11-30 16:58:37] [ERROR   ] discord.client: Attempting a reconnect in 5.78s
Traceback (most recent call last):
  File "C:\Python313\Lib\site-packages\aiohttp\connector.py", line 1532, in _create_direct_connection
    hosts = await self._resolve_host(host, port, traces=traces)
            ^^^^^^^^^^^^^^^^^^^^^^^^^^^^^^^^^^^^^^^^^^^^^^^^^^^
  File "C:\Python313\Lib\site-packages\aiohttp\connector.py", line 1148, in _resolve_host
    return await asyncio.shield(resolved_host_task)
           ^^^^^^^^^^^^^^^^^^^^^^^^^^^^^^^^^^^^^^^^
  File "C:\Python313\Lib\site-packages\aiohttp\connector.py", line 1179, in _resolve_host_with_throttle
    addrs = await self._resolver.resolve(host, port, family=self._family)
            ^^^^^^^^^^^^^^^^^^^^^^^^^^^^^^^^^^^^^^^^^^^^^^^^^^^^^^^^^^^^^
  File "C:\Python313\Lib\site-packages\aiohttp\resolver.py", line 40, in resolve
    infos = await self._loop.getaddrinfo(
            ^^^^^^^^^^^^^^^^^^^^^^^^^^^^^
    ...<5 lines>...
    )
    ^
  File "C:\Python313\Lib\asyncio\base_events.py", line 934, in getaddrinfo
    return await self.run_in_executor(
           ^^^^^^^^^^^^^^^^^^^^^^^^^^^
        None, getaddr_func, host, port, family, type, proto, flags)
        ^^^^^^^^^^^^^^^^^^^^^^^^^^^^^^^^^^^^^^^^^^^^^^^^^^^^^^^^^^^
  File "C:\Python313\Lib\concurrent\futures\thread.py", line 59, in run
    result = self.fn(*self.args, **self.kwargs)
  File "C:\Python313\Lib\socket.py", line 975, in getaddrinfo
    for res in _socket.getaddrinfo(host, port, family, type, proto, flags):
               ~~~~~~~~~~~~~~~~~~~^^^^^^^^^^^^^^^^^^^^^^^^^^^^^^^^^^^^^^^^
socket.gaierror: [Errno 11001] getaddrinfo failed

The above exception was the direct cause of the following exception:

Traceback (most recent call last):
  File "C:\Python313\Lib\site-packages\discord\client.py", line 724, in connect
    self.ws = await asyncio.wait_for(coro, timeout=60.0)
              ^^^^^^^^^^^^^^^^^^^^^^^^^^^^^^^^^^^^^^^^^^
  File "C:\Python313\Lib\asyncio\tasks.py", line 507, in wait_for
    return await fut
           ^^^^^^^^^
  File "C:\Python313\Lib\site-packages\discord\gateway.py", line 383, in from_client
    socket = await client.http.ws_connect(str(url))
             ^^^^^^^^^^^^^^^^^^^^^^^^^^^^^^^^^^^^^^
  File "C:\Python313\Lib\site-packages\discord\http.py", line 566, in ws_connect
    return await self.__session.ws_connect(url, **kwargs)
           ^^^^^^^^^^^^^^^^^^^^^^^^^^^^^^^^^^^^^^^^^^^^^^
  File "C:\Python313\Lib\site-packages\aiohttp\client.py", line 1076, in _ws_connect
    resp = await self.request(
           ^^^^^^^^^^^^^^^^^^^
    ...<11 lines>...
    )
    ^
  File "C:\Python313\Lib\site-packages\aiohttp\client.py", line 779, in _request
    resp = await handler(req)
           ^^^^^^^^^^^^^^^^^^
  File "C:\Python313\Lib\site-packages\aiohttp\client.py", line 734, in _connect_and_send_request
    conn = await self._connector.connect(
           ^^^^^^^^^^^^^^^^^^^^^^^^^^^^^^
        req, traces=traces, timeout=real_timeout
        ^^^^^^^^^^^^^^^^^^^^^^^^^^^^^^^^^^^^^^^^
    )
    ^
  File "C:\Python313\Lib\site-packages\aiohttp\connector.py", line 642, in connect
    proto = await self._create_connection(req, traces, timeout)
            ^^^^^^^^^^^^^^^^^^^^^^^^^^^^^^^^^^^^^^^^^^^^^^^^^^^
  File "C:\Python313\Lib\site-packages\aiohttp\connector.py", line 1209, in _create_connection
    _, proto = await self._create_direct_connection(req, traces, timeout)
               ^^^^^^^^^^^^^^^^^^^^^^^^^^^^^^^^^^^^^^^^^^^^^^^^^^^^^^^^^^
  File "C:\Python313\Lib\site-packages\aiohttp\connector.py", line 1538, in _create_direct_connection
    raise ClientConnectorDNSError(req.connection_key, exc) from exc
aiohttp.client_exceptions.ClientConnectorDNSError: Cannot connect to host gateway-us-east1-d.discord.gg:443 ssl:default [getaddrinfo failed]
[2025-11-30 16:58:55] [DEBUG   ] discord.client: Dispatching event disconnect
[2025-11-30 16:58:55] [ERROR   ] discord.client: Attempting a reconnect in 4.49s
Traceback (most recent call last):
  File "C:\Python313\Lib\site-packages\aiohttp\connector.py", line 1532, in _create_direct_connection
    hosts = await self._resolve_host(host, port, traces=traces)
            ^^^^^^^^^^^^^^^^^^^^^^^^^^^^^^^^^^^^^^^^^^^^^^^^^^^
  File "C:\Python313\Lib\site-packages\aiohttp\connector.py", line 1148, in _resolve_host
    return await asyncio.shield(resolved_host_task)
           ^^^^^^^^^^^^^^^^^^^^^^^^^^^^^^^^^^^^^^^^
  File "C:\Python313\Lib\site-packages\aiohttp\connector.py", line 1179, in _resolve_host_with_throttle
    addrs = await self._resolver.resolve(host, port, family=self._family)
            ^^^^^^^^^^^^^^^^^^^^^^^^^^^^^^^^^^^^^^^^^^^^^^^^^^^^^^^^^^^^^
  File "C:\Python313\Lib\site-packages\aiohttp\resolver.py", line 40, in resolve
    infos = await self._loop.getaddrinfo(
            ^^^^^^^^^^^^^^^^^^^^^^^^^^^^^
    ...<5 lines>...
    )
    ^
  File "C:\Python313\Lib\asyncio\base_events.py", line 934, in getaddrinfo
    return await self.run_in_executor(
           ^^^^^^^^^^^^^^^^^^^^^^^^^^^
        None, getaddr_func, host, port, family, type, proto, flags)
        ^^^^^^^^^^^^^^^^^^^^^^^^^^^^^^^^^^^^^^^^^^^^^^^^^^^^^^^^^^^
  File "C:\Python313\Lib\concurrent\futures\thread.py", line 59, in run
    result = self.fn(*self.args, **self.kwargs)
  File "C:\Python313\Lib\socket.py", line 975, in getaddrinfo
    for res in _socket.getaddrinfo(host, port, family, type, proto, flags):
               ~~~~~~~~~~~~~~~~~~~^^^^^^^^^^^^^^^^^^^^^^^^^^^^^^^^^^^^^^^^
socket.gaierror: [Errno 11001] getaddrinfo failed

The above exception was the direct cause of the following exception:

Traceback (most recent call last):
  File "C:\Python313\Lib\site-packages\discord\client.py", line 724, in connect
    self.ws = await asyncio.wait_for(coro, timeout=60.0)
              ^^^^^^^^^^^^^^^^^^^^^^^^^^^^^^^^^^^^^^^^^^
  File "C:\Python313\Lib\asyncio\tasks.py", line 507, in wait_for
    return await fut
           ^^^^^^^^^
  File "C:\Python313\Lib\site-packages\discord\gateway.py", line 383, in from_client
    socket = await client.http.ws_connect(str(url))
             ^^^^^^^^^^^^^^^^^^^^^^^^^^^^^^^^^^^^^^
  File "C:\Python313\Lib\site-packages\discord\http.py", line 566, in ws_connect
    return await self.__session.ws_connect(url, **kwargs)
           ^^^^^^^^^^^^^^^^^^^^^^^^^^^^^^^^^^^^^^^^^^^^^^
  File "C:\Python313\Lib\site-packages\aiohttp\client.py", line 1076, in _ws_connect
    resp = await self.request(
           ^^^^^^^^^^^^^^^^^^^
    ...<11 lines>...
    )
    ^
  File "C:\Python313\Lib\site-packages\aiohttp\client.py", line 779, in _request
    resp = await handler(req)
           ^^^^^^^^^^^^^^^^^^
  File "C:\Python313\Lib\site-packages\aiohttp\client.py", line 734, in _connect_and_send_request
    conn = await self._connector.connect(
           ^^^^^^^^^^^^^^^^^^^^^^^^^^^^^^
        req, traces=traces, timeout=real_timeout
        ^^^^^^^^^^^^^^^^^^^^^^^^^^^^^^^^^^^^^^^^
    )
    ^
  File "C:\Python313\Lib\site-packages\aiohttp\connector.py", line 642, in connect
    proto = await self._create_connection(req, traces, timeout)
            ^^^^^^^^^^^^^^^^^^^^^^^^^^^^^^^^^^^^^^^^^^^^^^^^^^^
  File "C:\Python313\Lib\site-packages\aiohttp\connector.py", line 1209, in _create_connection
    _, proto = await self._create_direct_connection(req, traces, timeout)
               ^^^^^^^^^^^^^^^^^^^^^^^^^^^^^^^^^^^^^^^^^^^^^^^^^^^^^^^^^^
  File "C:\Python313\Lib\site-packages\aiohttp\connector.py", line 1538, in _create_direct_connection
    raise ClientConnectorDNSError(req.connection_key, exc) from exc
aiohttp.client_exceptions.ClientConnectorDNSError: Cannot connect to host gateway-us-east1-d.discord.gg:443 ssl:default [getaddrinfo failed]
[2025-11-30 16:59:00] [DEBUG   ] discord.gateway: Created websocket connected to wss://gateway-us-east1-d.discord.gg
[2025-11-30 16:59:00] [DEBUG   ] discord.gateway: For Shard ID None: WebSocket Event: {'t': None, 's': None, 'op': 10, 'd': {'heartbeat_interval': 41250, '_trace': ['["gateway-prd-arm-us-east1-d-8w4t",{"micros":0.0}]']}}
[2025-11-30 16:59:00] [DEBUG   ] discord.gateway: Shard ID None has sent the RESUME payload.
[2025-11-30 16:59:00] [DEBUG   ] discord.gateway: For Shard ID None: WebSocket Event: {'t': None, 's': None, 'op': 11, 'd': None}
[2025-11-30 16:59:00] [DEBUG   ] discord.gateway: For Shard ID None: WebSocket Event: {'t': None, 's': None, 'op': 9, 'd': False}
[2025-11-30 16:59:00] [INFO    ] discord.gateway: Shard ID None session has been invalidated.
[2025-11-30 16:59:00] [DEBUG   ] discord.client: Got a request to IDENTIFY the websocket.
[2025-11-30 16:59:00] [DEBUG   ] discord.client: Dispatching event disconnect
[2025-11-30 16:59:00] [DEBUG   ] discord.gateway: Created websocket connected to wss://gateway-us-east1-d.discord.gg
[2025-11-30 16:59:00] [DEBUG   ] discord.gateway: For Shard ID None: WebSocket Event: {'t': None, 's': None, 'op': 10, 'd': {'heartbeat_interval': 41250, '_trace': ['["gateway-prd-arm-us-east1-d-9zl1",{"micros":0.0}]']}}
[2025-11-30 16:59:05] [DEBUG   ] discord.gateway: Shard ID None has sent the IDENTIFY payload.
[2025-11-30 16:59:05] [DEBUG   ] discord.gateway: For Shard ID None: WebSocket Event: {'t': None, 's': None, 'op': 11, 'd': None}
[2025-11-30 16:59:05] [DEBUG   ] discord.gateway: For Shard ID None: WebSocket Event: {'t': 'READY', 's': 1, 'op': 0, 'd': {'v': 10, 'user_settings': {}, 'user': {'verified': True, 'username': 'test?', 'primary_guild': None, 'mfa_enabled': False, 'id': '1440635833840439366', 'global_name': None, 'flags': 0, 'email': None, 'discriminator': '2603', 'clan': None, 'bot': True, 'avatar': None}, 'session_type': 'normal', 'session_id': 'f46272ed82ba3b77b7697ec680b8a6c7', 'resume_gateway_url': 'wss://gateway-us-east1-d.discord.gg', 'relationships': [], 'private_channels': [], 'presences': [], 'guilds': [{'unavailable': True, 'id': '1440473314987610134'}], 'guild_join_requests': [], 'geo_ordered_rtc_regions': ['london', 'rotterdam', 'paris', 'frankfurt', 'milan'], 'game_relationships': [], 'auth': {}, 'application': {'id': '1440635833840439366', 'flags': 557056}, '_trace': ['["gateway-prd-arm-us-east1-d-9zl1",{"micros":245843,"calls":["id_created",{"micros":2048,"calls":[]},"session_lookup_time",{"micros":521,"calls":[]},"session_lookup_finished",{"micros":14,"calls":[]},"discord-sessions-prd-2-18",{"micros":242982,"calls":["start_session",{"micros":230915,"calls":["discord-api-rpc-55ddb4c47b-z8khk",{"micros":134082,"calls":["get_user",{"micros":7934},"get_guilds",{"micros":4647},"send_scheduled_deletion_message",{"micros":16},"guild_join_requests",{"micros":1565},"authorized_ip_coro",{"micros":15},"pending_payments",{"micros":46918},"apex_experiments",{"micros":34172},"user_activities",{"micros":12},"played_application_ids",{"micros":5},"linked_users",{"micros":4}]}]},"starting_guild_connect",{"micros":40,"calls":[]},"presence_started",{"micros":6731,"calls":[]},"guilds_started",{"micros":108,"calls":[]},"lobbies_started",{"micros":0,"calls":[]},"guilds_connect",{"micros":1,"calls":[]},"presence_connect",{"micros":5167,"calls":[]},"connect_finished",{"micros":5175,"calls":[]},"build_ready",{"micros":11,"calls":[]},"clean_ready",{"micros":1,"calls":[]},"optimize_ready",{"micros":0,"calls":[]},"split_ready",{"micros":0,"calls":[]}]}]}]']}}
[2025-11-30 16:59:05] [DEBUG   ] discord.client: Dispatching event socket_event_type
[2025-11-30 16:59:05] [INFO    ] discord.gateway: Shard ID None has connected to Gateway (Session ID: f46272ed82ba3b77b7697ec680b8a6c7).
[2025-11-30 16:59:05] [DEBUG   ] discord.client: Dispatching event connect
[2025-11-30 16:59:05] [DEBUG   ] discord.gateway: For Shard ID None: WebSocket Event: {'t': 'GUILD_CREATE', 's': 2, 'op': 0, 'd': {'features': [], 'activity_instances': [], 'home_header': None, 'owner_configured_content_level': 0, 'premium_subscription_count': 0, 'discovery_splash': None, 'region': 'deprecated', 'profile': None, 'stage_instances': [], 'application_id': None, 'premium_progress_bar_enabled': False, 'lazy': True, 'latest_onboarding_question_id': None, 'default_message_notifications': 0, 'id': '1440473314987610134', 'max_video_channel_users': 25, 'name': "eyesbot's server", 'channels': [{'version': 1763506001149, 'type': 4, 'position': 0, 'permission_overwrites': [], 'name': 'Text channels', 'id': '1440473315608363058', 'flags': 0}, {'version': 1763506001153, 'type': 4, 'position': 0, 'permission_overwrites': [], 'name': 'Voice channels', 'id': '1440473315608363059', 'flags': 0}, {'version': 1763506001160, 'type': 0, 'topic': None, 'rate_limit_per_user': 0, 'position': 0, 'permission_overwrites': [], 'parent_id': '1440473315608363058', 'name': 'general', 'last_message_id': '1444719810784137357', 'id': '1440473315608363060', 'icon_emoji': {'name': 'ðŸ‘‹', 'id': None}, 'flags': 0}, {'version': 1763506001168, 'user_limit': 0, 'type': 2, 'rtc_region': None, 'rate_limit_per_user': 0, 'position': 0, 'permission_overwrites': [], 'parent_id': '1440473315608363059', 'name': 'General', 'last_message_id': None, 'id': '1440473315608363061', 'icon_emoji': {'name': 'ðŸŽ™', 'id': None}, 'flags': 0, 'bitrate': 64000}], 'emojis': [], 'mfa_level': 0, 'voice_states': [], 'system_channel_id': '1440473315608363060', 'preferred_locale': 'en-US', 'threads': [], 'icon': None, 'rules_channel_id': None, 'incidents_data': None, 'large': False, 'roles': [{'version': 1763506001136, 'unicode_emoji': None, 'tags': {}, 'position': 0, 'permissions': '2248473465835073', 'name': '@everyone', 'mentionable': False, 'managed': False, 'id': '1440473314987610134', 'icon': None, 'hoist': False, 'flags': 0, 'colors': {'tertiary_color': None, 'secondary_color': None, 'primary_color': 0}, 'color': 0}, {'version': 1763545070554, 'unicode_emoji': None, 'tags': {'bot_id': '1440635833840439366'}, 'position': 1, 'permissions': '395137379392', 'name': 'test?', 'mentionable': False, 'managed': True, 'id': '1440637184242749464', 'icon': None, 'hoist': False, 'flags': 0, 'colors': {'tertiary_color': None, 'secondary_color': None, 'primary_color': 0}, 'color': 0}], 'description': None, 'member_count': 2, 'max_members': 25000000, 'nsfw': False, 'embedded_activities': [], 'verification_level': 0, 'vanity_url_code': None, 'afk_channel_id': None, 'premium_features': None, 'joined_at': '2025-11-19T09:37:50.583000+00:00', 'unavailable': False, 'hub_type': None, 'max_stage_video_channel_users': 50, 'moderator_reporting': None, 'premium_tier': 0, 'stickers': [], 'safety_alerts_channel_id': None, 'application_command_counts': {}, 'explicit_content_filter': 0, 'guild_scheduled_events': [], 'system_channel_flags': 0, 'owner_id': '1288620605905834026', 'presences': [], 'soundboard_sounds': [], 'public_updates_channel_id': None, 'version': 1763506001172, 'banner': None, 'splash': None, 'afk_timeout': 300, 'nsfw_level': 0, 'members': [{'user': {'username': 'test?', 'public_flags': 0, 'primary_guild': None, 'id': '1440635833840439366', 'global_name': None, 'display_name_styles': None, 'display_name': None, 'discriminator': '2603', 'collectibles': None, 'bot': True, 'avatar_decoration_data': None, 'avatar': None}, 'roles': ['1440637184242749464'], 'premium_since': None, 'pending': False, 'nick': None, 'mute': False, 'joined_at': '2025-11-19T09:37:50.583000+00:00', 'flags': 0, 'deaf': False, 'communication_disabled_until': None, 'banner': None, 'avatar': None}], 'inventory_settings': None}}
[2025-11-30 16:59:05] [DEBUG   ] discord.client: Dispatching event socket_event_type
[2025-11-30 16:59:06] [DEBUG   ] discord.gateway: For Shard ID None: WebSocket Event: {'t': 'GUILD_MEMBERS_CHUNK', 's': 3, 'op': 0, 'd': {'nonce': '4adaa252d164c526b3c691a59dc67b02', 'members': [{'user': {'username': 'eyesbot', 'public_flags': 0, 'primary_guild': None, 'id': '1288620605905834026', 'global_name': None, 'display_name_styles': None, 'display_name': None, 'discriminator': '0', 'collectibles': None, 'bot': False, 'avatar_decoration_data': None, 'avatar': '6726c8c8cf5ca85d7974a47ae105b9fb'}, 'roles': [], 'premium_since': None, 'pending': False, 'nick': None, 'mute': False, 'joined_at': '2025-11-18T22:46:41.081000+00:00', 'flags': 0, 'deaf': False, 'communication_disabled_until': None, 'banner': None, 'avatar': None}, {'user': {'username': 'test?', 'public_flags': 0, 'primary_guild': None, 'id': '1440635833840439366', 'global_name': None, 'display_name_styles': None, 'display_name': None, 'discriminator': '2603', 'collectibles': None, 'bot': True, 'avatar_decoration_data': None, 'avatar': None}, 'roles': ['1440637184242749464'], 'premium_since': None, 'pending': False, 'nick': None, 'mute': False, 'joined_at': '2025-11-19T09:37:50.583000+00:00', 'flags': 0, 'deaf': False, 'communication_disabled_until': None, 'banner': None, 'avatar': None}], 'guild_id': '1440473314987610134', 'chunk_index': 0, 'chunk_count': 1}}
[2025-11-30 16:59:06] [DEBUG   ] discord.client: Dispatching event socket_event_type
[2025-11-30 16:59:06] [DEBUG   ] discord.state: Processed a chunk for 2 members in guild ID 1440473314987610134.
[2025-11-30 16:59:07] [DEBUG   ] discord.client: Dispatching event guild_available
[2025-11-30 16:59:07] [DEBUG   ] discord.client: Dispatching event ready
[2025-11-30 16:59:41] [DEBUG   ] discord.gateway: Keeping shard ID None websocket alive with sequence 3.
[2025-11-30 16:59:41] [DEBUG   ] discord.gateway: For Shard ID None: WebSocket Event: {'t': None, 's': None, 'op': 11, 'd': None}
[2025-11-30 17:00:23] [DEBUG   ] discord.gateway: Keeping shard ID None websocket alive with sequence 3.
[2025-11-30 17:00:23] [DEBUG   ] discord.gateway: For Shard ID None: WebSocket Event: {'t': None, 's': None, 'op': 11, 'd': None}
[2025-11-30 17:01:04] [DEBUG   ] discord.gateway: Keeping shard ID None websocket alive with sequence 3.
[2025-11-30 17:01:04] [DEBUG   ] discord.gateway: For Shard ID None: WebSocket Event: {'t': None, 's': None, 'op': 11, 'd': None}
[2025-11-30 17:01:45] [DEBUG   ] discord.gateway: Keeping shard ID None websocket alive with sequence 3.
[2025-11-30 17:01:45] [DEBUG   ] discord.gateway: For Shard ID None: WebSocket Event: {'t': None, 's': None, 'op': 11, 'd': None}
[2025-11-30 17:02:26] [DEBUG   ] discord.gateway: Keeping shard ID None websocket alive with sequence 3.
[2025-11-30 17:02:27] [DEBUG   ] discord.gateway: For Shard ID None: WebSocket Event: {'t': None, 's': None, 'op': 11, 'd': None}
[2025-11-30 17:03:08] [DEBUG   ] discord.gateway: Keeping shard ID None websocket alive with sequence 3.
[2025-11-30 17:03:08] [DEBUG   ] discord.gateway: For Shard ID None: WebSocket Event: {'t': None, 's': None, 'op': 11, 'd': None}
[2025-11-30 17:03:49] [DEBUG   ] discord.gateway: Keeping shard ID None websocket alive with sequence 3.
[2025-11-30 17:03:49] [DEBUG   ] discord.gateway: For Shard ID None: WebSocket Event: {'t': None, 's': None, 'op': 11, 'd': None}
[2025-11-30 17:04:30] [DEBUG   ] discord.gateway: Keeping shard ID None websocket alive with sequence 3.
[2025-11-30 17:04:30] [DEBUG   ] discord.gateway: For Shard ID None: WebSocket Event: {'t': None, 's': None, 'op': 11, 'd': None}
[2025-11-30 17:05:11] [DEBUG   ] discord.gateway: Keeping shard ID None websocket alive with sequence 3.
[2025-11-30 17:05:12] [DEBUG   ] discord.gateway: For Shard ID None: WebSocket Event: {'t': None, 's': None, 'op': 11, 'd': None}
[2025-11-30 17:05:53] [DEBUG   ] discord.gateway: Keeping shard ID None websocket alive with sequence 3.
[2025-11-30 17:05:53] [DEBUG   ] discord.gateway: For Shard ID None: WebSocket Event: {'t': None, 's': None, 'op': 11, 'd': None}
[2025-11-30 17:06:34] [DEBUG   ] discord.gateway: Keeping shard ID None websocket alive with sequence 3.
[2025-11-30 17:06:34] [DEBUG   ] discord.gateway: For Shard ID None: WebSocket Event: {'t': None, 's': None, 'op': 11, 'd': None}
[2025-11-30 17:07:15] [DEBUG   ] discord.gateway: Keeping shard ID None websocket alive with sequence 3.
[2025-11-30 17:07:15] [DEBUG   ] discord.gateway: For Shard ID None: WebSocket Event: {'t': None, 's': None, 'op': 11, 'd': None}
[2025-11-30 17:07:56] [DEBUG   ] discord.gateway: Keeping shard ID None websocket alive with sequence 3.
[2025-11-30 17:07:57] [DEBUG   ] discord.gateway: For Shard ID None: WebSocket Event: {'t': None, 's': None, 'op': 11, 'd': None}
[2025-11-30 17:08:38] [DEBUG   ] discord.gateway: Keeping shard ID None websocket alive with sequence 3.
[2025-11-30 17:08:38] [DEBUG   ] discord.gateway: For Shard ID None: WebSocket Event: {'t': None, 's': None, 'op': 11, 'd': None}
[2025-11-30 17:09:19] [DEBUG   ] discord.gateway: Keeping shard ID None websocket alive with sequence 3.
[2025-11-30 17:09:19] [DEBUG   ] discord.gateway: For Shard ID None: WebSocket Event: {'t': None, 's': None, 'op': 11, 'd': None}
[2025-11-30 17:10:00] [DEBUG   ] discord.gateway: Keeping shard ID None websocket alive with sequence 3.
[2025-11-30 17:10:00] [DEBUG   ] discord.gateway: For Shard ID None: WebSocket Event: {'t': None, 's': None, 'op': 11, 'd': None}
[2025-11-30 17:10:42] [DEBUG   ] discord.gateway: Keeping shard ID None websocket alive with sequence 3.
[2025-11-30 17:10:42] [DEBUG   ] discord.gateway: For Shard ID None: WebSocket Event: {'t': None, 's': None, 'op': 11, 'd': None}
[2025-11-30 17:11:23] [DEBUG   ] discord.gateway: Keeping shard ID None websocket alive with sequence 3.
[2025-11-30 17:11:23] [DEBUG   ] discord.gateway: For Shard ID None: WebSocket Event: {'t': None, 's': None, 'op': 11, 'd': None}
[2025-11-30 17:12:04] [DEBUG   ] discord.gateway: Keeping shard ID None websocket alive with sequence 3.
[2025-11-30 17:12:04] [DEBUG   ] discord.gateway: For Shard ID None: WebSocket Event: {'t': None, 's': None, 'op': 11, 'd': None}
[2025-11-30 17:12:45] [DEBUG   ] discord.gateway: Keeping shard ID None websocket alive with sequence 3.
[2025-11-30 17:12:45] [DEBUG   ] discord.gateway: For Shard ID None: WebSocket Event: {'t': None, 's': None, 'op': 11, 'd': None}
[2025-11-30 17:13:27] [DEBUG   ] discord.gateway: Keeping shard ID None websocket alive with sequence 3.
[2025-11-30 17:13:27] [DEBUG   ] discord.gateway: For Shard ID None: WebSocket Event: {'t': None, 's': None, 'op': 11, 'd': None}
[2025-11-30 17:14:08] [DEBUG   ] discord.gateway: Keeping shard ID None websocket alive with sequence 3.
[2025-11-30 17:14:08] [DEBUG   ] discord.gateway: For Shard ID None: WebSocket Event: {'t': None, 's': None, 'op': 11, 'd': None}
[2025-11-30 17:14:49] [DEBUG   ] discord.gateway: Keeping shard ID None websocket alive with sequence 3.
[2025-11-30 17:14:49] [DEBUG   ] discord.gateway: For Shard ID None: WebSocket Event: {'t': None, 's': None, 'op': 11, 'd': None}
[2025-11-30 17:15:30] [DEBUG   ] discord.gateway: Keeping shard ID None websocket alive with sequence 3.
[2025-11-30 17:15:30] [DEBUG   ] discord.gateway: For Shard ID None: WebSocket Event: {'t': None, 's': None, 'op': 11, 'd': None}
[2025-11-30 17:16:12] [DEBUG   ] discord.gateway: Keeping shard ID None websocket alive with sequence 3.
[2025-11-30 17:16:12] [DEBUG   ] discord.gateway: For Shard ID None: WebSocket Event: {'t': None, 's': None, 'op': 11, 'd': None}
[2025-11-30 17:16:53] [DEBUG   ] discord.gateway: Keeping shard ID None websocket alive with sequence 3.
[2025-11-30 17:16:53] [DEBUG   ] discord.gateway: For Shard ID None: WebSocket Event: {'t': None, 's': None, 'op': 11, 'd': None}
[2025-11-30 17:17:34] [DEBUG   ] discord.gateway: Keeping shard ID None websocket alive with sequence 3.
[2025-11-30 17:17:34] [DEBUG   ] discord.gateway: For Shard ID None: WebSocket Event: {'t': None, 's': None, 'op': 11, 'd': None}
[2025-11-30 17:18:15] [DEBUG   ] discord.gateway: Keeping shard ID None websocket alive with sequence 3.
[2025-11-30 17:18:15] [DEBUG   ] discord.gateway: For Shard ID None: WebSocket Event: {'t': None, 's': None, 'op': 11, 'd': None}
[2025-11-30 17:18:57] [DEBUG   ] discord.gateway: Keeping shard ID None websocket alive with sequence 3.
[2025-11-30 17:18:57] [DEBUG   ] discord.gateway: For Shard ID None: WebSocket Event: {'t': None, 's': None, 'op': 11, 'd': None}
[2025-11-30 17:19:38] [DEBUG   ] discord.gateway: Keeping shard ID None websocket alive with sequence 3.
[2025-11-30 17:19:38] [DEBUG   ] discord.gateway: For Shard ID None: WebSocket Event: {'t': None, 's': None, 'op': 11, 'd': None}
[2025-11-30 17:20:19] [DEBUG   ] discord.gateway: Keeping shard ID None websocket alive with sequence 3.
[2025-11-30 17:20:19] [DEBUG   ] discord.gateway: For Shard ID None: WebSocket Event: {'t': None, 's': None, 'op': 11, 'd': None}
[2025-11-30 17:21:00] [DEBUG   ] discord.gateway: Keeping shard ID None websocket alive with sequence 3.
[2025-11-30 17:21:00] [DEBUG   ] discord.gateway: For Shard ID None: WebSocket Event: {'t': None, 's': None, 'op': 11, 'd': None}
[2025-11-30 17:21:42] [DEBUG   ] discord.gateway: Keeping shard ID None websocket alive with sequence 3.
[2025-11-30 17:21:42] [DEBUG   ] discord.gateway: For Shard ID None: WebSocket Event: {'t': None, 's': None, 'op': 11, 'd': None}
[2025-11-30 17:22:23] [DEBUG   ] discord.gateway: Keeping shard ID None websocket alive with sequence 3.
[2025-11-30 17:22:23] [DEBUG   ] discord.gateway: For Shard ID None: WebSocket Event: {'t': None, 's': None, 'op': 11, 'd': None}
[2025-11-30 17:23:04] [DEBUG   ] discord.gateway: Keeping shard ID None websocket alive with sequence 3.
[2025-11-30 17:23:04] [DEBUG   ] discord.gateway: For Shard ID None: WebSocket Event: {'t': None, 's': None, 'op': 11, 'd': None}
[2025-11-30 17:23:45] [DEBUG   ] discord.gateway: Keeping shard ID None websocket alive with sequence 3.
[2025-11-30 17:23:46] [DEBUG   ] discord.gateway: For Shard ID None: WebSocket Event: {'t': None, 's': None, 'op': 11, 'd': None}
[2025-11-30 17:24:27] [DEBUG   ] discord.gateway: Keeping shard ID None websocket alive with sequence 3.
[2025-11-30 17:24:27] [DEBUG   ] discord.gateway: For Shard ID None: WebSocket Event: {'t': None, 's': None, 'op': 11, 'd': None}
[2025-11-30 17:25:08] [DEBUG   ] discord.gateway: Keeping shard ID None websocket alive with sequence 3.
[2025-11-30 17:25:08] [DEBUG   ] discord.gateway: For Shard ID None: WebSocket Event: {'t': None, 's': None, 'op': 11, 'd': None}
[2025-11-30 17:25:49] [DEBUG   ] discord.gateway: Keeping shard ID None websocket alive with sequence 3.
[2025-11-30 17:25:49] [DEBUG   ] discord.gateway: For Shard ID None: WebSocket Event: {'t': None, 's': None, 'op': 11, 'd': None}
[2025-11-30 17:26:30] [DEBUG   ] discord.gateway: Keeping shard ID None websocket alive with sequence 3.
[2025-11-30 17:26:31] [DEBUG   ] discord.gateway: For Shard ID None: WebSocket Event: {'t': None, 's': None, 'op': 11, 'd': None}
[2025-11-30 17:27:12] [DEBUG   ] discord.gateway: Keeping shard ID None websocket alive with sequence 3.
[2025-11-30 17:27:12] [DEBUG   ] discord.gateway: For Shard ID None: WebSocket Event: {'t': None, 's': None, 'op': 11, 'd': None}
[2025-11-30 17:27:53] [DEBUG   ] discord.gateway: Keeping shard ID None websocket alive with sequence 3.
[2025-11-30 17:27:53] [DEBUG   ] discord.gateway: For Shard ID None: WebSocket Event: {'t': None, 's': None, 'op': 11, 'd': None}
[2025-11-30 17:28:34] [DEBUG   ] discord.gateway: Keeping shard ID None websocket alive with sequence 3.
[2025-11-30 17:28:34] [DEBUG   ] discord.gateway: For Shard ID None: WebSocket Event: {'t': None, 's': None, 'op': 11, 'd': None}
[2025-11-30 17:29:15] [DEBUG   ] discord.gateway: Keeping shard ID None websocket alive with sequence 3.
[2025-11-30 17:29:16] [DEBUG   ] discord.gateway: For Shard ID None: WebSocket Event: {'t': None, 's': None, 'op': 11, 'd': None}
[2025-11-30 17:29:57] [DEBUG   ] discord.gateway: Keeping shard ID None websocket alive with sequence 3.
[2025-11-30 17:29:57] [DEBUG   ] discord.gateway: For Shard ID None: WebSocket Event: {'t': None, 's': None, 'op': 11, 'd': None}
[2025-11-30 17:30:38] [DEBUG   ] discord.gateway: Keeping shard ID None websocket alive with sequence 3.
[2025-11-30 17:30:38] [DEBUG   ] discord.gateway: For Shard ID None: WebSocket Event: {'t': None, 's': None, 'op': 11, 'd': None}
[2025-11-30 17:31:19] [DEBUG   ] discord.gateway: Keeping shard ID None websocket alive with sequence 3.
[2025-11-30 17:31:19] [DEBUG   ] discord.gateway: For Shard ID None: WebSocket Event: {'t': None, 's': None, 'op': 11, 'd': None}
[2025-11-30 17:32:00] [DEBUG   ] discord.gateway: Keeping shard ID None websocket alive with sequence 3.
[2025-11-30 17:32:01] [DEBUG   ] discord.gateway: For Shard ID None: WebSocket Event: {'t': None, 's': None, 'op': 11, 'd': None}
[2025-11-30 17:32:42] [DEBUG   ] discord.gateway: Keeping shard ID None websocket alive with sequence 3.
[2025-11-30 17:32:42] [DEBUG   ] discord.gateway: For Shard ID None: WebSocket Event: {'t': None, 's': None, 'op': 11, 'd': None}
[2025-11-30 17:33:23] [DEBUG   ] discord.gateway: Keeping shard ID None websocket alive with sequence 3.
[2025-11-30 17:33:23] [DEBUG   ] discord.gateway: For Shard ID None: WebSocket Event: {'t': None, 's': None, 'op': 11, 'd': None}
[2025-11-30 17:34:04] [DEBUG   ] discord.gateway: Keeping shard ID None websocket alive with sequence 3.
[2025-11-30 17:34:04] [DEBUG   ] discord.gateway: For Shard ID None: WebSocket Event: {'t': None, 's': None, 'op': 11, 'd': None}
[2025-11-30 17:34:46] [DEBUG   ] discord.gateway: Keeping shard ID None websocket alive with sequence 3.
[2025-11-30 17:34:46] [DEBUG   ] discord.gateway: For Shard ID None: WebSocket Event: {'t': None, 's': None, 'op': 11, 'd': None}
[2025-11-30 17:35:27] [DEBUG   ] discord.gateway: Keeping shard ID None websocket alive with sequence 3.
[2025-11-30 17:35:27] [DEBUG   ] discord.gateway: For Shard ID None: WebSocket Event: {'t': None, 's': None, 'op': 11, 'd': None}
[2025-11-30 17:36:08] [DEBUG   ] discord.gateway: Keeping shard ID None websocket alive with sequence 3.
[2025-11-30 17:36:08] [DEBUG   ] discord.gateway: For Shard ID None: WebSocket Event: {'t': None, 's': None, 'op': 11, 'd': None}
[2025-11-30 17:36:49] [DEBUG   ] discord.gateway: Keeping shard ID None websocket alive with sequence 3.
[2025-11-30 17:36:49] [DEBUG   ] discord.gateway: For Shard ID None: WebSocket Event: {'t': None, 's': None, 'op': 11, 'd': None}
[2025-11-30 17:37:31] [DEBUG   ] discord.gateway: Keeping shard ID None websocket alive with sequence 3.
[2025-11-30 17:37:31] [DEBUG   ] discord.gateway: For Shard ID None: WebSocket Event: {'t': None, 's': None, 'op': 11, 'd': None}
[2025-11-30 17:38:12] [DEBUG   ] discord.gateway: Keeping shard ID None websocket alive with sequence 3.
[2025-11-30 17:38:12] [DEBUG   ] discord.gateway: For Shard ID None: WebSocket Event: {'t': None, 's': None, 'op': 11, 'd': None}
[2025-11-30 17:38:53] [DEBUG   ] discord.gateway: Keeping shard ID None websocket alive with sequence 3.
[2025-11-30 17:38:53] [DEBUG   ] discord.gateway: For Shard ID None: WebSocket Event: {'t': None, 's': None, 'op': 11, 'd': None}
[2025-11-30 17:39:34] [DEBUG   ] discord.gateway: Keeping shard ID None websocket alive with sequence 3.
[2025-11-30 17:39:34] [DEBUG   ] discord.gateway: For Shard ID None: WebSocket Event: {'t': None, 's': None, 'op': 11, 'd': None}
[2025-11-30 17:40:16] [DEBUG   ] discord.gateway: Keeping shard ID None websocket alive with sequence 3.
[2025-11-30 17:40:16] [DEBUG   ] discord.gateway: For Shard ID None: WebSocket Event: {'t': None, 's': None, 'op': 11, 'd': None}
[2025-11-30 17:40:57] [DEBUG   ] discord.gateway: Keeping shard ID None websocket alive with sequence 3.
[2025-11-30 17:40:57] [DEBUG   ] discord.gateway: For Shard ID None: WebSocket Event: {'t': None, 's': None, 'op': 11, 'd': None}
[2025-11-30 17:41:38] [DEBUG   ] discord.gateway: Keeping shard ID None websocket alive with sequence 3.
[2025-11-30 17:41:38] [DEBUG   ] discord.gateway: For Shard ID None: WebSocket Event: {'t': None, 's': None, 'op': 11, 'd': None}
[2025-11-30 17:42:19] [DEBUG   ] discord.gateway: Keeping shard ID None websocket alive with sequence 3.
[2025-11-30 17:42:19] [DEBUG   ] discord.gateway: For Shard ID None: WebSocket Event: {'t': None, 's': None, 'op': 11, 'd': None}
[2025-11-30 17:43:01] [DEBUG   ] discord.gateway: Keeping shard ID None websocket alive with sequence 3.
[2025-11-30 17:43:01] [DEBUG   ] discord.gateway: For Shard ID None: WebSocket Event: {'t': None, 's': None, 'op': 11, 'd': None}
[2025-11-30 17:43:42] [DEBUG   ] discord.gateway: Keeping shard ID None websocket alive with sequence 3.
[2025-11-30 17:43:42] [DEBUG   ] discord.gateway: For Shard ID None: WebSocket Event: {'t': None, 's': None, 'op': 11, 'd': None}
[2025-11-30 17:44:23] [DEBUG   ] discord.gateway: Keeping shard ID None websocket alive with sequence 3.
[2025-11-30 17:44:23] [DEBUG   ] discord.gateway: For Shard ID None: WebSocket Event: {'t': None, 's': None, 'op': 11, 'd': None}
[2025-11-30 17:45:04] [DEBUG   ] discord.gateway: Keeping shard ID None websocket alive with sequence 3.
[2025-11-30 17:45:04] [DEBUG   ] discord.gateway: For Shard ID None: WebSocket Event: {'t': None, 's': None, 'op': 11, 'd': None}
[2025-11-30 17:45:46] [DEBUG   ] discord.gateway: Keeping shard ID None websocket alive with sequence 3.
[2025-11-30 17:45:46] [DEBUG   ] discord.gateway: For Shard ID None: WebSocket Event: {'t': None, 's': None, 'op': 11, 'd': None}
[2025-11-30 17:46:27] [DEBUG   ] discord.gateway: Keeping shard ID None websocket alive with sequence 3.
[2025-11-30 17:46:35] [DEBUG   ] discord.gateway: For Shard ID None: WebSocket Event: {'t': None, 's': None, 'op': 1, 'd': None}
[2025-11-30 17:46:46] [DEBUG   ] discord.gateway: Received WSMessage(type=<WSMsgType.CLOSED: 257>, data=None, extra=None)
[2025-11-30 17:46:46] [DEBUG   ] discord.gateway: Websocket closed with 1006, attempting a reconnect.
[2025-11-30 17:46:46] [DEBUG   ] discord.client: Got a request to RESUME the websocket.
[2025-11-30 17:46:46] [DEBUG   ] discord.client: Dispatching event disconnect
[2025-11-30 17:46:58] [DEBUG   ] discord.client: Dispatching event disconnect
[2025-11-30 17:46:58] [ERROR   ] discord.client: Attempting a reconnect in 1.54s
Traceback (most recent call last):
  File "C:\Python313\Lib\site-packages\aiohttp\connector.py", line 1532, in _create_direct_connection
    hosts = await self._resolve_host(host, port, traces=traces)
            ^^^^^^^^^^^^^^^^^^^^^^^^^^^^^^^^^^^^^^^^^^^^^^^^^^^
  File "C:\Python313\Lib\site-packages\aiohttp\connector.py", line 1148, in _resolve_host
    return await asyncio.shield(resolved_host_task)
           ^^^^^^^^^^^^^^^^^^^^^^^^^^^^^^^^^^^^^^^^
  File "C:\Python313\Lib\site-packages\aiohttp\connector.py", line 1179, in _resolve_host_with_throttle
    addrs = await self._resolver.resolve(host, port, family=self._family)
            ^^^^^^^^^^^^^^^^^^^^^^^^^^^^^^^^^^^^^^^^^^^^^^^^^^^^^^^^^^^^^
  File "C:\Python313\Lib\site-packages\aiohttp\resolver.py", line 40, in resolve
    infos = await self._loop.getaddrinfo(
            ^^^^^^^^^^^^^^^^^^^^^^^^^^^^^
    ...<5 lines>...
    )
    ^
  File "C:\Python313\Lib\asyncio\base_events.py", line 934, in getaddrinfo
    return await self.run_in_executor(
           ^^^^^^^^^^^^^^^^^^^^^^^^^^^
        None, getaddr_func, host, port, family, type, proto, flags)
        ^^^^^^^^^^^^^^^^^^^^^^^^^^^^^^^^^^^^^^^^^^^^^^^^^^^^^^^^^^^
  File "C:\Python313\Lib\concurrent\futures\thread.py", line 59, in run
    result = self.fn(*self.args, **self.kwargs)
  File "C:\Python313\Lib\socket.py", line 975, in getaddrinfo
    for res in _socket.getaddrinfo(host, port, family, type, proto, flags):
               ~~~~~~~~~~~~~~~~~~~^^^^^^^^^^^^^^^^^^^^^^^^^^^^^^^^^^^^^^^^
socket.gaierror: [Errno 11001] getaddrinfo failed

The above exception was the direct cause of the following exception:

Traceback (most recent call last):
  File "C:\Python313\Lib\site-packages\discord\client.py", line 724, in connect
    self.ws = await asyncio.wait_for(coro, timeout=60.0)
              ^^^^^^^^^^^^^^^^^^^^^^^^^^^^^^^^^^^^^^^^^^
  File "C:\Python313\Lib\asyncio\tasks.py", line 507, in wait_for
    return await fut
           ^^^^^^^^^
  File "C:\Python313\Lib\site-packages\discord\gateway.py", line 383, in from_client
    socket = await client.http.ws_connect(str(url))
             ^^^^^^^^^^^^^^^^^^^^^^^^^^^^^^^^^^^^^^
  File "C:\Python313\Lib\site-packages\discord\http.py", line 566, in ws_connect
    return await self.__session.ws_connect(url, **kwargs)
           ^^^^^^^^^^^^^^^^^^^^^^^^^^^^^^^^^^^^^^^^^^^^^^
  File "C:\Python313\Lib\site-packages\aiohttp\client.py", line 1076, in _ws_connect
    resp = await self.request(
           ^^^^^^^^^^^^^^^^^^^
    ...<11 lines>...
    )
    ^
  File "C:\Python313\Lib\site-packages\aiohttp\client.py", line 779, in _request
    resp = await handler(req)
           ^^^^^^^^^^^^^^^^^^
  File "C:\Python313\Lib\site-packages\aiohttp\client.py", line 734, in _connect_and_send_request
    conn = await self._connector.connect(
           ^^^^^^^^^^^^^^^^^^^^^^^^^^^^^^
        req, traces=traces, timeout=real_timeout
        ^^^^^^^^^^^^^^^^^^^^^^^^^^^^^^^^^^^^^^^^
    )
    ^
  File "C:\Python313\Lib\site-packages\aiohttp\connector.py", line 642, in connect
    proto = await self._create_connection(req, traces, timeout)
            ^^^^^^^^^^^^^^^^^^^^^^^^^^^^^^^^^^^^^^^^^^^^^^^^^^^
  File "C:\Python313\Lib\site-packages\aiohttp\connector.py", line 1209, in _create_connection
    _, proto = await self._create_direct_connection(req, traces, timeout)
               ^^^^^^^^^^^^^^^^^^^^^^^^^^^^^^^^^^^^^^^^^^^^^^^^^^^^^^^^^^
  File "C:\Python313\Lib\site-packages\aiohttp\connector.py", line 1538, in _create_direct_connection
    raise ClientConnectorDNSError(req.connection_key, exc) from exc
aiohttp.client_exceptions.ClientConnectorDNSError: Cannot connect to host gateway-us-east1-d.discord.gg:443 ssl:default [getaddrinfo failed]
[2025-11-30 17:47:00] [DEBUG   ] discord.client: Dispatching event disconnect
[2025-11-30 17:47:00] [ERROR   ] discord.client: Attempting a reconnect in 1.52s
Traceback (most recent call last):
  File "C:\Python313\Lib\site-packages\aiohttp\connector.py", line 1532, in _create_direct_connection
    hosts = await self._resolve_host(host, port, traces=traces)
            ^^^^^^^^^^^^^^^^^^^^^^^^^^^^^^^^^^^^^^^^^^^^^^^^^^^
  File "C:\Python313\Lib\site-packages\aiohttp\connector.py", line 1148, in _resolve_host
    return await asyncio.shield(resolved_host_task)
           ^^^^^^^^^^^^^^^^^^^^^^^^^^^^^^^^^^^^^^^^
  File "C:\Python313\Lib\site-packages\aiohttp\connector.py", line 1179, in _resolve_host_with_throttle
    addrs = await self._resolver.resolve(host, port, family=self._family)
            ^^^^^^^^^^^^^^^^^^^^^^^^^^^^^^^^^^^^^^^^^^^^^^^^^^^^^^^^^^^^^
  File "C:\Python313\Lib\site-packages\aiohttp\resolver.py", line 40, in resolve
    infos = await self._loop.getaddrinfo(
            ^^^^^^^^^^^^^^^^^^^^^^^^^^^^^
    ...<5 lines>...
    )
    ^
  File "C:\Python313\Lib\asyncio\base_events.py", line 934, in getaddrinfo
    return await self.run_in_executor(
           ^^^^^^^^^^^^^^^^^^^^^^^^^^^
        None, getaddr_func, host, port, family, type, proto, flags)
        ^^^^^^^^^^^^^^^^^^^^^^^^^^^^^^^^^^^^^^^^^^^^^^^^^^^^^^^^^^^
  File "C:\Python313\Lib\concurrent\futures\thread.py", line 59, in run
    result = self.fn(*self.args, **self.kwargs)
  File "C:\Python313\Lib\socket.py", line 975, in getaddrinfo
    for res in _socket.getaddrinfo(host, port, family, type, proto, flags):
               ~~~~~~~~~~~~~~~~~~~^^^^^^^^^^^^^^^^^^^^^^^^^^^^^^^^^^^^^^^^
socket.gaierror: [Errno 11001] getaddrinfo failed

The above exception was the direct cause of the following exception:

Traceback (most recent call last):
  File "C:\Python313\Lib\site-packages\discord\client.py", line 724, in connect
    self.ws = await asyncio.wait_for(coro, timeout=60.0)
              ^^^^^^^^^^^^^^^^^^^^^^^^^^^^^^^^^^^^^^^^^^
  File "C:\Python313\Lib\asyncio\tasks.py", line 507, in wait_for
    return await fut
           ^^^^^^^^^
  File "C:\Python313\Lib\site-packages\discord\gateway.py", line 383, in from_client
    socket = await client.http.ws_connect(str(url))
             ^^^^^^^^^^^^^^^^^^^^^^^^^^^^^^^^^^^^^^
  File "C:\Python313\Lib\site-packages\discord\http.py", line 566, in ws_connect
    return await self.__session.ws_connect(url, **kwargs)
           ^^^^^^^^^^^^^^^^^^^^^^^^^^^^^^^^^^^^^^^^^^^^^^
  File "C:\Python313\Lib\site-packages\aiohttp\client.py", line 1076, in _ws_connect
    resp = await self.request(
           ^^^^^^^^^^^^^^^^^^^
    ...<11 lines>...
    )
    ^
  File "C:\Python313\Lib\site-packages\aiohttp\client.py", line 779, in _request
    resp = await handler(req)
           ^^^^^^^^^^^^^^^^^^
  File "C:\Python313\Lib\site-packages\aiohttp\client.py", line 734, in _connect_and_send_request
    conn = await self._connector.connect(
           ^^^^^^^^^^^^^^^^^^^^^^^^^^^^^^
        req, traces=traces, timeout=real_timeout
        ^^^^^^^^^^^^^^^^^^^^^^^^^^^^^^^^^^^^^^^^
    )
    ^
  File "C:\Python313\Lib\site-packages\aiohttp\connector.py", line 642, in connect
    proto = await self._create_connection(req, traces, timeout)
            ^^^^^^^^^^^^^^^^^^^^^^^^^^^^^^^^^^^^^^^^^^^^^^^^^^^
  File "C:\Python313\Lib\site-packages\aiohttp\connector.py", line 1209, in _create_connection
    _, proto = await self._create_direct_connection(req, traces, timeout)
               ^^^^^^^^^^^^^^^^^^^^^^^^^^^^^^^^^^^^^^^^^^^^^^^^^^^^^^^^^^
  File "C:\Python313\Lib\site-packages\aiohttp\connector.py", line 1538, in _create_direct_connection
    raise ClientConnectorDNSError(req.connection_key, exc) from exc
aiohttp.client_exceptions.ClientConnectorDNSError: Cannot connect to host gateway-us-east1-d.discord.gg:443 ssl:default [getaddrinfo failed]
[2025-11-30 17:47:01] [DEBUG   ] discord.client: Dispatching event disconnect
[2025-11-30 17:47:01] [ERROR   ] discord.client: Attempting a reconnect in 1.48s
Traceback (most recent call last):
  File "C:\Python313\Lib\site-packages\aiohttp\connector.py", line 1532, in _create_direct_connection
    hosts = await self._resolve_host(host, port, traces=traces)
            ^^^^^^^^^^^^^^^^^^^^^^^^^^^^^^^^^^^^^^^^^^^^^^^^^^^
  File "C:\Python313\Lib\site-packages\aiohttp\connector.py", line 1148, in _resolve_host
    return await asyncio.shield(resolved_host_task)
           ^^^^^^^^^^^^^^^^^^^^^^^^^^^^^^^^^^^^^^^^
  File "C:\Python313\Lib\site-packages\aiohttp\connector.py", line 1179, in _resolve_host_with_throttle
    addrs = await self._resolver.resolve(host, port, family=self._family)
            ^^^^^^^^^^^^^^^^^^^^^^^^^^^^^^^^^^^^^^^^^^^^^^^^^^^^^^^^^^^^^
  File "C:\Python313\Lib\site-packages\aiohttp\resolver.py", line 40, in resolve
    infos = await self._loop.getaddrinfo(
            ^^^^^^^^^^^^^^^^^^^^^^^^^^^^^
    ...<5 lines>...
    )
    ^
  File "C:\Python313\Lib\asyncio\base_events.py", line 934, in getaddrinfo
    return await self.run_in_executor(
           ^^^^^^^^^^^^^^^^^^^^^^^^^^^
        None, getaddr_func, host, port, family, type, proto, flags)
        ^^^^^^^^^^^^^^^^^^^^^^^^^^^^^^^^^^^^^^^^^^^^^^^^^^^^^^^^^^^
  File "C:\Python313\Lib\concurrent\futures\thread.py", line 59, in run
    result = self.fn(*self.args, **self.kwargs)
  File "C:\Python313\Lib\socket.py", line 975, in getaddrinfo
    for res in _socket.getaddrinfo(host, port, family, type, proto, flags):
               ~~~~~~~~~~~~~~~~~~~^^^^^^^^^^^^^^^^^^^^^^^^^^^^^^^^^^^^^^^^
socket.gaierror: [Errno 11001] getaddrinfo failed

The above exception was the direct cause of the following exception:

Traceback (most recent call last):
  File "C:\Python313\Lib\site-packages\discord\client.py", line 724, in connect
    self.ws = await asyncio.wait_for(coro, timeout=60.0)
              ^^^^^^^^^^^^^^^^^^^^^^^^^^^^^^^^^^^^^^^^^^
  File "C:\Python313\Lib\asyncio\tasks.py", line 507, in wait_for
    return await fut
           ^^^^^^^^^
  File "C:\Python313\Lib\site-packages\discord\gateway.py", line 383, in from_client
    socket = await client.http.ws_connect(str(url))
             ^^^^^^^^^^^^^^^^^^^^^^^^^^^^^^^^^^^^^^
  File "C:\Python313\Lib\site-packages\discord\http.py", line 566, in ws_connect
    return await self.__session.ws_connect(url, **kwargs)
           ^^^^^^^^^^^^^^^^^^^^^^^^^^^^^^^^^^^^^^^^^^^^^^
  File "C:\Python313\Lib\site-packages\aiohttp\client.py", line 1076, in _ws_connect
    resp = await self.request(
           ^^^^^^^^^^^^^^^^^^^
    ...<11 lines>...
    )
    ^
  File "C:\Python313\Lib\site-packages\aiohttp\client.py", line 779, in _request
    resp = await handler(req)
           ^^^^^^^^^^^^^^^^^^
  File "C:\Python313\Lib\site-packages\aiohttp\client.py", line 734, in _connect_and_send_request
    conn = await self._connector.connect(
           ^^^^^^^^^^^^^^^^^^^^^^^^^^^^^^
        req, traces=traces, timeout=real_timeout
        ^^^^^^^^^^^^^^^^^^^^^^^^^^^^^^^^^^^^^^^^
    )
    ^
  File "C:\Python313\Lib\site-packages\aiohttp\connector.py", line 642, in connect
    proto = await self._create_connection(req, traces, timeout)
            ^^^^^^^^^^^^^^^^^^^^^^^^^^^^^^^^^^^^^^^^^^^^^^^^^^^
  File "C:\Python313\Lib\site-packages\aiohttp\connector.py", line 1209, in _create_connection
    _, proto = await self._create_direct_connection(req, traces, timeout)
               ^^^^^^^^^^^^^^^^^^^^^^^^^^^^^^^^^^^^^^^^^^^^^^^^^^^^^^^^^^
  File "C:\Python313\Lib\site-packages\aiohttp\connector.py", line 1538, in _create_direct_connection
    raise ClientConnectorDNSError(req.connection_key, exc) from exc
aiohttp.client_exceptions.ClientConnectorDNSError: Cannot connect to host gateway-us-east1-d.discord.gg:443 ssl:default [getaddrinfo failed]
[2025-11-30 17:47:03] [DEBUG   ] discord.client: Dispatching event disconnect
[2025-11-30 17:47:03] [ERROR   ] discord.client: Attempting a reconnect in 13.43s
Traceback (most recent call last):
  File "C:\Python313\Lib\site-packages\aiohttp\connector.py", line 1532, in _create_direct_connection
    hosts = await self._resolve_host(host, port, traces=traces)
            ^^^^^^^^^^^^^^^^^^^^^^^^^^^^^^^^^^^^^^^^^^^^^^^^^^^
  File "C:\Python313\Lib\site-packages\aiohttp\connector.py", line 1148, in _resolve_host
    return await asyncio.shield(resolved_host_task)
           ^^^^^^^^^^^^^^^^^^^^^^^^^^^^^^^^^^^^^^^^
  File "C:\Python313\Lib\site-packages\aiohttp\connector.py", line 1179, in _resolve_host_with_throttle
    addrs = await self._resolver.resolve(host, port, family=self._family)
            ^^^^^^^^^^^^^^^^^^^^^^^^^^^^^^^^^^^^^^^^^^^^^^^^^^^^^^^^^^^^^
  File "C:\Python313\Lib\site-packages\aiohttp\resolver.py", line 40, in resolve
    infos = await self._loop.getaddrinfo(
            ^^^^^^^^^^^^^^^^^^^^^^^^^^^^^
    ...<5 lines>...
    )
    ^
  File "C:\Python313\Lib\asyncio\base_events.py", line 934, in getaddrinfo
    return await self.run_in_executor(
           ^^^^^^^^^^^^^^^^^^^^^^^^^^^
        None, getaddr_func, host, port, family, type, proto, flags)
        ^^^^^^^^^^^^^^^^^^^^^^^^^^^^^^^^^^^^^^^^^^^^^^^^^^^^^^^^^^^
  File "C:\Python313\Lib\concurrent\futures\thread.py", line 59, in run
    result = self.fn(*self.args, **self.kwargs)
  File "C:\Python313\Lib\socket.py", line 975, in getaddrinfo
    for res in _socket.getaddrinfo(host, port, family, type, proto, flags):
               ~~~~~~~~~~~~~~~~~~~^^^^^^^^^^^^^^^^^^^^^^^^^^^^^^^^^^^^^^^^
socket.gaierror: [Errno 11001] getaddrinfo failed

The above exception was the direct cause of the following exception:

Traceback (most recent call last):
  File "C:\Python313\Lib\site-packages\discord\client.py", line 724, in connect
    self.ws = await asyncio.wait_for(coro, timeout=60.0)
              ^^^^^^^^^^^^^^^^^^^^^^^^^^^^^^^^^^^^^^^^^^
  File "C:\Python313\Lib\asyncio\tasks.py", line 507, in wait_for
    return await fut
           ^^^^^^^^^
  File "C:\Python313\Lib\site-packages\discord\gateway.py", line 383, in from_client
    socket = await client.http.ws_connect(str(url))
             ^^^^^^^^^^^^^^^^^^^^^^^^^^^^^^^^^^^^^^
  File "C:\Python313\Lib\site-packages\discord\http.py", line 566, in ws_connect
    return await self.__session.ws_connect(url, **kwargs)
           ^^^^^^^^^^^^^^^^^^^^^^^^^^^^^^^^^^^^^^^^^^^^^^
  File "C:\Python313\Lib\site-packages\aiohttp\client.py", line 1076, in _ws_connect
    resp = await self.request(
           ^^^^^^^^^^^^^^^^^^^
    ...<11 lines>...
    )
    ^
  File "C:\Python313\Lib\site-packages\aiohttp\client.py", line 779, in _request
    resp = await handler(req)
           ^^^^^^^^^^^^^^^^^^
  File "C:\Python313\Lib\site-packages\aiohttp\client.py", line 734, in _connect_and_send_request
    conn = await self._connector.connect(
           ^^^^^^^^^^^^^^^^^^^^^^^^^^^^^^
        req, traces=traces, timeout=real_timeout
        ^^^^^^^^^^^^^^^^^^^^^^^^^^^^^^^^^^^^^^^^
    )
    ^
  File "C:\Python313\Lib\site-packages\aiohttp\connector.py", line 642, in connect
    proto = await self._create_connection(req, traces, timeout)
            ^^^^^^^^^^^^^^^^^^^^^^^^^^^^^^^^^^^^^^^^^^^^^^^^^^^
  File "C:\Python313\Lib\site-packages\aiohttp\connector.py", line 1209, in _create_connection
    _, proto = await self._create_direct_connection(req, traces, timeout)
               ^^^^^^^^^^^^^^^^^^^^^^^^^^^^^^^^^^^^^^^^^^^^^^^^^^^^^^^^^^
  File "C:\Python313\Lib\site-packages\aiohttp\connector.py", line 1538, in _create_direct_connection
    raise ClientConnectorDNSError(req.connection_key, exc) from exc
aiohttp.client_exceptions.ClientConnectorDNSError: Cannot connect to host gateway-us-east1-d.discord.gg:443 ssl:default [getaddrinfo failed]
[2025-11-30 17:47:16] [DEBUG   ] discord.gateway: Created websocket connected to wss://gateway-us-east1-d.discord.gg
[2025-11-30 17:47:16] [DEBUG   ] discord.gateway: For Shard ID None: WebSocket Event: {'t': None, 's': None, 'op': 10, 'd': {'heartbeat_interval': 41250, '_trace': ['["gateway-prd-arm-us-east1-d-jzsb",{"micros":0.0}]']}}
[2025-11-30 17:47:16] [DEBUG   ] discord.gateway: Shard ID None has sent the RESUME payload.
[2025-11-30 17:47:16] [DEBUG   ] discord.gateway: For Shard ID None: WebSocket Event: {'t': None, 's': None, 'op': 11, 'd': None}
[2025-11-30 17:47:16] [DEBUG   ] discord.gateway: For Shard ID None: WebSocket Event: {'t': 'RESUMED', 's': 4, 'op': 0, 'd': {'_trace': ['["gateway-prd-arm-us-east1-d-jzsb",{"micros":444,"calls":["id_created",{"micros":0,"calls":[]},"session_lookup_time",{"micros":183,"calls":[]},"session_lookup_finished",{"micros":15,"calls":[]},"discord-sessions-prd-2-18",{"micros":13}]}]']}}
[2025-11-30 17:47:16] [DEBUG   ] discord.client: Dispatching event socket_event_type
[2025-11-30 17:47:16] [INFO    ] discord.gateway: Shard ID None has successfully RESUMED session f46272ed82ba3b77b7697ec680b8a6c7.
[2025-11-30 17:47:16] [DEBUG   ] discord.client: Dispatching event resumed
[2025-11-30 17:47:58] [DEBUG   ] discord.gateway: Keeping shard ID None websocket alive with sequence 4.
[2025-11-30 17:47:58] [DEBUG   ] discord.gateway: For Shard ID None: WebSocket Event: {'t': None, 's': None, 'op': 11, 'd': None}
[2025-11-30 17:48:39] [DEBUG   ] discord.gateway: Keeping shard ID None websocket alive with sequence 4.
[2025-11-30 17:48:39] [DEBUG   ] discord.gateway: For Shard ID None: WebSocket Event: {'t': None, 's': None, 'op': 11, 'd': None}
[2025-11-30 17:49:20] [DEBUG   ] discord.gateway: Keeping shard ID None websocket alive with sequence 4.
[2025-11-30 17:49:20] [DEBUG   ] discord.gateway: For Shard ID None: WebSocket Event: {'t': None, 's': None, 'op': 11, 'd': None}
[2025-11-30 17:50:01] [DEBUG   ] discord.gateway: Keeping shard ID None websocket alive with sequence 4.
[2025-11-30 17:50:01] [DEBUG   ] discord.gateway: For Shard ID None: WebSocket Event: {'t': None, 's': None, 'op': 11, 'd': None}
[2025-11-30 17:50:43] [DEBUG   ] discord.gateway: Keeping shard ID None websocket alive with sequence 4.
[2025-11-30 17:50:43] [DEBUG   ] discord.gateway: For Shard ID None: WebSocket Event: {'t': None, 's': None, 'op': 11, 'd': None}
[2025-11-30 17:51:24] [DEBUG   ] discord.gateway: Keeping shard ID None websocket alive with sequence 4.
[2025-11-30 17:51:24] [DEBUG   ] discord.gateway: For Shard ID None: WebSocket Event: {'t': None, 's': None, 'op': 11, 'd': None}
[2025-11-30 17:52:05] [DEBUG   ] discord.gateway: Keeping shard ID None websocket alive with sequence 4.
[2025-11-30 17:52:05] [DEBUG   ] discord.gateway: For Shard ID None: WebSocket Event: {'t': None, 's': None, 'op': 11, 'd': None}
[2025-11-30 17:52:46] [DEBUG   ] discord.gateway: Keeping shard ID None websocket alive with sequence 4.
[2025-11-30 17:52:47] [DEBUG   ] discord.gateway: For Shard ID None: WebSocket Event: {'t': None, 's': None, 'op': 11, 'd': None}
[2025-11-30 17:53:28] [DEBUG   ] discord.gateway: Keeping shard ID None websocket alive with sequence 4.
[2025-11-30 17:53:28] [DEBUG   ] discord.gateway: For Shard ID None: WebSocket Event: {'t': None, 's': None, 'op': 11, 'd': None}
[2025-11-30 17:54:09] [DEBUG   ] discord.gateway: Keeping shard ID None websocket alive with sequence 4.
[2025-11-30 17:54:09] [DEBUG   ] discord.gateway: For Shard ID None: WebSocket Event: {'t': None, 's': None, 'op': 11, 'd': None}
[2025-11-30 17:54:50] [DEBUG   ] discord.gateway: Keeping shard ID None websocket alive with sequence 4.
[2025-11-30 17:54:50] [DEBUG   ] discord.gateway: For Shard ID None: WebSocket Event: {'t': None, 's': None, 'op': 11, 'd': None}
[2025-11-30 17:55:31] [DEBUG   ] discord.gateway: Keeping shard ID None websocket alive with sequence 4.
[2025-11-30 17:55:32] [DEBUG   ] discord.gateway: For Shard ID None: WebSocket Event: {'t': None, 's': None, 'op': 11, 'd': None}
[2025-11-30 17:56:13] [DEBUG   ] discord.gateway: Keeping shard ID None websocket alive with sequence 4.
[2025-11-30 17:56:13] [DEBUG   ] discord.gateway: For Shard ID None: WebSocket Event: {'t': None, 's': None, 'op': 11, 'd': None}
[2025-11-30 17:56:54] [DEBUG   ] discord.gateway: Keeping shard ID None websocket alive with sequence 4.
[2025-11-30 17:56:54] [DEBUG   ] discord.gateway: For Shard ID None: WebSocket Event: {'t': None, 's': None, 'op': 11, 'd': None}
[2025-11-30 17:57:35] [DEBUG   ] discord.gateway: Keeping shard ID None websocket alive with sequence 4.
[2025-11-30 17:57:35] [DEBUG   ] discord.gateway: For Shard ID None: WebSocket Event: {'t': None, 's': None, 'op': 11, 'd': None}
[2025-11-30 17:58:16] [DEBUG   ] discord.gateway: Keeping shard ID None websocket alive with sequence 4.
[2025-11-30 17:58:17] [DEBUG   ] discord.gateway: For Shard ID None: WebSocket Event: {'t': None, 's': None, 'op': 11, 'd': None}
[2025-11-30 17:58:58] [DEBUG   ] discord.gateway: Keeping shard ID None websocket alive with sequence 4.
[2025-11-30 17:58:58] [DEBUG   ] discord.gateway: For Shard ID None: WebSocket Event: {'t': None, 's': None, 'op': 11, 'd': None}
[2025-11-30 17:59:39] [DEBUG   ] discord.gateway: Keeping shard ID None websocket alive with sequence 4.
[2025-11-30 17:59:39] [DEBUG   ] discord.gateway: For Shard ID None: WebSocket Event: {'t': None, 's': None, 'op': 11, 'd': None}
[2025-11-30 18:00:20] [DEBUG   ] discord.gateway: Keeping shard ID None websocket alive with sequence 4.
[2025-11-30 18:00:20] [DEBUG   ] discord.gateway: For Shard ID None: WebSocket Event: {'t': None, 's': None, 'op': 11, 'd': None}
[2025-11-30 18:01:01] [DEBUG   ] discord.gateway: Keeping shard ID None websocket alive with sequence 4.
[2025-11-30 18:01:02] [DEBUG   ] discord.gateway: For Shard ID None: WebSocket Event: {'t': None, 's': None, 'op': 11, 'd': None}
[2025-11-30 18:01:43] [DEBUG   ] discord.gateway: Keeping shard ID None websocket alive with sequence 4.
[2025-11-30 18:01:43] [DEBUG   ] discord.gateway: For Shard ID None: WebSocket Event: {'t': None, 's': None, 'op': 11, 'd': None}
[2025-11-30 18:02:24] [DEBUG   ] discord.gateway: Keeping shard ID None websocket alive with sequence 4.
[2025-11-30 18:02:24] [DEBUG   ] discord.gateway: For Shard ID None: WebSocket Event: {'t': None, 's': None, 'op': 11, 'd': None}
[2025-11-30 18:03:05] [DEBUG   ] discord.gateway: Keeping shard ID None websocket alive with sequence 4.
[2025-11-30 18:03:05] [DEBUG   ] discord.gateway: For Shard ID None: WebSocket Event: {'t': None, 's': None, 'op': 11, 'd': None}
[2025-11-30 18:03:47] [DEBUG   ] discord.gateway: Keeping shard ID None websocket alive with sequence 4.
[2025-11-30 18:03:47] [DEBUG   ] discord.gateway: For Shard ID None: WebSocket Event: {'t': None, 's': None, 'op': 11, 'd': None}
[2025-11-30 18:04:28] [DEBUG   ] discord.gateway: Keeping shard ID None websocket alive with sequence 4.
[2025-11-30 18:04:28] [DEBUG   ] discord.gateway: For Shard ID None: WebSocket Event: {'t': None, 's': None, 'op': 11, 'd': None}
[2025-11-30 18:05:09] [DEBUG   ] discord.gateway: Keeping shard ID None websocket alive with sequence 4.
[2025-11-30 18:05:09] [DEBUG   ] discord.gateway: For Shard ID None: WebSocket Event: {'t': None, 's': None, 'op': 11, 'd': None}
[2025-11-30 18:05:50] [DEBUG   ] discord.gateway: Keeping shard ID None websocket alive with sequence 4.
[2025-11-30 18:05:50] [DEBUG   ] discord.gateway: For Shard ID None: WebSocket Event: {'t': None, 's': None, 'op': 11, 'd': None}
[2025-11-30 18:06:32] [DEBUG   ] discord.gateway: Keeping shard ID None websocket alive with sequence 4.
[2025-11-30 18:06:32] [DEBUG   ] discord.gateway: For Shard ID None: WebSocket Event: {'t': None, 's': None, 'op': 11, 'd': None}
[2025-11-30 18:07:13] [DEBUG   ] discord.gateway: Keeping shard ID None websocket alive with sequence 4.
[2025-11-30 18:07:13] [DEBUG   ] discord.gateway: For Shard ID None: WebSocket Event: {'t': None, 's': None, 'op': 11, 'd': None}
[2025-11-30 18:07:54] [DEBUG   ] discord.gateway: Keeping shard ID None websocket alive with sequence 4.
[2025-11-30 18:07:54] [DEBUG   ] discord.gateway: For Shard ID None: WebSocket Event: {'t': None, 's': None, 'op': 11, 'd': None}
[2025-11-30 18:08:35] [DEBUG   ] discord.gateway: Keeping shard ID None websocket alive with sequence 4.
[2025-11-30 18:08:35] [DEBUG   ] discord.gateway: For Shard ID None: WebSocket Event: {'t': None, 's': None, 'op': 11, 'd': None}
[2025-11-30 18:09:17] [DEBUG   ] discord.gateway: Keeping shard ID None websocket alive with sequence 4.
[2025-11-30 18:09:17] [DEBUG   ] discord.gateway: For Shard ID None: WebSocket Event: {'t': None, 's': None, 'op': 11, 'd': None}
[2025-11-30 18:09:58] [DEBUG   ] discord.gateway: Keeping shard ID None websocket alive with sequence 4.
[2025-11-30 18:09:58] [DEBUG   ] discord.gateway: For Shard ID None: WebSocket Event: {'t': None, 's': None, 'op': 11, 'd': None}
[2025-11-30 18:10:39] [DEBUG   ] discord.gateway: Keeping shard ID None websocket alive with sequence 4.
[2025-11-30 18:10:39] [DEBUG   ] discord.gateway: For Shard ID None: WebSocket Event: {'t': None, 's': None, 'op': 11, 'd': None}
[2025-11-30 18:11:20] [DEBUG   ] discord.gateway: Keeping shard ID None websocket alive with sequence 4.
[2025-11-30 18:11:20] [DEBUG   ] discord.gateway: For Shard ID None: WebSocket Event: {'t': None, 's': None, 'op': 11, 'd': None}
[2025-11-30 18:12:02] [DEBUG   ] discord.gateway: Keeping shard ID None websocket alive with sequence 4.
[2025-11-30 18:12:02] [DEBUG   ] discord.gateway: For Shard ID None: WebSocket Event: {'t': None, 's': None, 'op': 11, 'd': None}
[2025-11-30 18:12:43] [DEBUG   ] discord.gateway: Keeping shard ID None websocket alive with sequence 4.
[2025-11-30 18:12:43] [DEBUG   ] discord.gateway: For Shard ID None: WebSocket Event: {'t': None, 's': None, 'op': 11, 'd': None}
[2025-11-30 18:13:24] [DEBUG   ] discord.gateway: Keeping shard ID None websocket alive with sequence 4.
[2025-11-30 18:13:24] [DEBUG   ] discord.gateway: For Shard ID None: WebSocket Event: {'t': None, 's': None, 'op': 11, 'd': None}
[2025-11-30 18:14:05] [DEBUG   ] discord.gateway: Keeping shard ID None websocket alive with sequence 4.
[2025-11-30 18:14:06] [DEBUG   ] discord.gateway: For Shard ID None: WebSocket Event: {'t': None, 's': None, 'op': 11, 'd': None}
[2025-11-30 18:14:47] [DEBUG   ] discord.gateway: Keeping shard ID None websocket alive with sequence 4.
[2025-11-30 18:14:47] [DEBUG   ] discord.gateway: For Shard ID None: WebSocket Event: {'t': None, 's': None, 'op': 11, 'd': None}
[2025-11-30 18:15:28] [DEBUG   ] discord.gateway: Keeping shard ID None websocket alive with sequence 4.
[2025-11-30 18:15:28] [DEBUG   ] discord.gateway: For Shard ID None: WebSocket Event: {'t': None, 's': None, 'op': 11, 'd': None}
[2025-11-30 18:16:09] [DEBUG   ] discord.gateway: Keeping shard ID None websocket alive with sequence 4.
[2025-11-30 18:16:09] [DEBUG   ] discord.gateway: For Shard ID None: WebSocket Event: {'t': None, 's': None, 'op': 11, 'd': None}
[2025-11-30 18:16:50] [DEBUG   ] discord.gateway: Keeping shard ID None websocket alive with sequence 4.
[2025-11-30 18:16:51] [DEBUG   ] discord.gateway: For Shard ID None: WebSocket Event: {'t': None, 's': None, 'op': 11, 'd': None}
[2025-11-30 18:17:32] [DEBUG   ] discord.gateway: Keeping shard ID None websocket alive with sequence 4.
[2025-11-30 18:17:32] [DEBUG   ] discord.gateway: For Shard ID None: WebSocket Event: {'t': None, 's': None, 'op': 11, 'd': None}
[2025-11-30 18:18:13] [DEBUG   ] discord.gateway: Keeping shard ID None websocket alive with sequence 4.
[2025-11-30 18:18:13] [DEBUG   ] discord.gateway: For Shard ID None: WebSocket Event: {'t': None, 's': None, 'op': 11, 'd': None}
[2025-11-30 18:18:54] [DEBUG   ] discord.gateway: Keeping shard ID None websocket alive with sequence 4.
[2025-11-30 18:18:54] [DEBUG   ] discord.gateway: For Shard ID None: WebSocket Event: {'t': None, 's': None, 'op': 11, 'd': None}
[2025-11-30 18:19:35] [DEBUG   ] discord.gateway: Keeping shard ID None websocket alive with sequence 4.
[2025-11-30 18:19:36] [DEBUG   ] discord.gateway: For Shard ID None: WebSocket Event: {'t': None, 's': None, 'op': 11, 'd': None}
[2025-11-30 18:20:17] [DEBUG   ] discord.gateway: Keeping shard ID None websocket alive with sequence 4.
[2025-11-30 18:20:17] [DEBUG   ] discord.gateway: For Shard ID None: WebSocket Event: {'t': None, 's': None, 'op': 11, 'd': None}
[2025-11-30 18:20:58] [DEBUG   ] discord.gateway: Keeping shard ID None websocket alive with sequence 4.
[2025-11-30 18:20:58] [DEBUG   ] discord.gateway: For Shard ID None: WebSocket Event: {'t': None, 's': None, 'op': 11, 'd': None}
[2025-11-30 18:21:39] [DEBUG   ] discord.gateway: Keeping shard ID None websocket alive with sequence 4.
[2025-11-30 18:21:39] [DEBUG   ] discord.gateway: For Shard ID None: WebSocket Event: {'t': None, 's': None, 'op': 11, 'd': None}
[2025-11-30 18:22:20] [DEBUG   ] discord.gateway: Keeping shard ID None websocket alive with sequence 4.
[2025-11-30 18:22:21] [DEBUG   ] discord.gateway: For Shard ID None: WebSocket Event: {'t': None, 's': None, 'op': 11, 'd': None}
[2025-11-30 18:23:02] [DEBUG   ] discord.gateway: Keeping shard ID None websocket alive with sequence 4.
[2025-11-30 18:23:02] [DEBUG   ] discord.gateway: For Shard ID None: WebSocket Event: {'t': None, 's': None, 'op': 11, 'd': None}
[2025-11-30 18:23:43] [DEBUG   ] discord.gateway: Keeping shard ID None websocket alive with sequence 4.
[2025-11-30 18:23:43] [DEBUG   ] discord.gateway: For Shard ID None: WebSocket Event: {'t': None, 's': None, 'op': 11, 'd': None}
[2025-11-30 18:24:24] [DEBUG   ] discord.gateway: Keeping shard ID None websocket alive with sequence 4.
[2025-11-30 18:24:24] [DEBUG   ] discord.gateway: For Shard ID None: WebSocket Event: {'t': None, 's': None, 'op': 11, 'd': None}
[2025-11-30 18:25:06] [DEBUG   ] discord.gateway: Keeping shard ID None websocket alive with sequence 4.
[2025-11-30 18:25:06] [DEBUG   ] discord.gateway: For Shard ID None: WebSocket Event: {'t': None, 's': None, 'op': 11, 'd': None}
[2025-11-30 18:25:47] [DEBUG   ] discord.gateway: Keeping shard ID None websocket alive with sequence 4.
[2025-11-30 18:25:47] [DEBUG   ] discord.gateway: For Shard ID None: WebSocket Event: {'t': None, 's': None, 'op': 11, 'd': None}
[2025-11-30 18:26:28] [DEBUG   ] discord.gateway: Keeping shard ID None websocket alive with sequence 4.
[2025-11-30 18:26:28] [DEBUG   ] discord.gateway: For Shard ID None: WebSocket Event: {'t': None, 's': None, 'op': 11, 'd': None}
[2025-11-30 18:27:09] [DEBUG   ] discord.gateway: Keeping shard ID None websocket alive with sequence 4.
[2025-11-30 18:27:09] [DEBUG   ] discord.gateway: For Shard ID None: WebSocket Event: {'t': None, 's': None, 'op': 11, 'd': None}
[2025-11-30 18:27:51] [DEBUG   ] discord.gateway: Keeping shard ID None websocket alive with sequence 4.
[2025-11-30 18:27:51] [DEBUG   ] discord.gateway: For Shard ID None: WebSocket Event: {'t': None, 's': None, 'op': 11, 'd': None}
[2025-11-30 18:28:32] [DEBUG   ] discord.gateway: Keeping shard ID None websocket alive with sequence 4.
[2025-11-30 18:28:32] [DEBUG   ] discord.gateway: For Shard ID None: WebSocket Event: {'t': None, 's': None, 'op': 11, 'd': None}
[2025-11-30 18:29:13] [DEBUG   ] discord.gateway: Keeping shard ID None websocket alive with sequence 4.
[2025-11-30 18:29:13] [DEBUG   ] discord.gateway: For Shard ID None: WebSocket Event: {'t': None, 's': None, 'op': 11, 'd': None}
[2025-11-30 18:29:54] [DEBUG   ] discord.gateway: Keeping shard ID None websocket alive with sequence 4.
[2025-11-30 18:29:54] [DEBUG   ] discord.gateway: For Shard ID None: WebSocket Event: {'t': None, 's': None, 'op': 11, 'd': None}
[2025-11-30 18:30:36] [DEBUG   ] discord.gateway: Keeping shard ID None websocket alive with sequence 4.
[2025-11-30 18:30:36] [DEBUG   ] discord.gateway: For Shard ID None: WebSocket Event: {'t': None, 's': None, 'op': 11, 'd': None}
[2025-11-30 18:31:17] [DEBUG   ] discord.gateway: Keeping shard ID None websocket alive with sequence 4.
[2025-11-30 18:31:17] [DEBUG   ] discord.gateway: For Shard ID None: WebSocket Event: {'t': None, 's': None, 'op': 11, 'd': None}
[2025-11-30 18:31:58] [DEBUG   ] discord.gateway: Keeping shard ID None websocket alive with sequence 4.
[2025-11-30 18:31:58] [DEBUG   ] discord.gateway: For Shard ID None: WebSocket Event: {'t': None, 's': None, 'op': 11, 'd': None}
[2025-11-30 18:32:39] [DEBUG   ] discord.gateway: Keeping shard ID None websocket alive with sequence 4.
[2025-11-30 18:32:39] [DEBUG   ] discord.gateway: For Shard ID None: WebSocket Event: {'t': None, 's': None, 'op': 11, 'd': None}
[2025-11-30 18:33:21] [DEBUG   ] discord.gateway: Keeping shard ID None websocket alive with sequence 4.
[2025-11-30 18:33:21] [DEBUG   ] discord.gateway: For Shard ID None: WebSocket Event: {'t': None, 's': None, 'op': 11, 'd': None}
[2025-11-30 18:34:02] [DEBUG   ] discord.gateway: Keeping shard ID None websocket alive with sequence 4.
[2025-11-30 18:34:02] [DEBUG   ] discord.gateway: For Shard ID None: WebSocket Event: {'t': None, 's': None, 'op': 11, 'd': None}
[2025-11-30 18:34:43] [DEBUG   ] discord.gateway: Keeping shard ID None websocket alive with sequence 4.
[2025-11-30 18:34:43] [DEBUG   ] discord.gateway: For Shard ID None: WebSocket Event: {'t': None, 's': None, 'op': 11, 'd': None}
[2025-11-30 18:35:24] [DEBUG   ] discord.gateway: Keeping shard ID None websocket alive with sequence 4.
[2025-11-30 18:35:25] [DEBUG   ] discord.gateway: For Shard ID None: WebSocket Event: {'t': None, 's': None, 'op': 11, 'd': None}
[2025-11-30 18:36:06] [DEBUG   ] discord.gateway: Keeping shard ID None websocket alive with sequence 4.
[2025-11-30 18:36:06] [DEBUG   ] discord.gateway: For Shard ID None: WebSocket Event: {'t': None, 's': None, 'op': 11, 'd': None}
[2025-11-30 18:36:47] [DEBUG   ] discord.gateway: Keeping shard ID None websocket alive with sequence 4.
[2025-11-30 18:36:47] [DEBUG   ] discord.gateway: For Shard ID None: WebSocket Event: {'t': None, 's': None, 'op': 11, 'd': None}
[2025-11-30 18:37:28] [DEBUG   ] discord.gateway: Keeping shard ID None websocket alive with sequence 4.
[2025-11-30 18:37:28] [DEBUG   ] discord.gateway: For Shard ID None: WebSocket Event: {'t': None, 's': None, 'op': 11, 'd': None}
[2025-11-30 18:38:09] [DEBUG   ] discord.gateway: Keeping shard ID None websocket alive with sequence 4.
[2025-11-30 18:38:10] [DEBUG   ] discord.gateway: For Shard ID None: WebSocket Event: {'t': None, 's': None, 'op': 11, 'd': None}
[2025-11-30 18:38:51] [DEBUG   ] discord.gateway: Keeping shard ID None websocket alive with sequence 4.
[2025-11-30 18:38:51] [DEBUG   ] discord.gateway: For Shard ID None: WebSocket Event: {'t': None, 's': None, 'op': 11, 'd': None}
[2025-11-30 18:39:32] [DEBUG   ] discord.gateway: Keeping shard ID None websocket alive with sequence 4.
[2025-11-30 18:39:32] [DEBUG   ] discord.gateway: For Shard ID None: WebSocket Event: {'t': None, 's': None, 'op': 11, 'd': None}
[2025-11-30 18:40:13] [DEBUG   ] discord.gateway: Keeping shard ID None websocket alive with sequence 4.
[2025-11-30 18:40:13] [DEBUG   ] discord.gateway: For Shard ID None: WebSocket Event: {'t': None, 's': None, 'op': 11, 'd': None}
[2025-11-30 18:40:54] [DEBUG   ] discord.gateway: Keeping shard ID None websocket alive with sequence 4.
[2025-11-30 18:40:55] [DEBUG   ] discord.gateway: For Shard ID None: WebSocket Event: {'t': None, 's': None, 'op': 11, 'd': None}
[2025-11-30 18:41:36] [DEBUG   ] discord.gateway: Keeping shard ID None websocket alive with sequence 4.
[2025-11-30 18:41:36] [DEBUG   ] discord.gateway: For Shard ID None: WebSocket Event: {'t': None, 's': None, 'op': 11, 'd': None}
[2025-11-30 18:42:17] [DEBUG   ] discord.gateway: Keeping shard ID None websocket alive with sequence 4.
[2025-11-30 18:42:17] [DEBUG   ] discord.gateway: For Shard ID None: WebSocket Event: {'t': None, 's': None, 'op': 11, 'd': None}
[2025-11-30 18:42:58] [DEBUG   ] discord.gateway: Keeping shard ID None websocket alive with sequence 4.
[2025-11-30 18:42:58] [DEBUG   ] discord.gateway: For Shard ID None: WebSocket Event: {'t': None, 's': None, 'op': 11, 'd': None}
[2025-11-30 18:43:39] [DEBUG   ] discord.gateway: Keeping shard ID None websocket alive with sequence 4.
[2025-11-30 18:43:40] [DEBUG   ] discord.gateway: For Shard ID None: WebSocket Event: {'t': None, 's': None, 'op': 11, 'd': None}
[2025-11-30 18:44:21] [DEBUG   ] discord.gateway: Keeping shard ID None websocket alive with sequence 4.
[2025-11-30 18:44:21] [DEBUG   ] discord.gateway: For Shard ID None: WebSocket Event: {'t': None, 's': None, 'op': 11, 'd': None}
[2025-11-30 18:45:02] [DEBUG   ] discord.gateway: Keeping shard ID None websocket alive with sequence 4.
[2025-11-30 18:45:02] [DEBUG   ] discord.gateway: For Shard ID None: WebSocket Event: {'t': None, 's': None, 'op': 11, 'd': None}
[2025-11-30 18:45:43] [DEBUG   ] discord.gateway: Keeping shard ID None websocket alive with sequence 4.
[2025-11-30 18:45:43] [DEBUG   ] discord.gateway: For Shard ID None: WebSocket Event: {'t': None, 's': None, 'op': 11, 'd': None}
[2025-11-30 18:46:25] [DEBUG   ] discord.gateway: Keeping shard ID None websocket alive with sequence 4.
[2025-11-30 18:46:25] [DEBUG   ] discord.gateway: For Shard ID None: WebSocket Event: {'t': None, 's': None, 'op': 11, 'd': None}
[2025-11-30 18:47:06] [DEBUG   ] discord.gateway: Keeping shard ID None websocket alive with sequence 4.
[2025-11-30 18:47:06] [DEBUG   ] discord.gateway: For Shard ID None: WebSocket Event: {'t': None, 's': None, 'op': 11, 'd': None}
[2025-11-30 18:47:47] [DEBUG   ] discord.gateway: Keeping shard ID None websocket alive with sequence 4.
[2025-11-30 18:47:47] [DEBUG   ] discord.gateway: For Shard ID None: WebSocket Event: {'t': None, 's': None, 'op': 11, 'd': None}
[2025-11-30 18:48:28] [DEBUG   ] discord.gateway: Keeping shard ID None websocket alive with sequence 4.
[2025-11-30 18:48:28] [DEBUG   ] discord.gateway: For Shard ID None: WebSocket Event: {'t': None, 's': None, 'op': 11, 'd': None}
[2025-11-30 18:49:10] [DEBUG   ] discord.gateway: Keeping shard ID None websocket alive with sequence 4.
[2025-11-30 18:49:10] [DEBUG   ] discord.gateway: For Shard ID None: WebSocket Event: {'t': None, 's': None, 'op': 11, 'd': None}
[2025-11-30 18:49:51] [DEBUG   ] discord.gateway: Keeping shard ID None websocket alive with sequence 4.
[2025-11-30 18:49:51] [DEBUG   ] discord.gateway: For Shard ID None: WebSocket Event: {'t': None, 's': None, 'op': 11, 'd': None}
[2025-11-30 18:50:32] [DEBUG   ] discord.gateway: Keeping shard ID None websocket alive with sequence 4.
[2025-11-30 18:50:32] [DEBUG   ] discord.gateway: For Shard ID None: WebSocket Event: {'t': None, 's': None, 'op': 11, 'd': None}
[2025-11-30 18:51:13] [DEBUG   ] discord.gateway: Keeping shard ID None websocket alive with sequence 4.
[2025-11-30 18:51:13] [DEBUG   ] discord.gateway: For Shard ID None: WebSocket Event: {'t': None, 's': None, 'op': 11, 'd': None}
[2025-11-30 18:51:55] [DEBUG   ] discord.gateway: Keeping shard ID None websocket alive with sequence 4.
[2025-11-30 18:51:55] [DEBUG   ] discord.gateway: For Shard ID None: WebSocket Event: {'t': None, 's': None, 'op': 11, 'd': None}
[2025-11-30 18:52:36] [DEBUG   ] discord.gateway: Keeping shard ID None websocket alive with sequence 4.
[2025-11-30 18:52:36] [DEBUG   ] discord.gateway: For Shard ID None: WebSocket Event: {'t': None, 's': None, 'op': 11, 'd': None}
[2025-11-30 18:53:17] [DEBUG   ] discord.gateway: Keeping shard ID None websocket alive with sequence 4.
[2025-11-30 18:53:17] [DEBUG   ] discord.gateway: For Shard ID None: WebSocket Event: {'t': None, 's': None, 'op': 11, 'd': None}
[2025-11-30 18:53:58] [DEBUG   ] discord.gateway: Keeping shard ID None websocket alive with sequence 4.
[2025-11-30 18:53:58] [DEBUG   ] discord.gateway: For Shard ID None: WebSocket Event: {'t': None, 's': None, 'op': 11, 'd': None}
[2025-11-30 18:54:40] [DEBUG   ] discord.gateway: Keeping shard ID None websocket alive with sequence 4.
[2025-11-30 18:54:40] [DEBUG   ] discord.gateway: For Shard ID None: WebSocket Event: {'t': None, 's': None, 'op': 11, 'd': None}
[2025-11-30 18:55:21] [DEBUG   ] discord.gateway: Keeping shard ID None websocket alive with sequence 4.
[2025-11-30 18:55:21] [DEBUG   ] discord.gateway: For Shard ID None: WebSocket Event: {'t': None, 's': None, 'op': 11, 'd': None}
[2025-11-30 18:56:02] [DEBUG   ] discord.gateway: Keeping shard ID None websocket alive with sequence 4.
[2025-11-30 18:56:02] [DEBUG   ] discord.gateway: For Shard ID None: WebSocket Event: {'t': None, 's': None, 'op': 11, 'd': None}
[2025-11-30 18:56:43] [DEBUG   ] discord.gateway: Keeping shard ID None websocket alive with sequence 4.
[2025-11-30 18:56:44] [DEBUG   ] discord.gateway: For Shard ID None: WebSocket Event: {'t': None, 's': None, 'op': 11, 'd': None}
[2025-11-30 18:57:25] [DEBUG   ] discord.gateway: Keeping shard ID None websocket alive with sequence 4.
[2025-11-30 18:57:25] [DEBUG   ] discord.gateway: For Shard ID None: WebSocket Event: {'t': None, 's': None, 'op': 11, 'd': None}
[2025-11-30 18:58:06] [DEBUG   ] discord.gateway: Keeping shard ID None websocket alive with sequence 4.
[2025-11-30 18:58:06] [DEBUG   ] discord.gateway: For Shard ID None: WebSocket Event: {'t': None, 's': None, 'op': 11, 'd': None}
[2025-11-30 18:58:47] [DEBUG   ] discord.gateway: Keeping shard ID None websocket alive with sequence 4.
[2025-11-30 18:58:47] [DEBUG   ] discord.gateway: For Shard ID None: WebSocket Event: {'t': None, 's': None, 'op': 11, 'd': None}
[2025-11-30 18:59:28] [DEBUG   ] discord.gateway: Keeping shard ID None websocket alive with sequence 4.
[2025-11-30 18:59:29] [DEBUG   ] discord.gateway: For Shard ID None: WebSocket Event: {'t': None, 's': None, 'op': 11, 'd': None}
[2025-11-30 19:00:10] [DEBUG   ] discord.gateway: Keeping shard ID None websocket alive with sequence 4.
[2025-11-30 19:00:10] [DEBUG   ] discord.gateway: For Shard ID None: WebSocket Event: {'t': None, 's': None, 'op': 11, 'd': None}
[2025-11-30 19:00:51] [DEBUG   ] discord.gateway: Keeping shard ID None websocket alive with sequence 4.
[2025-11-30 19:00:51] [DEBUG   ] discord.gateway: For Shard ID None: WebSocket Event: {'t': None, 's': None, 'op': 11, 'd': None}
[2025-11-30 19:01:32] [DEBUG   ] discord.gateway: Keeping shard ID None websocket alive with sequence 4.
[2025-11-30 19:01:32] [DEBUG   ] discord.gateway: For Shard ID None: WebSocket Event: {'t': None, 's': None, 'op': 11, 'd': None}
[2025-11-30 19:02:13] [DEBUG   ] discord.gateway: Keeping shard ID None websocket alive with sequence 4.
[2025-11-30 19:02:14] [DEBUG   ] discord.gateway: For Shard ID None: WebSocket Event: {'t': None, 's': None, 'op': 11, 'd': None}
[2025-11-30 19:02:55] [DEBUG   ] discord.gateway: Keeping shard ID None websocket alive with sequence 4.
[2025-11-30 19:02:55] [DEBUG   ] discord.gateway: For Shard ID None: WebSocket Event: {'t': None, 's': None, 'op': 11, 'd': None}
[2025-11-30 19:03:36] [DEBUG   ] discord.gateway: Keeping shard ID None websocket alive with sequence 4.
[2025-11-30 19:03:36] [DEBUG   ] discord.gateway: For Shard ID None: WebSocket Event: {'t': None, 's': None, 'op': 11, 'd': None}
[2025-11-30 19:04:17] [DEBUG   ] discord.gateway: Keeping shard ID None websocket alive with sequence 4.
[2025-11-30 19:04:17] [DEBUG   ] discord.gateway: For Shard ID None: WebSocket Event: {'t': None, 's': None, 'op': 11, 'd': None}
[2025-11-30 19:04:58] [DEBUG   ] discord.gateway: Keeping shard ID None websocket alive with sequence 4.
[2025-11-30 19:04:59] [DEBUG   ] discord.gateway: For Shard ID None: WebSocket Event: {'t': None, 's': None, 'op': 11, 'd': None}
[2025-11-30 19:05:40] [DEBUG   ] discord.gateway: Keeping shard ID None websocket alive with sequence 4.
[2025-11-30 19:05:40] [DEBUG   ] discord.gateway: For Shard ID None: WebSocket Event: {'t': None, 's': None, 'op': 11, 'd': None}
[2025-11-30 19:06:21] [DEBUG   ] discord.gateway: Keeping shard ID None websocket alive with sequence 4.
[2025-11-30 19:06:21] [DEBUG   ] discord.gateway: For Shard ID None: WebSocket Event: {'t': None, 's': None, 'op': 11, 'd': None}
[2025-11-30 19:07:02] [DEBUG   ] discord.gateway: Keeping shard ID None websocket alive with sequence 4.
[2025-11-30 19:07:02] [DEBUG   ] discord.gateway: For Shard ID None: WebSocket Event: {'t': None, 's': None, 'op': 11, 'd': None}
[2025-11-30 19:07:43] [DEBUG   ] discord.gateway: Keeping shard ID None websocket alive with sequence 4.
[2025-11-30 19:07:44] [DEBUG   ] discord.gateway: For Shard ID None: WebSocket Event: {'t': None, 's': None, 'op': 11, 'd': None}
[2025-11-30 19:08:25] [DEBUG   ] discord.gateway: Keeping shard ID None websocket alive with sequence 4.
[2025-11-30 19:08:25] [DEBUG   ] discord.gateway: For Shard ID None: WebSocket Event: {'t': None, 's': None, 'op': 11, 'd': None}
[2025-11-30 19:09:06] [DEBUG   ] discord.gateway: Keeping shard ID None websocket alive with sequence 4.
[2025-11-30 19:09:06] [DEBUG   ] discord.gateway: For Shard ID None: WebSocket Event: {'t': None, 's': None, 'op': 11, 'd': None}
[2025-11-30 19:09:47] [DEBUG   ] discord.gateway: Keeping shard ID None websocket alive with sequence 4.
[2025-11-30 19:09:47] [DEBUG   ] discord.gateway: For Shard ID None: WebSocket Event: {'t': None, 's': None, 'op': 11, 'd': None}
[2025-11-30 19:10:29] [DEBUG   ] discord.gateway: Keeping shard ID None websocket alive with sequence 4.
[2025-11-30 19:10:29] [DEBUG   ] discord.gateway: For Shard ID None: WebSocket Event: {'t': None, 's': None, 'op': 11, 'd': None}
[2025-11-30 19:11:10] [DEBUG   ] discord.gateway: Keeping shard ID None websocket alive with sequence 4.
[2025-11-30 19:11:10] [DEBUG   ] discord.gateway: For Shard ID None: WebSocket Event: {'t': None, 's': None, 'op': 11, 'd': None}
[2025-11-30 19:11:51] [DEBUG   ] discord.gateway: Keeping shard ID None websocket alive with sequence 4.
[2025-11-30 19:11:51] [DEBUG   ] discord.gateway: For Shard ID None: WebSocket Event: {'t': None, 's': None, 'op': 11, 'd': None}
[2025-11-30 19:12:32] [DEBUG   ] discord.gateway: Keeping shard ID None websocket alive with sequence 4.
[2025-11-30 19:12:32] [DEBUG   ] discord.gateway: For Shard ID None: WebSocket Event: {'t': None, 's': None, 'op': 11, 'd': None}
[2025-11-30 19:13:14] [DEBUG   ] discord.gateway: Keeping shard ID None websocket alive with sequence 4.
[2025-11-30 19:13:14] [DEBUG   ] discord.gateway: For Shard ID None: WebSocket Event: {'t': None, 's': None, 'op': 11, 'd': None}
[2025-11-30 19:13:55] [DEBUG   ] discord.gateway: Keeping shard ID None websocket alive with sequence 4.
[2025-11-30 19:13:55] [DEBUG   ] discord.gateway: For Shard ID None: WebSocket Event: {'t': None, 's': None, 'op': 11, 'd': None}
[2025-11-30 19:14:36] [DEBUG   ] discord.gateway: Keeping shard ID None websocket alive with sequence 4.
[2025-11-30 19:14:36] [DEBUG   ] discord.gateway: For Shard ID None: WebSocket Event: {'t': None, 's': None, 'op': 11, 'd': None}
[2025-11-30 19:15:17] [DEBUG   ] discord.gateway: Keeping shard ID None websocket alive with sequence 4.
[2025-11-30 19:15:17] [DEBUG   ] discord.gateway: For Shard ID None: WebSocket Event: {'t': None, 's': None, 'op': 11, 'd': None}
[2025-11-30 19:15:59] [DEBUG   ] discord.gateway: Keeping shard ID None websocket alive with sequence 4.
[2025-11-30 19:15:59] [DEBUG   ] discord.gateway: For Shard ID None: WebSocket Event: {'t': None, 's': None, 'op': 11, 'd': None}
[2025-11-30 19:16:40] [DEBUG   ] discord.gateway: Keeping shard ID None websocket alive with sequence 4.
[2025-11-30 19:16:40] [DEBUG   ] discord.gateway: For Shard ID None: WebSocket Event: {'t': None, 's': None, 'op': 11, 'd': None}
[2025-11-30 19:17:21] [DEBUG   ] discord.gateway: Keeping shard ID None websocket alive with sequence 4.
[2025-11-30 19:17:21] [DEBUG   ] discord.gateway: For Shard ID None: WebSocket Event: {'t': None, 's': None, 'op': 11, 'd': None}
[2025-11-30 19:18:02] [DEBUG   ] discord.gateway: Keeping shard ID None websocket alive with sequence 4.
[2025-11-30 19:18:02] [DEBUG   ] discord.gateway: For Shard ID None: WebSocket Event: {'t': None, 's': None, 'op': 11, 'd': None}
[2025-11-30 19:18:44] [DEBUG   ] discord.gateway: Keeping shard ID None websocket alive with sequence 4.
[2025-11-30 19:18:44] [DEBUG   ] discord.gateway: For Shard ID None: WebSocket Event: {'t': None, 's': None, 'op': 11, 'd': None}
[2025-11-30 19:19:25] [DEBUG   ] discord.gateway: Keeping shard ID None websocket alive with sequence 4.
[2025-11-30 19:19:25] [DEBUG   ] discord.gateway: For Shard ID None: WebSocket Event: {'t': None, 's': None, 'op': 11, 'd': None}
[2025-11-30 19:20:06] [DEBUG   ] discord.gateway: Keeping shard ID None websocket alive with sequence 4.
[2025-11-30 19:20:06] [DEBUG   ] discord.gateway: For Shard ID None: WebSocket Event: {'t': None, 's': None, 'op': 11, 'd': None}
[2025-11-30 19:20:47] [DEBUG   ] discord.gateway: Keeping shard ID None websocket alive with sequence 4.
[2025-11-30 19:20:48] [DEBUG   ] discord.gateway: For Shard ID None: WebSocket Event: {'t': None, 's': None, 'op': 11, 'd': None}
[2025-11-30 19:21:29] [DEBUG   ] discord.gateway: Keeping shard ID None websocket alive with sequence 4.
[2025-11-30 19:21:29] [DEBUG   ] discord.gateway: For Shard ID None: WebSocket Event: {'t': None, 's': None, 'op': 11, 'd': None}
[2025-11-30 19:22:10] [DEBUG   ] discord.gateway: Keeping shard ID None websocket alive with sequence 4.
[2025-11-30 19:22:10] [DEBUG   ] discord.gateway: For Shard ID None: WebSocket Event: {'t': None, 's': None, 'op': 11, 'd': None}
[2025-11-30 19:22:51] [DEBUG   ] discord.gateway: Keeping shard ID None websocket alive with sequence 4.
[2025-11-30 19:22:51] [DEBUG   ] discord.gateway: For Shard ID None: WebSocket Event: {'t': None, 's': None, 'op': 11, 'd': None}
[2025-11-30 19:23:32] [DEBUG   ] discord.gateway: Keeping shard ID None websocket alive with sequence 4.
[2025-11-30 19:23:33] [DEBUG   ] discord.gateway: For Shard ID None: WebSocket Event: {'t': None, 's': None, 'op': 11, 'd': None}
[2025-11-30 19:24:14] [DEBUG   ] discord.gateway: Keeping shard ID None websocket alive with sequence 4.
[2025-11-30 19:24:14] [DEBUG   ] discord.gateway: For Shard ID None: WebSocket Event: {'t': None, 's': None, 'op': 11, 'd': None}
[2025-11-30 19:24:55] [DEBUG   ] discord.gateway: Keeping shard ID None websocket alive with sequence 4.
[2025-11-30 19:24:55] [DEBUG   ] discord.gateway: For Shard ID None: WebSocket Event: {'t': None, 's': None, 'op': 11, 'd': None}
[2025-11-30 19:25:36] [DEBUG   ] discord.gateway: Keeping shard ID None websocket alive with sequence 4.
[2025-11-30 19:25:36] [DEBUG   ] discord.gateway: For Shard ID None: WebSocket Event: {'t': None, 's': None, 'op': 11, 'd': None}
[2025-11-30 19:26:17] [DEBUG   ] discord.gateway: Keeping shard ID None websocket alive with sequence 4.
[2025-11-30 19:26:18] [DEBUG   ] discord.gateway: For Shard ID None: WebSocket Event: {'t': None, 's': None, 'op': 11, 'd': None}
[2025-11-30 19:26:59] [DEBUG   ] discord.gateway: Keeping shard ID None websocket alive with sequence 4.
[2025-11-30 19:26:59] [DEBUG   ] discord.gateway: For Shard ID None: WebSocket Event: {'t': None, 's': None, 'op': 11, 'd': None}
[2025-11-30 19:27:40] [DEBUG   ] discord.gateway: Keeping shard ID None websocket alive with sequence 4.
[2025-11-30 19:27:40] [DEBUG   ] discord.gateway: For Shard ID None: WebSocket Event: {'t': None, 's': None, 'op': 11, 'd': None}
[2025-11-30 19:28:21] [DEBUG   ] discord.gateway: Keeping shard ID None websocket alive with sequence 4.
[2025-11-30 19:28:21] [DEBUG   ] discord.gateway: For Shard ID None: WebSocket Event: {'t': None, 's': None, 'op': 11, 'd': None}
[2025-11-30 19:29:02] [DEBUG   ] discord.gateway: Keeping shard ID None websocket alive with sequence 4.
[2025-11-30 19:29:03] [DEBUG   ] discord.gateway: For Shard ID None: WebSocket Event: {'t': None, 's': None, 'op': 11, 'd': None}
[2025-11-30 19:29:44] [DEBUG   ] discord.gateway: Keeping shard ID None websocket alive with sequence 4.
[2025-11-30 19:29:44] [DEBUG   ] discord.gateway: For Shard ID None: WebSocket Event: {'t': None, 's': None, 'op': 11, 'd': None}
[2025-11-30 19:30:25] [DEBUG   ] discord.gateway: Keeping shard ID None websocket alive with sequence 4.
[2025-11-30 19:30:25] [DEBUG   ] discord.gateway: For Shard ID None: WebSocket Event: {'t': None, 's': None, 'op': 11, 'd': None}
[2025-11-30 19:31:06] [DEBUG   ] discord.gateway: Keeping shard ID None websocket alive with sequence 4.
[2025-11-30 19:31:06] [DEBUG   ] discord.gateway: For Shard ID None: WebSocket Event: {'t': None, 's': None, 'op': 11, 'd': None}
[2025-11-30 19:31:48] [DEBUG   ] discord.gateway: Keeping shard ID None websocket alive with sequence 4.
[2025-11-30 19:31:48] [DEBUG   ] discord.gateway: For Shard ID None: WebSocket Event: {'t': None, 's': None, 'op': 11, 'd': None}
[2025-11-30 19:32:29] [DEBUG   ] discord.gateway: Keeping shard ID None websocket alive with sequence 4.
[2025-11-30 19:32:29] [DEBUG   ] discord.gateway: For Shard ID None: WebSocket Event: {'t': None, 's': None, 'op': 11, 'd': None}
[2025-11-30 19:33:10] [DEBUG   ] discord.gateway: Keeping shard ID None websocket alive with sequence 4.
[2025-11-30 19:33:10] [DEBUG   ] discord.gateway: For Shard ID None: WebSocket Event: {'t': None, 's': None, 'op': 11, 'd': None}
[2025-11-30 19:33:51] [DEBUG   ] discord.gateway: Keeping shard ID None websocket alive with sequence 4.
[2025-11-30 19:33:51] [DEBUG   ] discord.gateway: For Shard ID None: WebSocket Event: {'t': None, 's': None, 'op': 11, 'd': None}
[2025-11-30 19:34:33] [DEBUG   ] discord.gateway: Keeping shard ID None websocket alive with sequence 4.
[2025-11-30 19:34:33] [DEBUG   ] discord.gateway: For Shard ID None: WebSocket Event: {'t': None, 's': None, 'op': 11, 'd': None}
[2025-11-30 19:35:14] [DEBUG   ] discord.gateway: Keeping shard ID None websocket alive with sequence 4.
[2025-11-30 19:35:14] [DEBUG   ] discord.gateway: For Shard ID None: WebSocket Event: {'t': None, 's': None, 'op': 11, 'd': None}
[2025-11-30 19:35:55] [DEBUG   ] discord.gateway: Keeping shard ID None websocket alive with sequence 4.
[2025-11-30 19:35:55] [DEBUG   ] discord.gateway: For Shard ID None: WebSocket Event: {'t': None, 's': None, 'op': 11, 'd': None}
[2025-11-30 19:36:36] [DEBUG   ] discord.gateway: Keeping shard ID None websocket alive with sequence 4.
[2025-11-30 19:36:36] [DEBUG   ] discord.gateway: For Shard ID None: WebSocket Event: {'t': None, 's': None, 'op': 11, 'd': None}
[2025-11-30 19:37:18] [DEBUG   ] discord.gateway: Keeping shard ID None websocket alive with sequence 4.
[2025-11-30 19:37:18] [DEBUG   ] discord.gateway: For Shard ID None: WebSocket Event: {'t': None, 's': None, 'op': 11, 'd': None}
[2025-11-30 19:37:59] [DEBUG   ] discord.gateway: Keeping shard ID None websocket alive with sequence 4.
[2025-11-30 19:37:59] [DEBUG   ] discord.gateway: For Shard ID None: WebSocket Event: {'t': None, 's': None, 'op': 11, 'd': None}
[2025-11-30 19:38:40] [DEBUG   ] discord.gateway: Keeping shard ID None websocket alive with sequence 4.
[2025-11-30 19:38:40] [DEBUG   ] discord.gateway: For Shard ID None: WebSocket Event: {'t': None, 's': None, 'op': 11, 'd': None}
[2025-11-30 19:39:21] [DEBUG   ] discord.gateway: Keeping shard ID None websocket alive with sequence 4.
[2025-11-30 19:39:21] [DEBUG   ] discord.gateway: For Shard ID None: WebSocket Event: {'t': None, 's': None, 'op': 11, 'd': None}
[2025-11-30 19:40:03] [DEBUG   ] discord.gateway: Keeping shard ID None websocket alive with sequence 4.
[2025-11-30 19:40:03] [DEBUG   ] discord.gateway: For Shard ID None: WebSocket Event: {'t': None, 's': None, 'op': 11, 'd': None}
[2025-11-30 19:40:44] [DEBUG   ] discord.gateway: Keeping shard ID None websocket alive with sequence 4.
[2025-11-30 19:40:44] [DEBUG   ] discord.gateway: For Shard ID None: WebSocket Event: {'t': None, 's': None, 'op': 11, 'd': None}
[2025-11-30 19:41:25] [DEBUG   ] discord.gateway: Keeping shard ID None websocket alive with sequence 4.
[2025-11-30 19:41:25] [DEBUG   ] discord.gateway: For Shard ID None: WebSocket Event: {'t': None, 's': None, 'op': 11, 'd': None}
[2025-11-30 19:42:06] [DEBUG   ] discord.gateway: Keeping shard ID None websocket alive with sequence 4.
[2025-11-30 19:42:07] [DEBUG   ] discord.gateway: For Shard ID None: WebSocket Event: {'t': None, 's': None, 'op': 11, 'd': None}
[2025-11-30 19:42:48] [DEBUG   ] discord.gateway: Keeping shard ID None websocket alive with sequence 4.
[2025-11-30 19:42:48] [DEBUG   ] discord.gateway: For Shard ID None: WebSocket Event: {'t': None, 's': None, 'op': 11, 'd': None}
[2025-11-30 19:43:29] [DEBUG   ] discord.gateway: Keeping shard ID None websocket alive with sequence 4.
[2025-11-30 19:43:29] [DEBUG   ] discord.gateway: For Shard ID None: WebSocket Event: {'t': None, 's': None, 'op': 11, 'd': None}
[2025-11-30 19:44:10] [DEBUG   ] discord.gateway: Keeping shard ID None websocket alive with sequence 4.
[2025-11-30 19:44:10] [DEBUG   ] discord.gateway: For Shard ID None: WebSocket Event: {'t': None, 's': None, 'op': 11, 'd': None}
[2025-11-30 19:44:51] [DEBUG   ] discord.gateway: Keeping shard ID None websocket alive with sequence 4.
[2025-11-30 19:44:52] [DEBUG   ] discord.gateway: For Shard ID None: WebSocket Event: {'t': None, 's': None, 'op': 11, 'd': None}
[2025-11-30 19:45:33] [DEBUG   ] discord.gateway: Keeping shard ID None websocket alive with sequence 4.
[2025-11-30 19:45:33] [DEBUG   ] discord.gateway: For Shard ID None: WebSocket Event: {'t': None, 's': None, 'op': 11, 'd': None}
[2025-11-30 19:46:15] [DEBUG   ] discord.gateway: Keeping shard ID None websocket alive with sequence 4.
[2025-11-30 19:46:15] [DEBUG   ] discord.gateway: For Shard ID None: WebSocket Event: {'t': None, 's': None, 'op': 11, 'd': None}
[2025-11-30 19:46:56] [DEBUG   ] discord.gateway: Keeping shard ID None websocket alive with sequence 4.
[2025-11-30 19:46:56] [DEBUG   ] discord.gateway: For Shard ID None: WebSocket Event: {'t': None, 's': None, 'op': 11, 'd': None}
[2025-11-30 19:47:38] [DEBUG   ] discord.gateway: Keeping shard ID None websocket alive with sequence 4.
[2025-11-30 19:47:38] [DEBUG   ] discord.gateway: For Shard ID None: WebSocket Event: {'t': None, 's': None, 'op': 11, 'd': None}
[2025-11-30 19:48:19] [DEBUG   ] discord.gateway: Keeping shard ID None websocket alive with sequence 4.
[2025-11-30 19:48:19] [DEBUG   ] discord.gateway: For Shard ID None: WebSocket Event: {'t': None, 's': None, 'op': 11, 'd': None}
[2025-11-30 19:49:00] [DEBUG   ] discord.gateway: Keeping shard ID None websocket alive with sequence 4.
[2025-11-30 19:49:00] [DEBUG   ] discord.gateway: For Shard ID None: WebSocket Event: {'t': None, 's': None, 'op': 11, 'd': None}
[2025-11-30 19:49:41] [DEBUG   ] discord.gateway: Keeping shard ID None websocket alive with sequence 4.
[2025-11-30 19:49:41] [DEBUG   ] discord.gateway: For Shard ID None: WebSocket Event: {'t': None, 's': None, 'op': 11, 'd': None}
[2025-11-30 19:50:23] [DEBUG   ] discord.gateway: Keeping shard ID None websocket alive with sequence 4.
[2025-11-30 19:50:23] [DEBUG   ] discord.gateway: For Shard ID None: WebSocket Event: {'t': None, 's': None, 'op': 11, 'd': None}
[2025-11-30 19:51:04] [DEBUG   ] discord.gateway: Keeping shard ID None websocket alive with sequence 4.
[2025-11-30 19:51:04] [DEBUG   ] discord.gateway: For Shard ID None: WebSocket Event: {'t': None, 's': None, 'op': 11, 'd': None}
[2025-11-30 19:51:45] [DEBUG   ] discord.gateway: Keeping shard ID None websocket alive with sequence 4.
[2025-11-30 19:51:45] [DEBUG   ] discord.gateway: For Shard ID None: WebSocket Event: {'t': None, 's': None, 'op': 11, 'd': None}
[2025-11-30 19:52:26] [DEBUG   ] discord.gateway: Keeping shard ID None websocket alive with sequence 4.
[2025-11-30 19:52:26] [DEBUG   ] discord.gateway: For Shard ID None: WebSocket Event: {'t': None, 's': None, 'op': 11, 'd': None}
[2025-11-30 19:53:08] [DEBUG   ] discord.gateway: Keeping shard ID None websocket alive with sequence 4.
[2025-11-30 19:53:08] [DEBUG   ] discord.gateway: For Shard ID None: WebSocket Event: {'t': None, 's': None, 'op': 11, 'd': None}
[2025-11-30 19:53:49] [DEBUG   ] discord.gateway: Keeping shard ID None websocket alive with sequence 4.
[2025-11-30 19:53:49] [DEBUG   ] discord.gateway: For Shard ID None: WebSocket Event: {'t': None, 's': None, 'op': 11, 'd': None}
[2025-11-30 19:54:30] [DEBUG   ] discord.gateway: Keeping shard ID None websocket alive with sequence 4.
[2025-11-30 19:54:30] [DEBUG   ] discord.gateway: For Shard ID None: WebSocket Event: {'t': None, 's': None, 'op': 11, 'd': None}
[2025-11-30 19:55:11] [DEBUG   ] discord.gateway: Keeping shard ID None websocket alive with sequence 4.
[2025-11-30 19:55:12] [DEBUG   ] discord.gateway: For Shard ID None: WebSocket Event: {'t': None, 's': None, 'op': 11, 'd': None}
[2025-11-30 19:55:53] [DEBUG   ] discord.gateway: Keeping shard ID None websocket alive with sequence 4.
[2025-11-30 19:55:53] [DEBUG   ] discord.gateway: For Shard ID None: WebSocket Event: {'t': None, 's': None, 'op': 11, 'd': None}
[2025-11-30 19:56:34] [DEBUG   ] discord.gateway: Keeping shard ID None websocket alive with sequence 4.
[2025-11-30 19:56:34] [DEBUG   ] discord.gateway: For Shard ID None: WebSocket Event: {'t': None, 's': None, 'op': 11, 'd': None}
[2025-11-30 19:57:15] [DEBUG   ] discord.gateway: Keeping shard ID None websocket alive with sequence 4.
[2025-11-30 19:57:15] [DEBUG   ] discord.gateway: For Shard ID None: WebSocket Event: {'t': None, 's': None, 'op': 11, 'd': None}
[2025-11-30 19:57:56] [DEBUG   ] discord.gateway: Keeping shard ID None websocket alive with sequence 4.
[2025-11-30 19:57:57] [DEBUG   ] discord.gateway: For Shard ID None: WebSocket Event: {'t': None, 's': None, 'op': 11, 'd': None}
[2025-11-30 19:58:38] [DEBUG   ] discord.gateway: Keeping shard ID None websocket alive with sequence 4.
[2025-11-30 19:58:38] [DEBUG   ] discord.gateway: For Shard ID None: WebSocket Event: {'t': None, 's': None, 'op': 11, 'd': None}
[2025-11-30 19:59:19] [DEBUG   ] discord.gateway: Keeping shard ID None websocket alive with sequence 4.
[2025-11-30 19:59:19] [DEBUG   ] discord.gateway: For Shard ID None: WebSocket Event: {'t': None, 's': None, 'op': 11, 'd': None}
[2025-11-30 20:00:00] [DEBUG   ] discord.gateway: Keeping shard ID None websocket alive with sequence 4.
[2025-11-30 20:00:00] [DEBUG   ] discord.gateway: For Shard ID None: WebSocket Event: {'t': None, 's': None, 'op': 11, 'd': None}
[2025-11-30 20:00:41] [DEBUG   ] discord.gateway: Keeping shard ID None websocket alive with sequence 4.
[2025-11-30 20:00:42] [DEBUG   ] discord.gateway: For Shard ID None: WebSocket Event: {'t': None, 's': None, 'op': 11, 'd': None}
[2025-11-30 20:01:23] [DEBUG   ] discord.gateway: Keeping shard ID None websocket alive with sequence 4.
[2025-11-30 20:01:23] [DEBUG   ] discord.gateway: For Shard ID None: WebSocket Event: {'t': None, 's': None, 'op': 11, 'd': None}
[2025-11-30 20:02:04] [DEBUG   ] discord.gateway: Keeping shard ID None websocket alive with sequence 4.
[2025-11-30 20:02:04] [DEBUG   ] discord.gateway: For Shard ID None: WebSocket Event: {'t': None, 's': None, 'op': 11, 'd': None}
[2025-11-30 20:02:45] [DEBUG   ] discord.gateway: Keeping shard ID None websocket alive with sequence 4.
[2025-11-30 20:02:45] [DEBUG   ] discord.gateway: For Shard ID None: WebSocket Event: {'t': None, 's': None, 'op': 11, 'd': None}
[2025-11-30 20:03:26] [DEBUG   ] discord.gateway: Keeping shard ID None websocket alive with sequence 4.
[2025-11-30 20:03:27] [DEBUG   ] discord.gateway: For Shard ID None: WebSocket Event: {'t': None, 's': None, 'op': 11, 'd': None}
[2025-11-30 20:04:08] [DEBUG   ] discord.gateway: Keeping shard ID None websocket alive with sequence 4.
[2025-11-30 20:04:08] [DEBUG   ] discord.gateway: For Shard ID None: WebSocket Event: {'t': None, 's': None, 'op': 11, 'd': None}
[2025-11-30 20:04:49] [DEBUG   ] discord.gateway: Keeping shard ID None websocket alive with sequence 4.
[2025-11-30 20:04:49] [DEBUG   ] discord.gateway: For Shard ID None: WebSocket Event: {'t': None, 's': None, 'op': 11, 'd': None}
[2025-11-30 20:05:30] [DEBUG   ] discord.gateway: Keeping shard ID None websocket alive with sequence 4.
[2025-11-30 20:05:30] [DEBUG   ] discord.gateway: For Shard ID None: WebSocket Event: {'t': None, 's': None, 'op': 11, 'd': None}
[2025-11-30 20:06:12] [DEBUG   ] discord.gateway: Keeping shard ID None websocket alive with sequence 4.
[2025-11-30 20:06:12] [DEBUG   ] discord.gateway: For Shard ID None: WebSocket Event: {'t': None, 's': None, 'op': 11, 'd': None}
[2025-11-30 20:06:53] [DEBUG   ] discord.gateway: Keeping shard ID None websocket alive with sequence 4.
[2025-11-30 20:06:53] [DEBUG   ] discord.gateway: For Shard ID None: WebSocket Event: {'t': None, 's': None, 'op': 11, 'd': None}
[2025-11-30 20:07:34] [DEBUG   ] discord.gateway: Keeping shard ID None websocket alive with sequence 4.
[2025-11-30 20:07:34] [DEBUG   ] discord.gateway: For Shard ID None: WebSocket Event: {'t': None, 's': None, 'op': 11, 'd': None}
[2025-11-30 20:08:15] [DEBUG   ] discord.gateway: Keeping shard ID None websocket alive with sequence 4.
[2025-11-30 20:08:15] [DEBUG   ] discord.gateway: For Shard ID None: WebSocket Event: {'t': None, 's': None, 'op': 11, 'd': None}
[2025-11-30 20:08:57] [DEBUG   ] discord.gateway: Keeping shard ID None websocket alive with sequence 4.
[2025-11-30 20:08:57] [DEBUG   ] discord.gateway: For Shard ID None: WebSocket Event: {'t': None, 's': None, 'op': 11, 'd': None}
[2025-11-30 20:09:38] [DEBUG   ] discord.gateway: Keeping shard ID None websocket alive with sequence 4.
[2025-11-30 20:09:38] [DEBUG   ] discord.gateway: For Shard ID None: WebSocket Event: {'t': None, 's': None, 'op': 11, 'd': None}
[2025-11-30 20:10:19] [DEBUG   ] discord.gateway: Keeping shard ID None websocket alive with sequence 4.
[2025-11-30 20:10:19] [DEBUG   ] discord.gateway: For Shard ID None: WebSocket Event: {'t': None, 's': None, 'op': 11, 'd': None}
[2025-11-30 20:11:00] [DEBUG   ] discord.gateway: Keeping shard ID None websocket alive with sequence 4.
[2025-11-30 20:11:00] [DEBUG   ] discord.gateway: For Shard ID None: WebSocket Event: {'t': None, 's': None, 'op': 11, 'd': None}
[2025-11-30 20:11:42] [DEBUG   ] discord.gateway: Keeping shard ID None websocket alive with sequence 4.
[2025-11-30 20:11:42] [DEBUG   ] discord.gateway: For Shard ID None: WebSocket Event: {'t': None, 's': None, 'op': 11, 'd': None}
[2025-11-30 20:12:23] [DEBUG   ] discord.gateway: Keeping shard ID None websocket alive with sequence 4.
[2025-11-30 20:12:23] [DEBUG   ] discord.gateway: For Shard ID None: WebSocket Event: {'t': None, 's': None, 'op': 11, 'd': None}
[2025-11-30 20:13:04] [DEBUG   ] discord.gateway: Keeping shard ID None websocket alive with sequence 4.
[2025-11-30 20:13:04] [DEBUG   ] discord.gateway: For Shard ID None: WebSocket Event: {'t': None, 's': None, 'op': 11, 'd': None}
[2025-11-30 20:13:45] [DEBUG   ] discord.gateway: Keeping shard ID None websocket alive with sequence 4.
[2025-11-30 20:13:45] [DEBUG   ] discord.gateway: For Shard ID None: WebSocket Event: {'t': None, 's': None, 'op': 11, 'd': None}
[2025-11-30 20:14:27] [DEBUG   ] discord.gateway: Keeping shard ID None websocket alive with sequence 4.
[2025-11-30 20:14:27] [DEBUG   ] discord.gateway: For Shard ID None: WebSocket Event: {'t': None, 's': None, 'op': 11, 'd': None}
[2025-11-30 20:15:08] [DEBUG   ] discord.gateway: Keeping shard ID None websocket alive with sequence 4.
[2025-11-30 20:15:08] [DEBUG   ] discord.gateway: For Shard ID None: WebSocket Event: {'t': None, 's': None, 'op': 11, 'd': None}
[2025-11-30 20:15:49] [DEBUG   ] discord.gateway: Keeping shard ID None websocket alive with sequence 4.
[2025-11-30 20:15:49] [DEBUG   ] discord.gateway: For Shard ID None: WebSocket Event: {'t': None, 's': None, 'op': 11, 'd': None}
[2025-11-30 20:16:30] [DEBUG   ] discord.gateway: Keeping shard ID None websocket alive with sequence 4.
[2025-11-30 20:16:30] [DEBUG   ] discord.gateway: For Shard ID None: WebSocket Event: {'t': None, 's': None, 'op': 11, 'd': None}
[2025-11-30 20:17:12] [DEBUG   ] discord.gateway: Keeping shard ID None websocket alive with sequence 4.
[2025-11-30 20:17:12] [DEBUG   ] discord.gateway: For Shard ID None: WebSocket Event: {'t': None, 's': None, 'op': 11, 'd': None}
[2025-11-30 20:17:53] [DEBUG   ] discord.gateway: Keeping shard ID None websocket alive with sequence 4.
[2025-11-30 20:17:53] [DEBUG   ] discord.gateway: For Shard ID None: WebSocket Event: {'t': None, 's': None, 'op': 11, 'd': None}
[2025-11-30 20:18:34] [DEBUG   ] discord.gateway: Keeping shard ID None websocket alive with sequence 4.
[2025-11-30 20:18:34] [DEBUG   ] discord.gateway: For Shard ID None: WebSocket Event: {'t': None, 's': None, 'op': 11, 'd': None}
[2025-11-30 20:19:15] [DEBUG   ] discord.gateway: Keeping shard ID None websocket alive with sequence 4.
[2025-11-30 20:19:16] [DEBUG   ] discord.gateway: For Shard ID None: WebSocket Event: {'t': None, 's': None, 'op': 11, 'd': None}
[2025-11-30 20:19:57] [DEBUG   ] discord.gateway: Keeping shard ID None websocket alive with sequence 4.
[2025-11-30 20:19:57] [DEBUG   ] discord.gateway: For Shard ID None: WebSocket Event: {'t': None, 's': None, 'op': 11, 'd': None}
[2025-11-30 20:20:38] [DEBUG   ] discord.gateway: Keeping shard ID None websocket alive with sequence 4.
[2025-11-30 20:20:38] [DEBUG   ] discord.gateway: For Shard ID None: WebSocket Event: {'t': None, 's': None, 'op': 11, 'd': None}
[2025-11-30 20:21:19] [DEBUG   ] discord.gateway: Keeping shard ID None websocket alive with sequence 4.
[2025-11-30 20:21:19] [DEBUG   ] discord.gateway: For Shard ID None: WebSocket Event: {'t': None, 's': None, 'op': 11, 'd': None}
[2025-11-30 20:22:00] [DEBUG   ] discord.gateway: Keeping shard ID None websocket alive with sequence 4.
[2025-11-30 20:22:01] [DEBUG   ] discord.gateway: For Shard ID None: WebSocket Event: {'t': None, 's': None, 'op': 11, 'd': None}
[2025-11-30 20:22:42] [DEBUG   ] discord.gateway: Keeping shard ID None websocket alive with sequence 4.
[2025-11-30 20:22:42] [DEBUG   ] discord.gateway: For Shard ID None: WebSocket Event: {'t': None, 's': None, 'op': 11, 'd': None}
[2025-11-30 20:23:23] [DEBUG   ] discord.gateway: Keeping shard ID None websocket alive with sequence 4.
[2025-11-30 20:23:23] [DEBUG   ] discord.gateway: For Shard ID None: WebSocket Event: {'t': None, 's': None, 'op': 11, 'd': None}
[2025-11-30 20:24:04] [DEBUG   ] discord.gateway: Keeping shard ID None websocket alive with sequence 4.
[2025-11-30 20:24:04] [DEBUG   ] discord.gateway: For Shard ID None: WebSocket Event: {'t': None, 's': None, 'op': 11, 'd': None}
[2025-11-30 20:24:45] [DEBUG   ] discord.gateway: Keeping shard ID None websocket alive with sequence 4.
[2025-11-30 20:24:46] [DEBUG   ] discord.gateway: For Shard ID None: WebSocket Event: {'t': None, 's': None, 'op': 11, 'd': None}
[2025-11-30 20:25:27] [DEBUG   ] discord.gateway: Keeping shard ID None websocket alive with sequence 4.
[2025-11-30 20:25:27] [DEBUG   ] discord.gateway: For Shard ID None: WebSocket Event: {'t': None, 's': None, 'op': 11, 'd': None}
[2025-11-30 20:26:08] [DEBUG   ] discord.gateway: Keeping shard ID None websocket alive with sequence 4.
[2025-11-30 20:26:08] [DEBUG   ] discord.gateway: For Shard ID None: WebSocket Event: {'t': None, 's': None, 'op': 11, 'd': None}
[2025-11-30 20:26:49] [DEBUG   ] discord.gateway: Keeping shard ID None websocket alive with sequence 4.
[2025-11-30 20:26:49] [DEBUG   ] discord.gateway: For Shard ID None: WebSocket Event: {'t': None, 's': None, 'op': 11, 'd': None}
[2025-11-30 20:27:30] [DEBUG   ] discord.gateway: Keeping shard ID None websocket alive with sequence 4.
[2025-11-30 20:27:31] [DEBUG   ] discord.gateway: For Shard ID None: WebSocket Event: {'t': None, 's': None, 'op': 11, 'd': None}
[2025-11-30 20:28:12] [DEBUG   ] discord.gateway: Keeping shard ID None websocket alive with sequence 4.
[2025-11-30 20:28:12] [DEBUG   ] discord.gateway: For Shard ID None: WebSocket Event: {'t': None, 's': None, 'op': 11, 'd': None}
[2025-11-30 20:28:53] [DEBUG   ] discord.gateway: Keeping shard ID None websocket alive with sequence 4.
[2025-11-30 20:28:53] [DEBUG   ] discord.gateway: For Shard ID None: WebSocket Event: {'t': None, 's': None, 'op': 11, 'd': None}
[2025-11-30 20:29:34] [DEBUG   ] discord.gateway: Keeping shard ID None websocket alive with sequence 4.
[2025-11-30 20:29:34] [DEBUG   ] discord.gateway: For Shard ID None: WebSocket Event: {'t': None, 's': None, 'op': 11, 'd': None}
[2025-11-30 20:30:16] [DEBUG   ] discord.gateway: Keeping shard ID None websocket alive with sequence 4.
[2025-11-30 20:30:16] [DEBUG   ] discord.gateway: For Shard ID None: WebSocket Event: {'t': None, 's': None, 'op': 11, 'd': None}
[2025-11-30 20:30:57] [DEBUG   ] discord.gateway: Keeping shard ID None websocket alive with sequence 4.
[2025-11-30 20:30:57] [DEBUG   ] discord.gateway: For Shard ID None: WebSocket Event: {'t': None, 's': None, 'op': 11, 'd': None}
[2025-11-30 20:31:38] [DEBUG   ] discord.gateway: Keeping shard ID None websocket alive with sequence 4.
[2025-11-30 20:31:38] [DEBUG   ] discord.gateway: For Shard ID None: WebSocket Event: {'t': None, 's': None, 'op': 11, 'd': None}
[2025-11-30 20:32:19] [DEBUG   ] discord.gateway: Keeping shard ID None websocket alive with sequence 4.
[2025-11-30 20:32:19] [DEBUG   ] discord.gateway: For Shard ID None: WebSocket Event: {'t': None, 's': None, 'op': 11, 'd': None}
[2025-11-30 20:33:01] [DEBUG   ] discord.gateway: Keeping shard ID None websocket alive with sequence 4.
[2025-11-30 20:33:01] [DEBUG   ] discord.gateway: For Shard ID None: WebSocket Event: {'t': None, 's': None, 'op': 11, 'd': None}
[2025-11-30 20:33:42] [DEBUG   ] discord.gateway: Keeping shard ID None websocket alive with sequence 4.
[2025-11-30 20:33:42] [DEBUG   ] discord.gateway: For Shard ID None: WebSocket Event: {'t': None, 's': None, 'op': 11, 'd': None}
[2025-11-30 20:34:23] [DEBUG   ] discord.gateway: Keeping shard ID None websocket alive with sequence 4.
[2025-11-30 20:34:23] [DEBUG   ] discord.gateway: For Shard ID None: WebSocket Event: {'t': None, 's': None, 'op': 11, 'd': None}
[2025-11-30 20:35:04] [DEBUG   ] discord.gateway: Keeping shard ID None websocket alive with sequence 4.
[2025-11-30 20:35:04] [DEBUG   ] discord.gateway: For Shard ID None: WebSocket Event: {'t': None, 's': None, 'op': 11, 'd': None}
[2025-11-30 20:35:46] [DEBUG   ] discord.gateway: Keeping shard ID None websocket alive with sequence 4.
[2025-11-30 20:35:46] [DEBUG   ] discord.gateway: For Shard ID None: WebSocket Event: {'t': None, 's': None, 'op': 11, 'd': None}
[2025-11-30 20:36:27] [DEBUG   ] discord.gateway: Keeping shard ID None websocket alive with sequence 4.
[2025-11-30 20:36:27] [DEBUG   ] discord.gateway: For Shard ID None: WebSocket Event: {'t': None, 's': None, 'op': 11, 'd': None}
[2025-11-30 20:37:08] [DEBUG   ] discord.gateway: Keeping shard ID None websocket alive with sequence 4.
[2025-11-30 20:37:08] [DEBUG   ] discord.gateway: For Shard ID None: WebSocket Event: {'t': None, 's': None, 'op': 11, 'd': None}
[2025-11-30 20:37:49] [DEBUG   ] discord.gateway: Keeping shard ID None websocket alive with sequence 4.
[2025-11-30 20:37:49] [DEBUG   ] discord.gateway: For Shard ID None: WebSocket Event: {'t': None, 's': None, 'op': 11, 'd': None}
[2025-11-30 20:38:31] [DEBUG   ] discord.gateway: Keeping shard ID None websocket alive with sequence 4.
[2025-11-30 20:38:31] [DEBUG   ] discord.gateway: For Shard ID None: WebSocket Event: {'t': None, 's': None, 'op': 11, 'd': None}
[2025-11-30 20:39:12] [DEBUG   ] discord.gateway: Keeping shard ID None websocket alive with sequence 4.
[2025-11-30 20:39:12] [DEBUG   ] discord.gateway: For Shard ID None: WebSocket Event: {'t': None, 's': None, 'op': 11, 'd': None}
[2025-11-30 20:39:53] [DEBUG   ] discord.gateway: Keeping shard ID None websocket alive with sequence 4.
[2025-11-30 20:39:53] [DEBUG   ] discord.gateway: For Shard ID None: WebSocket Event: {'t': None, 's': None, 'op': 11, 'd': None}
[2025-11-30 20:40:34] [DEBUG   ] discord.gateway: Keeping shard ID None websocket alive with sequence 4.
[2025-11-30 20:40:35] [DEBUG   ] discord.gateway: For Shard ID None: WebSocket Event: {'t': None, 's': None, 'op': 11, 'd': None}
[2025-11-30 20:41:16] [DEBUG   ] discord.gateway: Keeping shard ID None websocket alive with sequence 4.
[2025-11-30 20:41:16] [DEBUG   ] discord.gateway: For Shard ID None: WebSocket Event: {'t': None, 's': None, 'op': 11, 'd': None}
[2025-11-30 20:41:57] [DEBUG   ] discord.gateway: Keeping shard ID None websocket alive with sequence 4.
[2025-11-30 20:41:57] [DEBUG   ] discord.gateway: For Shard ID None: WebSocket Event: {'t': None, 's': None, 'op': 11, 'd': None}
[2025-11-30 20:42:38] [DEBUG   ] discord.gateway: Keeping shard ID None websocket alive with sequence 4.
[2025-11-30 20:42:38] [DEBUG   ] discord.gateway: For Shard ID None: WebSocket Event: {'t': None, 's': None, 'op': 11, 'd': None}
[2025-11-30 20:43:19] [DEBUG   ] discord.gateway: Keeping shard ID None websocket alive with sequence 4.
[2025-11-30 20:43:20] [DEBUG   ] discord.gateway: For Shard ID None: WebSocket Event: {'t': None, 's': None, 'op': 11, 'd': None}
[2025-11-30 20:44:01] [DEBUG   ] discord.gateway: Keeping shard ID None websocket alive with sequence 4.
[2025-11-30 20:44:01] [DEBUG   ] discord.gateway: For Shard ID None: WebSocket Event: {'t': None, 's': None, 'op': 11, 'd': None}
[2025-11-30 20:44:42] [DEBUG   ] discord.gateway: Keeping shard ID None websocket alive with sequence 4.
[2025-11-30 20:44:42] [DEBUG   ] discord.gateway: For Shard ID None: WebSocket Event: {'t': None, 's': None, 'op': 11, 'd': None}
[2025-11-30 20:45:23] [DEBUG   ] discord.gateway: Keeping shard ID None websocket alive with sequence 4.
[2025-11-30 20:45:23] [DEBUG   ] discord.gateway: For Shard ID None: WebSocket Event: {'t': None, 's': None, 'op': 11, 'd': None}
[2025-11-30 20:46:04] [DEBUG   ] discord.gateway: Keeping shard ID None websocket alive with sequence 4.
[2025-11-30 20:46:05] [DEBUG   ] discord.gateway: For Shard ID None: WebSocket Event: {'t': None, 's': None, 'op': 11, 'd': None}
[2025-11-30 20:46:46] [DEBUG   ] discord.gateway: Keeping shard ID None websocket alive with sequence 4.
[2025-11-30 20:46:46] [DEBUG   ] discord.gateway: For Shard ID None: WebSocket Event: {'t': None, 's': None, 'op': 11, 'd': None}
[2025-11-30 20:47:27] [DEBUG   ] discord.gateway: Keeping shard ID None websocket alive with sequence 4.
[2025-11-30 20:47:27] [DEBUG   ] discord.gateway: For Shard ID None: WebSocket Event: {'t': None, 's': None, 'op': 11, 'd': None}
[2025-11-30 20:48:08] [DEBUG   ] discord.gateway: Keeping shard ID None websocket alive with sequence 4.
[2025-11-30 20:48:08] [DEBUG   ] discord.gateway: For Shard ID None: WebSocket Event: {'t': None, 's': None, 'op': 11, 'd': None}
[2025-11-30 20:48:50] [DEBUG   ] discord.gateway: Keeping shard ID None websocket alive with sequence 4.
[2025-11-30 20:48:50] [DEBUG   ] discord.gateway: For Shard ID None: WebSocket Event: {'t': None, 's': None, 'op': 11, 'd': None}
[2025-11-30 20:49:31] [DEBUG   ] discord.gateway: Keeping shard ID None websocket alive with sequence 4.
[2025-11-30 20:49:31] [DEBUG   ] discord.gateway: For Shard ID None: WebSocket Event: {'t': None, 's': None, 'op': 11, 'd': None}
[2025-11-30 20:50:12] [DEBUG   ] discord.gateway: Keeping shard ID None websocket alive with sequence 4.
[2025-11-30 20:50:12] [DEBUG   ] discord.gateway: For Shard ID None: WebSocket Event: {'t': None, 's': None, 'op': 11, 'd': None}
[2025-11-30 20:50:53] [DEBUG   ] discord.gateway: Keeping shard ID None websocket alive with sequence 4.
[2025-11-30 20:50:53] [DEBUG   ] discord.gateway: For Shard ID None: WebSocket Event: {'t': None, 's': None, 'op': 11, 'd': None}
[2025-11-30 20:51:35] [DEBUG   ] discord.gateway: Keeping shard ID None websocket alive with sequence 4.
[2025-11-30 20:51:35] [DEBUG   ] discord.gateway: For Shard ID None: WebSocket Event: {'t': None, 's': None, 'op': 11, 'd': None}
[2025-11-30 20:52:16] [DEBUG   ] discord.gateway: Keeping shard ID None websocket alive with sequence 4.
[2025-11-30 20:52:16] [DEBUG   ] discord.gateway: For Shard ID None: WebSocket Event: {'t': None, 's': None, 'op': 11, 'd': None}
[2025-11-30 20:52:57] [DEBUG   ] discord.gateway: Keeping shard ID None websocket alive with sequence 4.
[2025-11-30 20:52:57] [DEBUG   ] discord.gateway: For Shard ID None: WebSocket Event: {'t': None, 's': None, 'op': 11, 'd': None}
[2025-11-30 20:53:38] [DEBUG   ] discord.gateway: Keeping shard ID None websocket alive with sequence 4.
[2025-11-30 20:53:38] [DEBUG   ] discord.gateway: For Shard ID None: WebSocket Event: {'t': None, 's': None, 'op': 11, 'd': None}
[2025-11-30 20:54:20] [DEBUG   ] discord.gateway: Keeping shard ID None websocket alive with sequence 4.
[2025-11-30 20:54:20] [DEBUG   ] discord.gateway: For Shard ID None: WebSocket Event: {'t': None, 's': None, 'op': 11, 'd': None}
[2025-11-30 20:55:01] [DEBUG   ] discord.gateway: Keeping shard ID None websocket alive with sequence 4.
[2025-11-30 20:55:01] [DEBUG   ] discord.gateway: For Shard ID None: WebSocket Event: {'t': None, 's': None, 'op': 11, 'd': None}
[2025-11-30 20:55:42] [DEBUG   ] discord.gateway: Keeping shard ID None websocket alive with sequence 4.
[2025-11-30 20:55:42] [DEBUG   ] discord.gateway: For Shard ID None: WebSocket Event: {'t': None, 's': None, 'op': 11, 'd': None}
[2025-11-30 20:56:23] [DEBUG   ] discord.gateway: Keeping shard ID None websocket alive with sequence 4.
[2025-11-30 20:56:23] [DEBUG   ] discord.gateway: For Shard ID None: WebSocket Event: {'t': None, 's': None, 'op': 11, 'd': None}
[2025-11-30 20:57:05] [DEBUG   ] discord.gateway: Keeping shard ID None websocket alive with sequence 4.
[2025-11-30 20:57:05] [DEBUG   ] discord.gateway: For Shard ID None: WebSocket Event: {'t': None, 's': None, 'op': 11, 'd': None}
[2025-11-30 20:57:06] [DEBUG   ] discord.gateway: For Shard ID None: WebSocket Event: {'t': None, 's': None, 'op': 7, 'd': None}
[2025-11-30 20:57:06] [DEBUG   ] discord.gateway: Received RECONNECT opcode.
[2025-11-30 20:57:06] [DEBUG   ] discord.client: Got a request to RESUME the websocket.
[2025-11-30 20:57:06] [DEBUG   ] discord.client: Dispatching event disconnect
[2025-11-30 20:57:07] [DEBUG   ] discord.gateway: Created websocket connected to wss://gateway-us-east1-d.discord.gg
[2025-11-30 20:57:07] [DEBUG   ] discord.gateway: For Shard ID None: WebSocket Event: {'t': None, 's': None, 'op': 10, 'd': {'heartbeat_interval': 41250, '_trace': ['["gateway-prd-arm-us-east1-d-0cqf",{"micros":0.0}]']}}
[2025-11-30 20:57:07] [DEBUG   ] discord.gateway: Shard ID None has sent the RESUME payload.
[2025-11-30 20:57:07] [DEBUG   ] discord.gateway: For Shard ID None: WebSocket Event: {'t': None, 's': None, 'op': 11, 'd': None}
[2025-11-30 20:57:07] [DEBUG   ] discord.gateway: For Shard ID None: WebSocket Event: {'t': 'RESUMED', 's': 5, 'op': 0, 'd': {'_trace': ['["gateway-prd-arm-us-east1-d-0cqf",{"micros":441,"calls":["id_created",{"micros":0,"calls":[]},"session_lookup_time",{"micros":190,"calls":[]},"session_lookup_finished",{"micros":8,"calls":[]},"discord-sessions-prd-2-18",{"micros":13}]}]']}}
[2025-11-30 20:57:07] [DEBUG   ] discord.client: Dispatching event socket_event_type
[2025-11-30 20:57:07] [INFO    ] discord.gateway: Shard ID None has successfully RESUMED session f46272ed82ba3b77b7697ec680b8a6c7.
[2025-11-30 20:57:07] [DEBUG   ] discord.client: Dispatching event resumed
[2025-11-30 20:57:48] [DEBUG   ] discord.gateway: Keeping shard ID None websocket alive with sequence 5.
[2025-11-30 20:57:48] [DEBUG   ] discord.gateway: For Shard ID None: WebSocket Event: {'t': None, 's': None, 'op': 11, 'd': None}
[2025-11-30 20:58:29] [DEBUG   ] discord.gateway: Keeping shard ID None websocket alive with sequence 5.
[2025-11-30 20:58:29] [DEBUG   ] discord.gateway: For Shard ID None: WebSocket Event: {'t': None, 's': None, 'op': 11, 'd': None}
[2025-11-30 20:59:10] [DEBUG   ] discord.gateway: Keeping shard ID None websocket alive with sequence 5.
[2025-11-30 20:59:10] [DEBUG   ] discord.gateway: For Shard ID None: WebSocket Event: {'t': None, 's': None, 'op': 11, 'd': None}
[2025-11-30 20:59:52] [DEBUG   ] discord.gateway: Keeping shard ID None websocket alive with sequence 5.
[2025-11-30 20:59:52] [DEBUG   ] discord.gateway: For Shard ID None: WebSocket Event: {'t': None, 's': None, 'op': 11, 'd': None}
[2025-11-30 21:00:33] [DEBUG   ] discord.gateway: Keeping shard ID None websocket alive with sequence 5.
[2025-11-30 21:00:33] [DEBUG   ] discord.gateway: For Shard ID None: WebSocket Event: {'t': None, 's': None, 'op': 11, 'd': None}
[2025-11-30 21:01:14] [DEBUG   ] discord.gateway: Keeping shard ID None websocket alive with sequence 5.
[2025-11-30 21:01:14] [DEBUG   ] discord.gateway: For Shard ID None: WebSocket Event: {'t': None, 's': None, 'op': 11, 'd': None}
[2025-11-30 21:01:55] [DEBUG   ] discord.gateway: Keeping shard ID None websocket alive with sequence 5.
[2025-11-30 21:01:56] [DEBUG   ] discord.gateway: For Shard ID None: WebSocket Event: {'t': None, 's': None, 'op': 11, 'd': None}
[2025-11-30 21:02:37] [DEBUG   ] discord.gateway: Keeping shard ID None websocket alive with sequence 5.
[2025-11-30 21:02:37] [DEBUG   ] discord.gateway: For Shard ID None: WebSocket Event: {'t': None, 's': None, 'op': 11, 'd': None}
[2025-11-30 21:03:18] [DEBUG   ] discord.gateway: Keeping shard ID None websocket alive with sequence 5.
[2025-11-30 21:03:18] [DEBUG   ] discord.gateway: For Shard ID None: WebSocket Event: {'t': None, 's': None, 'op': 11, 'd': None}
[2025-11-30 21:03:59] [DEBUG   ] discord.gateway: Keeping shard ID None websocket alive with sequence 5.
[2025-11-30 21:03:59] [DEBUG   ] discord.gateway: For Shard ID None: WebSocket Event: {'t': None, 's': None, 'op': 11, 'd': None}
[2025-11-30 21:04:40] [DEBUG   ] discord.gateway: Keeping shard ID None websocket alive with sequence 5.
[2025-11-30 21:04:41] [DEBUG   ] discord.gateway: For Shard ID None: WebSocket Event: {'t': None, 's': None, 'op': 11, 'd': None}
[2025-11-30 21:05:22] [DEBUG   ] discord.gateway: Keeping shard ID None websocket alive with sequence 5.
[2025-11-30 21:05:22] [DEBUG   ] discord.gateway: For Shard ID None: WebSocket Event: {'t': None, 's': None, 'op': 11, 'd': None}
[2025-11-30 21:06:03] [DEBUG   ] discord.gateway: Keeping shard ID None websocket alive with sequence 5.
[2025-11-30 21:06:03] [DEBUG   ] discord.gateway: For Shard ID None: WebSocket Event: {'t': None, 's': None, 'op': 11, 'd': None}
[2025-11-30 21:06:44] [DEBUG   ] discord.gateway: Keeping shard ID None websocket alive with sequence 5.
[2025-11-30 21:06:44] [DEBUG   ] discord.gateway: For Shard ID None: WebSocket Event: {'t': None, 's': None, 'op': 11, 'd': None}
[2025-11-30 21:07:25] [DEBUG   ] discord.gateway: Keeping shard ID None websocket alive with sequence 5.
[2025-11-30 21:07:26] [DEBUG   ] discord.gateway: For Shard ID None: WebSocket Event: {'t': None, 's': None, 'op': 11, 'd': None}
[2025-11-30 21:08:07] [DEBUG   ] discord.gateway: Keeping shard ID None websocket alive with sequence 5.
[2025-11-30 21:08:07] [DEBUG   ] discord.gateway: For Shard ID None: WebSocket Event: {'t': None, 's': None, 'op': 11, 'd': None}
[2025-11-30 21:08:48] [DEBUG   ] discord.gateway: Keeping shard ID None websocket alive with sequence 5.
[2025-11-30 21:08:48] [DEBUG   ] discord.gateway: For Shard ID None: WebSocket Event: {'t': None, 's': None, 'op': 11, 'd': None}
[2025-11-30 21:09:29] [DEBUG   ] discord.gateway: Keeping shard ID None websocket alive with sequence 5.
[2025-11-30 21:09:29] [DEBUG   ] discord.gateway: For Shard ID None: WebSocket Event: {'t': None, 's': None, 'op': 11, 'd': None}
[2025-11-30 21:10:10] [DEBUG   ] discord.gateway: Keeping shard ID None websocket alive with sequence 5.
[2025-11-30 21:10:11] [DEBUG   ] discord.gateway: For Shard ID None: WebSocket Event: {'t': None, 's': None, 'op': 11, 'd': None}
[2025-11-30 21:10:52] [DEBUG   ] discord.gateway: Keeping shard ID None websocket alive with sequence 5.
[2025-11-30 21:10:52] [DEBUG   ] discord.gateway: For Shard ID None: WebSocket Event: {'t': None, 's': None, 'op': 11, 'd': None}
